{"/Users/DKAdmin/Documents/LangChef/frontend/src/App.js": {"path":"/Users/DKAdmin/Documents/LangChef/frontend/src/App.js","statementMap":{"0":{"start":{"line":31,"column":2},"end":{"line":59,"column":4}}},"fnMap":{"0":{"name":"App","decl":{"start":{"line":30,"column":9},"end":{"line":30,"column":12}},"loc":{"start":{"line":30,"column":15},"end":{"line":60,"column":1}},"line":30}},"branchMap":{},"s":{"0":0},"f":{"0":0},"b":{}}
,"/Users/DKAdmin/Documents/LangChef/frontend/src/index.js": {"path":"/Users/DKAdmin/Documents/LangChef/frontend/src/index.js","statementMap":{"0":{"start":{"line":9,"column":13},"end":{"line":9,"column":65}},"1":{"start":{"line":10,"column":0},"end":{"line":18,"column":2}},"2":{"start":{"line":23,"column":0},"end":{"line":23,"column":18}}},"fnMap":{},"branchMap":{},"s":{"0":0,"1":0,"2":0},"f":{},"b":{}}
,"/Users/DKAdmin/Documents/LangChef/frontend/src/reportWebVitals.js": {"path":"/Users/DKAdmin/Documents/LangChef/frontend/src/reportWebVitals.js","statementMap":{"0":{"start":{"line":1,"column":24},"end":{"line":11,"column":1}},"1":{"start":{"line":2,"column":2},"end":{"line":10,"column":3}},"2":{"start":{"line":3,"column":4},"end":{"line":9,"column":7}},"3":{"start":{"line":4,"column":6},"end":{"line":4,"column":26}},"4":{"start":{"line":5,"column":6},"end":{"line":5,"column":26}},"5":{"start":{"line":6,"column":6},"end":{"line":6,"column":26}},"6":{"start":{"line":7,"column":6},"end":{"line":7,"column":26}},"7":{"start":{"line":8,"column":6},"end":{"line":8,"column":27}}},"fnMap":{"0":{"name":"(anonymous_0)","decl":{"start":{"line":1,"column":24},"end":{"line":1,"column":25}},"loc":{"start":{"line":1,"column":41},"end":{"line":11,"column":1}},"line":1},"1":{"name":"(anonymous_1)","decl":{"start":{"line":3,"column":30},"end":{"line":3,"column":31}},"loc":{"start":{"line":3,"column":79},"end":{"line":9,"column":5}},"line":3}},"branchMap":{"0":{"loc":{"start":{"line":2,"column":2},"end":{"line":10,"column":3}},"type":"if","locations":[{"start":{"line":2,"column":2},"end":{"line":10,"column":3}},{"start":{},"end":{}}],"line":2},"1":{"loc":{"start":{"line":2,"column":6},"end":{"line":2,"column":52}},"type":"binary-expr","locations":[{"start":{"line":2,"column":6},"end":{"line":2,"column":17}},{"start":{"line":2,"column":21},"end":{"line":2,"column":52}}],"line":2}},"s":{"0":0,"1":0,"2":0,"3":0,"4":0,"5":0,"6":0,"7":0},"f":{"0":0,"1":0},"b":{"0":[0,0],"1":[0,0]}}
,"/Users/DKAdmin/Documents/LangChef/frontend/src/components/ColumnMappingDialog.js": {"path":"/Users/DKAdmin/Documents/LangChef/frontend/src/components/ColumnMappingDialog.js","statementMap":{"0":{"start":{"line":34,"column":28},"end":{"line":299,"column":1}},"1":{"start":{"line":42,"column":42},"end":{"line":42,"column":54}},"2":{"start":{"line":43,"column":44},"end":{"line":43,"column":56}},"3":{"start":{"line":44,"column":48},"end":{"line":44,"column":60}},"4":{"start":{"line":45,"column":48},"end":{"line":45,"column":70}},"5":{"start":{"line":46,"column":28},"end":{"line":46,"column":40}},"6":{"start":{"line":49,"column":2},"end":{"line":54,"column":16}},"7":{"start":{"line":50,"column":4},"end":{"line":50,"column":37}},"8":{"start":{"line":51,"column":4},"end":{"line":51,"column":24}},"9":{"start":{"line":52,"column":4},"end":{"line":52,"column":25}},"10":{"start":{"line":53,"column":4},"end":{"line":53,"column":27}},"11":{"start":{"line":56,"column":26},"end":{"line":76,"column":3}},"12":{"start":{"line":57,"column":4},"end":{"line":57,"column":17}},"13":{"start":{"line":60,"column":4},"end":{"line":60,"column":66}},"14":{"start":{"line":60,"column":51},"end":{"line":60,"column":63}},"15":{"start":{"line":63,"column":4},"end":{"line":75,"column":5}},"16":{"start":{"line":65,"column":8},"end":{"line":65,"column":51}},"17":{"start":{"line":66,"column":8},"end":{"line":66,"column":14}},"18":{"start":{"line":68,"column":8},"end":{"line":68,"column":53}},"19":{"start":{"line":69,"column":8},"end":{"line":69,"column":14}},"20":{"start":{"line":71,"column":8},"end":{"line":71,"column":57}},"21":{"start":{"line":72,"column":8},"end":{"line":72,"column":14}},"22":{"start":{"line":74,"column":8},"end":{"line":74,"column":14}},"23":{"start":{"line":78,"column":29},"end":{"line":96,"column":3}},"24":{"start":{"line":80,"column":4},"end":{"line":92,"column":5}},"25":{"start":{"line":82,"column":8},"end":{"line":82,"column":64}},"26":{"start":{"line":82,"column":49},"end":{"line":82,"column":61}},"27":{"start":{"line":83,"column":8},"end":{"line":83,"column":14}},"28":{"start":{"line":85,"column":8},"end":{"line":85,"column":66}},"29":{"start":{"line":85,"column":51},"end":{"line":85,"column":63}},"30":{"start":{"line":86,"column":8},"end":{"line":86,"column":14}},"31":{"start":{"line":88,"column":8},"end":{"line":88,"column":70}},"32":{"start":{"line":88,"column":55},"end":{"line":88,"column":67}},"33":{"start":{"line":89,"column":8},"end":{"line":89,"column":14}},"34":{"start":{"line":91,"column":8},"end":{"line":91,"column":14}},"35":{"start":{"line":95,"column":4},"end":{"line":95,"column":53}},"36":{"start":{"line":98,"column":23},"end":{"line":113,"column":3}},"37":{"start":{"line":100,"column":4},"end":{"line":103,"column":5}},"38":{"start":{"line":101,"column":6},"end":{"line":101,"column":60}},"39":{"start":{"line":102,"column":6},"end":{"line":102,"column":13}},"40":{"start":{"line":106,"column":4},"end":{"line":112,"column":7}},"41":{"start":{"line":116,"column":27},"end":{"line":123,"column":3}},"42":{"start":{"line":117,"column":4},"end":{"line":122,"column":6}},"43":{"start":{"line":120,"column":22},"end":{"line":120,"column":54}},"44":{"start":{"line":125,"column":2},"end":{"line":298,"column":4}},"45":{"start":{"line":168,"column":44},"end":{"line":168,"column":74}},"46":{"start":{"line":188,"column":45},"end":{"line":188,"column":76}},"47":{"start":{"line":208,"column":47},"end":{"line":208,"column":80}},"48":{"start":{"line":234,"column":20},"end":{"line":267,"column":31}},"49":{"start":{"line":240,"column":43},"end":{"line":240,"column":72}},"50":{"start":{"line":250,"column":43},"end":{"line":250,"column":73}},"51":{"start":{"line":260,"column":43},"end":{"line":260,"column":75}}},"fnMap":{"0":{"name":"(anonymous_0)","decl":{"start":{"line":34,"column":28},"end":{"line":34,"column":29}},"loc":{"start":{"line":41,"column":6},"end":{"line":299,"column":1}},"line":41},"1":{"name":"(anonymous_1)","decl":{"start":{"line":49,"column":12},"end":{"line":49,"column":13}},"loc":{"start":{"line":49,"column":18},"end":{"line":54,"column":3}},"line":49},"2":{"name":"(anonymous_2)","decl":{"start":{"line":56,"column":26},"end":{"line":56,"column":27}},"loc":{"start":{"line":56,"column":44},"end":{"line":76,"column":3}},"line":56},"3":{"name":"(anonymous_3)","decl":{"start":{"line":60,"column":46},"end":{"line":60,"column":47}},"loc":{"start":{"line":60,"column":51},"end":{"line":60,"column":63}},"line":60},"4":{"name":"(anonymous_4)","decl":{"start":{"line":78,"column":29},"end":{"line":78,"column":30}},"loc":{"start":{"line":78,"column":47},"end":{"line":96,"column":3}},"line":78},"5":{"name":"(anonymous_5)","decl":{"start":{"line":82,"column":44},"end":{"line":82,"column":45}},"loc":{"start":{"line":82,"column":49},"end":{"line":82,"column":61}},"line":82},"6":{"name":"(anonymous_6)","decl":{"start":{"line":85,"column":46},"end":{"line":85,"column":47}},"loc":{"start":{"line":85,"column":51},"end":{"line":85,"column":63}},"line":85},"7":{"name":"(anonymous_7)","decl":{"start":{"line":88,"column":50},"end":{"line":88,"column":51}},"loc":{"start":{"line":88,"column":55},"end":{"line":88,"column":67}},"line":88},"8":{"name":"(anonymous_8)","decl":{"start":{"line":98,"column":23},"end":{"line":98,"column":24}},"loc":{"start":{"line":98,"column":29},"end":{"line":113,"column":3}},"line":98},"9":{"name":"(anonymous_9)","decl":{"start":{"line":116,"column":27},"end":{"line":116,"column":28}},"loc":{"start":{"line":117,"column":4},"end":{"line":122,"column":6}},"line":117},"10":{"name":"(anonymous_10)","decl":{"start":{"line":120,"column":16},"end":{"line":120,"column":17}},"loc":{"start":{"line":120,"column":22},"end":{"line":120,"column":54}},"line":120},"11":{"name":"(anonymous_11)","decl":{"start":{"line":168,"column":37},"end":{"line":168,"column":38}},"loc":{"start":{"line":168,"column":44},"end":{"line":168,"column":74}},"line":168},"12":{"name":"(anonymous_12)","decl":{"start":{"line":188,"column":38},"end":{"line":188,"column":39}},"loc":{"start":{"line":188,"column":45},"end":{"line":188,"column":76}},"line":188},"13":{"name":"(anonymous_13)","decl":{"start":{"line":208,"column":40},"end":{"line":208,"column":41}},"loc":{"start":{"line":208,"column":47},"end":{"line":208,"column":80}},"line":208},"14":{"name":"(anonymous_14)","decl":{"start":{"line":233,"column":38},"end":{"line":233,"column":39}},"loc":{"start":{"line":234,"column":20},"end":{"line":267,"column":31}},"line":234},"15":{"name":"(anonymous_15)","decl":{"start":{"line":240,"column":37},"end":{"line":240,"column":38}},"loc":{"start":{"line":240,"column":43},"end":{"line":240,"column":72}},"line":240},"16":{"name":"(anonymous_16)","decl":{"start":{"line":250,"column":37},"end":{"line":250,"column":38}},"loc":{"start":{"line":250,"column":43},"end":{"line":250,"column":73}},"line":250},"17":{"name":"(anonymous_17)","decl":{"start":{"line":260,"column":37},"end":{"line":260,"column":38}},"loc":{"start":{"line":260,"column":43},"end":{"line":260,"column":75}},"line":260}},"branchMap":{"0":{"loc":{"start":{"line":38,"column":2},"end":{"line":38,"column":14}},"type":"default-arg","locations":[{"start":{"line":38,"column":12},"end":{"line":38,"column":14}}],"line":38},"1":{"loc":{"start":{"line":63,"column":4},"end":{"line":75,"column":5}},"type":"switch","locations":[{"start":{"line":64,"column":6},"end":{"line":66,"column":14}},{"start":{"line":67,"column":6},"end":{"line":69,"column":14}},{"start":{"line":70,"column":6},"end":{"line":72,"column":14}},{"start":{"line":73,"column":6},"end":{"line":74,"column":14}}],"line":63},"2":{"loc":{"start":{"line":80,"column":4},"end":{"line":92,"column":5}},"type":"switch","locations":[{"start":{"line":81,"column":6},"end":{"line":83,"column":14}},{"start":{"line":84,"column":6},"end":{"line":86,"column":14}},{"start":{"line":87,"column":6},"end":{"line":89,"column":14}},{"start":{"line":90,"column":6},"end":{"line":91,"column":14}}],"line":80},"3":{"loc":{"start":{"line":100,"column":4},"end":{"line":103,"column":5}},"type":"if","locations":[{"start":{"line":100,"column":4},"end":{"line":103,"column":5}},{"start":{},"end":{}}],"line":100},"4":{"loc":{"start":{"line":137,"column":11},"end":{"line":137,"column":39}},"type":"binary-expr","locations":[{"start":{"line":137,"column":11},"end":{"line":137,"column":22}},{"start":{"line":137,"column":26},"end":{"line":137,"column":39}}],"line":137},"5":{"loc":{"start":{"line":142,"column":9},"end":{"line":146,"column":9}},"type":"binary-expr","locations":[{"start":{"line":142,"column":9},"end":{"line":142,"column":14}},{"start":{"line":143,"column":10},"end":{"line":145,"column":18}}],"line":142},"6":{"loc":{"start":{"line":167,"column":19},"end":{"line":173,"column":19}},"type":"cond-expr","locations":[{"start":{"line":168,"column":20},"end":{"line":168,"column":75}},{"start":{"line":170,"column":20},"end":{"line":172,"column":33}}],"line":167},"7":{"loc":{"start":{"line":187,"column":19},"end":{"line":193,"column":19}},"type":"cond-expr","locations":[{"start":{"line":188,"column":20},"end":{"line":188,"column":77}},{"start":{"line":190,"column":20},"end":{"line":192,"column":33}}],"line":187},"8":{"loc":{"start":{"line":207,"column":19},"end":{"line":213,"column":19}},"type":"cond-expr","locations":[{"start":{"line":208,"column":20},"end":{"line":208,"column":81}},{"start":{"line":210,"column":20},"end":{"line":212,"column":33}}],"line":207},"9":{"loc":{"start":{"line":227,"column":53},"end":{"line":227,"column":104}},"type":"cond-expr","locations":[{"start":{"line":227,"column":84},"end":{"line":227,"column":92}},{"start":{"line":227,"column":95},"end":{"line":227,"column":104}}],"line":227},"10":{"loc":{"start":{"line":232,"column":17},"end":{"line":276,"column":17}},"type":"cond-expr","locations":[{"start":{"line":233,"column":18},"end":{"line":268,"column":20}},{"start":{"line":270,"column":18},"end":{"line":275,"column":29}}],"line":232}},"s":{"0":0,"1":0,"2":0,"3":0,"4":0,"5":0,"6":0,"7":0,"8":0,"9":0,"10":0,"11":0,"12":0,"13":0,"14":0,"15":0,"16":0,"17":0,"18":0,"19":0,"20":0,"21":0,"22":0,"23":0,"24":0,"25":0,"26":0,"27":0,"28":0,"29":0,"30":0,"31":0,"32":0,"33":0,"34":0,"35":0,"36":0,"37":0,"38":0,"39":0,"40":0,"41":0,"42":0,"43":0,"44":0,"45":0,"46":0,"47":0,"48":0,"49":0,"50":0,"51":0},"f":{"0":0,"1":0,"2":0,"3":0,"4":0,"5":0,"6":0,"7":0,"8":0,"9":0,"10":0,"11":0,"12":0,"13":0,"14":0,"15":0,"16":0,"17":0},"b":{"0":[0],"1":[0,0,0,0],"2":[0,0,0,0],"3":[0,0],"4":[0,0],"5":[0,0],"6":[0,0],"7":[0,0],"8":[0,0],"9":[0,0],"10":[0,0]}}
,"/Users/DKAdmin/Documents/LangChef/frontend/src/components/Dashboard.js": {"path":"/Users/DKAdmin/Documents/LangChef/frontend/src/components/Dashboard.js","statementMap":{"0":{"start":{"line":6,"column":18},"end":{"line":57,"column":1}},"1":{"start":{"line":7,"column":19},"end":{"line":7,"column":28}},"2":{"start":{"line":9,"column":2},"end":{"line":56,"column":4}}},"fnMap":{"0":{"name":"(anonymous_0)","decl":{"start":{"line":6,"column":18},"end":{"line":6,"column":19}},"loc":{"start":{"line":6,"column":24},"end":{"line":57,"column":1}},"line":6}},"branchMap":{"0":{"loc":{"start":{"line":14,"column":58},"end":{"line":14,"column":83}},"type":"binary-expr","locations":[{"start":{"line":14,"column":58},"end":{"line":14,"column":73}},{"start":{"line":14,"column":77},"end":{"line":14,"column":83}}],"line":14}},"s":{"0":0,"1":0,"2":0},"f":{"0":0},"b":{"0":[0,0]}}
,"/Users/DKAdmin/Documents/LangChef/frontend/src/components/DatasetSchemaInfo.js": {"path":"/Users/DKAdmin/Documents/LangChef/frontend/src/components/DatasetSchemaInfo.js","statementMap":{"0":{"start":{"line":21,"column":26},"end":{"line":206,"column":1}},"1":{"start":{"line":22,"column":2},"end":{"line":205,"column":4}}},"fnMap":{"0":{"name":"(anonymous_0)","decl":{"start":{"line":21,"column":26},"end":{"line":21,"column":27}},"loc":{"start":{"line":21,"column":32},"end":{"line":206,"column":1}},"line":21}},"branchMap":{},"s":{"0":0,"1":0},"f":{"0":0},"b":{}}
,"/Users/DKAdmin/Documents/LangChef/frontend/src/components/Layout.js": {"path":"/Users/DKAdmin/Documents/LangChef/frontend/src/components/Layout.js","statementMap":{"0":{"start":{"line":37,"column":20},"end":{"line":37,"column":23}},"1":{"start":{"line":39,"column":18},"end":{"line":47,"column":1}},"2":{"start":{"line":50,"column":16},"end":{"line":50,"column":26}},"3":{"start":{"line":51,"column":26},"end":{"line":51,"column":40}},"4":{"start":{"line":52,"column":19},"end":{"line":52,"column":32}},"5":{"start":{"line":53,"column":36},"end":{"line":53,"column":53}},"6":{"start":{"line":55,"column":29},"end":{"line":57,"column":3}},"7":{"start":{"line":56,"column":4},"end":{"line":56,"column":19}},"8":{"start":{"line":59,"column":2},"end":{"line":185,"column":4}},"9":{"start":{"line":144,"column":12},"end":{"line":169,"column":23}}},"fnMap":{"0":{"name":"Layout","decl":{"start":{"line":49,"column":9},"end":{"line":49,"column":15}},"loc":{"start":{"line":49,"column":18},"end":{"line":186,"column":1}},"line":49},"1":{"name":"(anonymous_1)","decl":{"start":{"line":55,"column":29},"end":{"line":55,"column":30}},"loc":{"start":{"line":55,"column":35},"end":{"line":57,"column":3}},"line":55},"2":{"name":"(anonymous_2)","decl":{"start":{"line":143,"column":25},"end":{"line":143,"column":26}},"loc":{"start":{"line":144,"column":12},"end":{"line":169,"column":23}},"line":144}},"branchMap":{"0":{"loc":{"start":{"line":69,"column":14},"end":{"line":76,"column":11}},"type":"binary-expr","locations":[{"start":{"line":69,"column":14},"end":{"line":69,"column":18}},{"start":{"line":69,"column":22},"end":{"line":76,"column":11}}],"line":69},"1":{"loc":{"start":{"line":87,"column":18},"end":{"line":87,"column":45}},"type":"binary-expr","locations":[{"start":{"line":87,"column":18},"end":{"line":87,"column":22}},{"start":{"line":87,"column":26},"end":{"line":87,"column":45}}],"line":87},"2":{"loc":{"start":{"line":95,"column":26},"end":{"line":95,"column":90}},"type":"cond-expr","locations":[{"start":{"line":95,"column":44},"end":{"line":95,"column":66}},{"start":{"line":95,"column":69},"end":{"line":95,"column":90}}],"line":95},"3":{"loc":{"start":{"line":97,"column":15},"end":{"line":97,"column":74}},"type":"cond-expr","locations":[{"start":{"line":97,"column":33},"end":{"line":97,"column":52}},{"start":{"line":97,"column":55},"end":{"line":97,"column":74}}],"line":97},"4":{"loc":{"start":{"line":111,"column":16},"end":{"line":124,"column":13}},"type":"cond-expr","locations":[{"start":{"line":111,"column":23},"end":{"line":117,"column":13}},{"start":{"line":117,"column":16},"end":{"line":124,"column":13}}],"line":111},"5":{"loc":{"start":{"line":138,"column":13},"end":{"line":138,"column":62}},"type":"cond-expr","locations":[{"start":{"line":138,"column":20},"end":{"line":138,"column":39}},{"start":{"line":138,"column":42},"end":{"line":138,"column":62}}],"line":138},"6":{"loc":{"start":{"line":151,"column":34},"end":{"line":151,"column":61}},"type":"cond-expr","locations":[{"start":{"line":151,"column":41},"end":{"line":151,"column":50}},{"start":{"line":151,"column":53},"end":{"line":151,"column":61}}],"line":151},"7":{"loc":{"start":{"line":158,"column":24},"end":{"line":158,"column":41}},"type":"cond-expr","locations":[{"start":{"line":158,"column":31},"end":{"line":158,"column":32}},{"start":{"line":158,"column":35},"end":{"line":158,"column":41}}],"line":158},"8":{"loc":{"start":{"line":166,"column":33},"end":{"line":166,"column":45}},"type":"cond-expr","locations":[{"start":{"line":166,"column":40},"end":{"line":166,"column":41}},{"start":{"line":166,"column":44},"end":{"line":166,"column":45}}],"line":166}},"s":{"0":0,"1":0,"2":0,"3":0,"4":0,"5":0,"6":0,"7":0,"8":0,"9":0},"f":{"0":0,"1":0,"2":0},"b":{"0":[0,0],"1":[0,0],"2":[0,0],"3":[0,0],"4":[0,0],"5":[0,0],"6":[0,0],"7":[0,0],"8":[0,0]}}
,"/Users/DKAdmin/Documents/LangChef/frontend/src/components/Login.js": {"path":"/Users/DKAdmin/Documents/LangChef/frontend/src/components/Login.js","statementMap":{"0":{"start":{"line":6,"column":14},"end":{"line":99,"column":1}},"1":{"start":{"line":7,"column":66},"end":{"line":7,"column":75}},"2":{"start":{"line":8,"column":42},"end":{"line":8,"column":57}},"3":{"start":{"line":9,"column":38},"end":{"line":9,"column":52}},"4":{"start":{"line":10,"column":19},"end":{"line":10,"column":32}},"5":{"start":{"line":13,"column":15},"end":{"line":13,"column":61}},"6":{"start":{"line":16,"column":20},"end":{"line":16,"column":33}},"7":{"start":{"line":18,"column":2},"end":{"line":27,"column":57}},"8":{"start":{"line":20,"column":4},"end":{"line":26,"column":7}},"9":{"start":{"line":30,"column":2},"end":{"line":33,"column":3}},"10":{"start":{"line":31,"column":4},"end":{"line":31,"column":83}},"11":{"start":{"line":32,"column":4},"end":{"line":32,"column":42}},"12":{"start":{"line":35,"column":25},"end":{"line":49,"column":3}},"13":{"start":{"line":36,"column":4},"end":{"line":36,"column":23}},"14":{"start":{"line":37,"column":4},"end":{"line":37,"column":26}},"15":{"start":{"line":38,"column":4},"end":{"line":38,"column":24}},"16":{"start":{"line":40,"column":4},"end":{"line":48,"column":5}},"17":{"start":{"line":41,"column":6},"end":{"line":41,"column":67}},"18":{"start":{"line":42,"column":6},"end":{"line":42,"column":20}},"19":{"start":{"line":44,"column":6},"end":{"line":44,"column":59}},"20":{"start":{"line":45,"column":6},"end":{"line":45,"column":72}},"21":{"start":{"line":47,"column":6},"end":{"line":47,"column":29}},"22":{"start":{"line":51,"column":2},"end":{"line":98,"column":4}}},"fnMap":{"0":{"name":"(anonymous_0)","decl":{"start":{"line":6,"column":14},"end":{"line":6,"column":15}},"loc":{"start":{"line":6,"column":20},"end":{"line":99,"column":1}},"line":6},"1":{"name":"(anonymous_1)","decl":{"start":{"line":18,"column":12},"end":{"line":18,"column":13}},"loc":{"start":{"line":18,"column":18},"end":{"line":27,"column":3}},"line":18},"2":{"name":"(anonymous_2)","decl":{"start":{"line":35,"column":25},"end":{"line":35,"column":26}},"loc":{"start":{"line":35,"column":38},"end":{"line":49,"column":3}},"line":35}},"branchMap":{"0":{"loc":{"start":{"line":13,"column":15},"end":{"line":13,"column":61}},"type":"binary-expr","locations":[{"start":{"line":13,"column":15},"end":{"line":13,"column":45}},{"start":{"line":13,"column":49},"end":{"line":13,"column":61}}],"line":13},"1":{"loc":{"start":{"line":30,"column":2},"end":{"line":33,"column":3}},"type":"if","locations":[{"start":{"line":30,"column":2},"end":{"line":33,"column":3}},{"start":{},"end":{}}],"line":30},"2":{"loc":{"start":{"line":30,"column":6},"end":{"line":30,"column":33}},"type":"binary-expr","locations":[{"start":{"line":30,"column":6},"end":{"line":30,"column":21}},{"start":{"line":30,"column":25},"end":{"line":30,"column":33}}],"line":30},"3":{"loc":{"start":{"line":59,"column":11},"end":{"line":59,"column":59}},"type":"binary-expr","locations":[{"start":{"line":59,"column":11},"end":{"line":59,"column":16}},{"start":{"line":59,"column":20},"end":{"line":59,"column":59}}],"line":59},"4":{"loc":{"start":{"line":60,"column":11},"end":{"line":60,"column":69}},"type":"binary-expr","locations":[{"start":{"line":60,"column":11},"end":{"line":60,"column":21}},{"start":{"line":60,"column":25},"end":{"line":60,"column":69}}],"line":60},"5":{"loc":{"start":{"line":62,"column":11},"end":{"line":69,"column":11}},"type":"binary-expr","locations":[{"start":{"line":62,"column":11},"end":{"line":62,"column":20}},{"start":{"line":63,"column":12},"end":{"line":68,"column":20}}],"line":62},"6":{"loc":{"start":{"line":76,"column":26},"end":{"line":76,"column":62}},"type":"binary-expr","locations":[{"start":{"line":76,"column":26},"end":{"line":76,"column":33}},{"start":{"line":76,"column":37},"end":{"line":76,"column":49}},{"start":{"line":76,"column":53},"end":{"line":76,"column":62}}],"line":76},"7":{"loc":{"start":{"line":78,"column":17},"end":{"line":87,"column":17}},"type":"cond-expr","locations":[{"start":{"line":79,"column":18},"end":{"line":82,"column":21}},{"start":{"line":83,"column":20},"end":{"line":87,"column":17}}],"line":78},"8":{"loc":{"start":{"line":78,"column":17},"end":{"line":78,"column":56}},"type":"binary-expr","locations":[{"start":{"line":78,"column":18},"end":{"line":78,"column":25}},{"start":{"line":78,"column":29},"end":{"line":78,"column":41}},{"start":{"line":78,"column":46},"end":{"line":78,"column":56}}],"line":78},"9":{"loc":{"start":{"line":83,"column":20},"end":{"line":87,"column":17}},"type":"cond-expr","locations":[{"start":{"line":84,"column":18},"end":{"line":84,"column":42}},{"start":{"line":86,"column":18},"end":{"line":86,"column":40}}],"line":83}},"s":{"0":0,"1":0,"2":0,"3":0,"4":0,"5":0,"6":0,"7":0,"8":0,"9":0,"10":0,"11":0,"12":0,"13":0,"14":0,"15":0,"16":0,"17":0,"18":0,"19":0,"20":0,"21":0,"22":0},"f":{"0":0,"1":0,"2":0},"b":{"0":[0,0],"1":[0,0],"2":[0,0],"3":[0,0],"4":[0,0],"5":[0,0],"6":[0,0,0],"7":[0,0],"8":[0,0,0],"9":[0,0]}}
,"/Users/DKAdmin/Documents/LangChef/frontend/src/components/NotFound.js": {"path":"/Users/DKAdmin/Documents/LangChef/frontend/src/components/NotFound.js","statementMap":{"0":{"start":{"line":5,"column":17},"end":{"line":25,"column":1}},"1":{"start":{"line":6,"column":2},"end":{"line":24,"column":4}}},"fnMap":{"0":{"name":"(anonymous_0)","decl":{"start":{"line":5,"column":17},"end":{"line":5,"column":18}},"loc":{"start":{"line":5,"column":23},"end":{"line":25,"column":1}},"line":5}},"branchMap":{},"s":{"0":0,"1":0},"f":{"0":0},"b":{}}
,"/Users/DKAdmin/Documents/LangChef/frontend/src/components/Playground.js": {"path":"/Users/DKAdmin/Documents/LangChef/frontend/src/components/Playground.js","statementMap":{"0":{"start":{"line":5,"column":19},"end":{"line":116,"column":1}},"1":{"start":{"line":6,"column":19},"end":{"line":6,"column":28}},"2":{"start":{"line":7,"column":30},"end":{"line":7,"column":42}},"3":{"start":{"line":8,"column":34},"end":{"line":8,"column":46}},"4":{"start":{"line":9,"column":32},"end":{"line":9,"column":47}},"5":{"start":{"line":10,"column":44},"end":{"line":10,"column":95}},"6":{"start":{"line":12,"column":17},"end":{"line":19,"column":3}},"7":{"start":{"line":21,"column":23},"end":{"line":39,"column":3}},"8":{"start":{"line":22,"column":4},"end":{"line":22,"column":23}},"9":{"start":{"line":23,"column":4},"end":{"line":23,"column":31}},"10":{"start":{"line":23,"column":24},"end":{"line":23,"column":31}},"11":{"start":{"line":25,"column":4},"end":{"line":25,"column":21}},"12":{"start":{"line":26,"column":4},"end":{"line":26,"column":20}},"13":{"start":{"line":28,"column":4},"end":{"line":38,"column":5}},"14":{"start":{"line":30,"column":6},"end":{"line":33,"column":15}},"15":{"start":{"line":31,"column":8},"end":{"line":31,"column":152}},"16":{"start":{"line":32,"column":8},"end":{"line":32,"column":26}},"17":{"start":{"line":35,"column":6},"end":{"line":35,"column":57}},"18":{"start":{"line":36,"column":6},"end":{"line":36,"column":66}},"19":{"start":{"line":37,"column":6},"end":{"line":37,"column":24}},"20":{"start":{"line":41,"column":2},"end":{"line":115,"column":4}},"21":{"start":{"line":59,"column":35},"end":{"line":59,"column":67}},"22":{"start":{"line":62,"column":20},"end":{"line":64,"column":29}},"23":{"start":{"line":82,"column":37},"end":{"line":82,"column":62}}},"fnMap":{"0":{"name":"(anonymous_0)","decl":{"start":{"line":5,"column":19},"end":{"line":5,"column":20}},"loc":{"start":{"line":5,"column":25},"end":{"line":116,"column":1}},"line":5},"1":{"name":"(anonymous_1)","decl":{"start":{"line":21,"column":23},"end":{"line":21,"column":24}},"loc":{"start":{"line":21,"column":36},"end":{"line":39,"column":3}},"line":21},"2":{"name":"(anonymous_2)","decl":{"start":{"line":30,"column":17},"end":{"line":30,"column":18}},"loc":{"start":{"line":30,"column":23},"end":{"line":33,"column":7}},"line":30},"3":{"name":"(anonymous_3)","decl":{"start":{"line":59,"column":28},"end":{"line":59,"column":29}},"loc":{"start":{"line":59,"column":35},"end":{"line":59,"column":67}},"line":59},"4":{"name":"(anonymous_4)","decl":{"start":{"line":61,"column":30},"end":{"line":61,"column":31}},"loc":{"start":{"line":62,"column":20},"end":{"line":64,"column":29}},"line":62},"5":{"name":"(anonymous_5)","decl":{"start":{"line":82,"column":30},"end":{"line":82,"column":31}},"loc":{"start":{"line":82,"column":37},"end":{"line":82,"column":62}},"line":82}},"branchMap":{"0":{"loc":{"start":{"line":23,"column":4},"end":{"line":23,"column":31}},"type":"if","locations":[{"start":{"line":23,"column":4},"end":{"line":23,"column":31}},{"start":{},"end":{}}],"line":23},"1":{"loc":{"start":{"line":89,"column":28},"end":{"line":89,"column":53}},"type":"binary-expr","locations":[{"start":{"line":89,"column":28},"end":{"line":89,"column":35}},{"start":{"line":89,"column":39},"end":{"line":89,"column":53}}],"line":89},"2":{"loc":{"start":{"line":91,"column":19},"end":{"line":96,"column":41}},"type":"cond-expr","locations":[{"start":{"line":92,"column":20},"end":{"line":95,"column":23}},{"start":{"line":96,"column":22},"end":{"line":96,"column":41}}],"line":91},"3":{"loc":{"start":{"line":100,"column":15},"end":{"line":109,"column":15}},"type":"binary-expr","locations":[{"start":{"line":100,"column":15},"end":{"line":100,"column":23}},{"start":{"line":101,"column":16},"end":{"line":108,"column":22}}],"line":100}},"s":{"0":0,"1":0,"2":0,"3":0,"4":0,"5":0,"6":0,"7":0,"8":0,"9":0,"10":0,"11":0,"12":0,"13":0,"14":0,"15":0,"16":0,"17":0,"18":0,"19":0,"20":0,"21":0,"22":0,"23":0},"f":{"0":0,"1":0,"2":0,"3":0,"4":0,"5":0},"b":{"0":[0,0],"1":[0,0],"2":[0,0],"3":[0,0]}}
,"/Users/DKAdmin/Documents/LangChef/frontend/src/components/ProtectedRoute.js": {"path":"/Users/DKAdmin/Documents/LangChef/frontend/src/components/ProtectedRoute.js","statementMap":{"0":{"start":{"line":6,"column":23},"end":{"line":299,"column":1}},"1":{"start":{"line":16,"column":6},"end":{"line":16,"column":15}},"2":{"start":{"line":17,"column":19},"end":{"line":17,"column":32}},"3":{"start":{"line":18,"column":46},"end":{"line":18,"column":57}},"4":{"start":{"line":19,"column":48},"end":{"line":19,"column":63}},"5":{"start":{"line":20,"column":36},"end":{"line":20,"column":50}},"6":{"start":{"line":21,"column":44},"end":{"line":21,"column":56}},"7":{"start":{"line":22,"column":32},"end":{"line":22,"column":46}},"8":{"start":{"line":25,"column":2},"end":{"line":37,"column":109}},"9":{"start":{"line":26,"column":4},"end":{"line":36,"column":7}},"10":{"start":{"line":40,"column":2},"end":{"line":53,"column":37}},"11":{"start":{"line":42,"column":4},"end":{"line":48,"column":5}},"12":{"start":{"line":43,"column":6},"end":{"line":45,"column":16}},"13":{"start":{"line":44,"column":8},"end":{"line":44,"column":33}},"14":{"start":{"line":46,"column":11},"end":{"line":48,"column":5}},"15":{"start":{"line":47,"column":6},"end":{"line":47,"column":32}},"16":{"start":{"line":50,"column":4},"end":{"line":52,"column":6}},"17":{"start":{"line":51,"column":6},"end":{"line":51,"column":37}},"18":{"start":{"line":51,"column":17},"end":{"line":51,"column":37}},"19":{"start":{"line":56,"column":2},"end":{"line":101,"column":20}},"20":{"start":{"line":57,"column":4},"end":{"line":63,"column":5}},"21":{"start":{"line":58,"column":6},"end":{"line":61,"column":7}},"22":{"start":{"line":59,"column":8},"end":{"line":59,"column":31}},"23":{"start":{"line":60,"column":8},"end":{"line":60,"column":25}},"24":{"start":{"line":62,"column":6},"end":{"line":62,"column":13}},"25":{"start":{"line":66,"column":32},"end":{"line":89,"column":5}},"26":{"start":{"line":67,"column":6},"end":{"line":67,"column":31}},"27":{"start":{"line":67,"column":24},"end":{"line":67,"column":31}},"28":{"start":{"line":70,"column":25},"end":{"line":70,"column":56}},"29":{"start":{"line":71,"column":18},"end":{"line":71,"column":28}},"30":{"start":{"line":72,"column":31},"end":{"line":72,"column":82}},"31":{"start":{"line":73,"column":31},"end":{"line":73,"column":86}},"32":{"start":{"line":76,"column":26},"end":{"line":76,"column":28}},"33":{"start":{"line":77,"column":6},"end":{"line":86,"column":7}},"34":{"start":{"line":78,"column":8},"end":{"line":78,"column":89}},"35":{"start":{"line":79,"column":8},"end":{"line":81,"column":9}},"36":{"start":{"line":80,"column":10},"end":{"line":80,"column":97}},"37":{"start":{"line":82,"column":13},"end":{"line":86,"column":7}},"38":{"start":{"line":83,"column":8},"end":{"line":83,"column":89}},"39":{"start":{"line":85,"column":8},"end":{"line":85,"column":45}},"40":{"start":{"line":88,"column":6},"end":{"line":88,"column":38}},"41":{"start":{"line":92,"column":4},"end":{"line":92,"column":26}},"42":{"start":{"line":95,"column":18},"end":{"line":95,"column":56}},"43":{"start":{"line":96,"column":4},"end":{"line":96,"column":22}},"44":{"start":{"line":98,"column":4},"end":{"line":100,"column":6}},"45":{"start":{"line":99,"column":6},"end":{"line":99,"column":27}},"46":{"start":{"line":104,"column":2},"end":{"line":110,"column":14}},"47":{"start":{"line":105,"column":4},"end":{"line":109,"column":5}},"48":{"start":{"line":106,"column":6},"end":{"line":106,"column":26}},"49":{"start":{"line":108,"column":6},"end":{"line":108,"column":25}},"50":{"start":{"line":113,"column":26},"end":{"line":128,"column":3}},"51":{"start":{"line":114,"column":4},"end":{"line":114,"column":40}},"52":{"start":{"line":114,"column":30},"end":{"line":114,"column":38}},"53":{"start":{"line":115,"column":4},"end":{"line":115,"column":30}},"54":{"start":{"line":116,"column":4},"end":{"line":116,"column":23}},"55":{"start":{"line":118,"column":4},"end":{"line":127,"column":5}},"56":{"start":{"line":119,"column":22},"end":{"line":119,"column":35}},"57":{"start":{"line":121,"column":6},"end":{"line":123,"column":7}},"58":{"start":{"line":122,"column":8},"end":{"line":122,"column":96}},"59":{"start":{"line":125,"column":6},"end":{"line":125,"column":61}},"60":{"start":{"line":126,"column":6},"end":{"line":126,"column":91}},"61":{"start":{"line":131,"column":30},"end":{"line":161,"column":3}},"62":{"start":{"line":132,"column":4},"end":{"line":132,"column":23}},"63":{"start":{"line":134,"column":4},"end":{"line":160,"column":5}},"64":{"start":{"line":135,"column":22},"end":{"line":135,"column":44}},"65":{"start":{"line":137,"column":6},"end":{"line":153,"column":7}},"66":{"start":{"line":139,"column":8},"end":{"line":142,"column":11}},"67":{"start":{"line":145,"column":8},"end":{"line":147,"column":17}},"68":{"start":{"line":146,"column":10},"end":{"line":146,"column":29}},"69":{"start":{"line":149,"column":8},"end":{"line":152,"column":11}},"70":{"start":{"line":155,"column":6},"end":{"line":155,"column":54}},"71":{"start":{"line":156,"column":6},"end":{"line":159,"column":9}},"72":{"start":{"line":164,"column":31},"end":{"line":168,"column":3}},"73":{"start":{"line":165,"column":4},"end":{"line":167,"column":5}},"74":{"start":{"line":166,"column":6},"end":{"line":166,"column":67}},"75":{"start":{"line":171,"column":2},"end":{"line":181,"column":3}},"76":{"start":{"line":172,"column":4},"end":{"line":172,"column":71}},"77":{"start":{"line":173,"column":4},"end":{"line":180,"column":6}},"78":{"start":{"line":184,"column":2},"end":{"line":249,"column":3}},"79":{"start":{"line":185,"column":4},"end":{"line":185,"column":71}},"80":{"start":{"line":187,"column":4},"end":{"line":248,"column":6}},"81":{"start":{"line":252,"column":2},"end":{"line":255,"column":3}},"82":{"start":{"line":253,"column":4},"end":{"line":253,"column":81}},"83":{"start":{"line":254,"column":4},"end":{"line":254,"column":71}},"84":{"start":{"line":258,"column":30},"end":{"line":289,"column":3}},"85":{"start":{"line":259,"column":4},"end":{"line":259,"column":36}},"86":{"start":{"line":259,"column":24},"end":{"line":259,"column":36}},"87":{"start":{"line":261,"column":16},"end":{"line":261,"column":26}},"88":{"start":{"line":262,"column":19},"end":{"line":262,"column":42}},"89":{"start":{"line":263,"column":25},"end":{"line":263,"column":37}},"90":{"start":{"line":264,"column":27},"end":{"line":264,"column":70}},"91":{"start":{"line":266,"column":18},"end":{"line":266,"column":27}},"92":{"start":{"line":267,"column":4},"end":{"line":271,"column":5}},"93":{"start":{"line":268,"column":6},"end":{"line":268,"column":25}},"94":{"start":{"line":269,"column":11},"end":{"line":271,"column":5}},"95":{"start":{"line":270,"column":6},"end":{"line":270,"column":26}},"96":{"start":{"line":273,"column":4},"end":{"line":288,"column":6}},"97":{"start":{"line":292,"column":2},"end":{"line":292,"column":77}},"98":{"start":{"line":293,"column":2},"end":{"line":298,"column":4}}},"fnMap":{"0":{"name":"(anonymous_0)","decl":{"start":{"line":6,"column":23},"end":{"line":6,"column":24}},"loc":{"start":{"line":6,"column":29},"end":{"line":299,"column":1}},"line":6},"1":{"name":"(anonymous_1)","decl":{"start":{"line":25,"column":12},"end":{"line":25,"column":13}},"loc":{"start":{"line":25,"column":18},"end":{"line":37,"column":3}},"line":25},"2":{"name":"(anonymous_2)","decl":{"start":{"line":40,"column":12},"end":{"line":40,"column":13}},"loc":{"start":{"line":40,"column":18},"end":{"line":53,"column":3}},"line":40},"3":{"name":"(anonymous_3)","decl":{"start":{"line":43,"column":25},"end":{"line":43,"column":26}},"loc":{"start":{"line":43,"column":31},"end":{"line":45,"column":7}},"line":43},"4":{"name":"(anonymous_4)","decl":{"start":{"line":50,"column":11},"end":{"line":50,"column":12}},"loc":{"start":{"line":50,"column":17},"end":{"line":52,"column":5}},"line":50},"5":{"name":"(anonymous_5)","decl":{"start":{"line":56,"column":12},"end":{"line":56,"column":13}},"loc":{"start":{"line":56,"column":18},"end":{"line":101,"column":3}},"line":56},"6":{"name":"(anonymous_6)","decl":{"start":{"line":66,"column":32},"end":{"line":66,"column":33}},"loc":{"start":{"line":66,"column":38},"end":{"line":89,"column":5}},"line":66},"7":{"name":"(anonymous_7)","decl":{"start":{"line":98,"column":11},"end":{"line":98,"column":12}},"loc":{"start":{"line":98,"column":17},"end":{"line":100,"column":5}},"line":98},"8":{"name":"(anonymous_8)","decl":{"start":{"line":104,"column":12},"end":{"line":104,"column":13}},"loc":{"start":{"line":104,"column":18},"end":{"line":110,"column":3}},"line":104},"9":{"name":"(anonymous_9)","decl":{"start":{"line":113,"column":26},"end":{"line":113,"column":27}},"loc":{"start":{"line":113,"column":38},"end":{"line":128,"column":3}},"line":113},"10":{"name":"(anonymous_10)","decl":{"start":{"line":114,"column":22},"end":{"line":114,"column":23}},"loc":{"start":{"line":114,"column":30},"end":{"line":114,"column":38}},"line":114},"11":{"name":"(anonymous_11)","decl":{"start":{"line":131,"column":30},"end":{"line":131,"column":31}},"loc":{"start":{"line":131,"column":42},"end":{"line":161,"column":3}},"line":131},"12":{"name":"(anonymous_12)","decl":{"start":{"line":145,"column":19},"end":{"line":145,"column":20}},"loc":{"start":{"line":145,"column":25},"end":{"line":147,"column":9}},"line":145},"13":{"name":"(anonymous_13)","decl":{"start":{"line":164,"column":31},"end":{"line":164,"column":32}},"loc":{"start":{"line":164,"column":37},"end":{"line":168,"column":3}},"line":164},"14":{"name":"(anonymous_14)","decl":{"start":{"line":258,"column":30},"end":{"line":258,"column":31}},"loc":{"start":{"line":258,"column":36},"end":{"line":289,"column":3}},"line":258}},"branchMap":{"0":{"loc":{"start":{"line":32,"column":12},"end":{"line":32,"column":62}},"type":"cond-expr","locations":[{"start":{"line":32,"column":19},"end":{"line":32,"column":53}},{"start":{"line":32,"column":56},"end":{"line":32,"column":62}}],"line":32},"1":{"loc":{"start":{"line":35,"column":21},"end":{"line":35,"column":81}},"type":"cond-expr","locations":[{"start":{"line":35,"column":37},"end":{"line":35,"column":74}},{"start":{"line":35,"column":77},"end":{"line":35,"column":81}}],"line":35},"2":{"loc":{"start":{"line":42,"column":4},"end":{"line":48,"column":5}},"type":"if","locations":[{"start":{"line":42,"column":4},"end":{"line":48,"column":5}},{"start":{"line":46,"column":11},"end":{"line":48,"column":5}}],"line":42},"3":{"loc":{"start":{"line":42,"column":8},"end":{"line":42,"column":39}},"type":"binary-expr","locations":[{"start":{"line":42,"column":8},"end":{"line":42,"column":19}},{"start":{"line":42,"column":23},"end":{"line":42,"column":39}}],"line":42},"4":{"loc":{"start":{"line":46,"column":11},"end":{"line":48,"column":5}},"type":"if","locations":[{"start":{"line":46,"column":11},"end":{"line":48,"column":5}},{"start":{},"end":{}}],"line":46},"5":{"loc":{"start":{"line":51,"column":6},"end":{"line":51,"column":37}},"type":"if","locations":[{"start":{"line":51,"column":6},"end":{"line":51,"column":37}},{"start":{},"end":{}}],"line":51},"6":{"loc":{"start":{"line":57,"column":4},"end":{"line":63,"column":5}},"type":"if","locations":[{"start":{"line":57,"column":4},"end":{"line":63,"column":5}},{"start":{},"end":{}}],"line":57},"7":{"loc":{"start":{"line":58,"column":6},"end":{"line":61,"column":7}},"type":"if","locations":[{"start":{"line":58,"column":6},"end":{"line":61,"column":7}},{"start":{},"end":{}}],"line":58},"8":{"loc":{"start":{"line":67,"column":6},"end":{"line":67,"column":31}},"type":"if","locations":[{"start":{"line":67,"column":6},"end":{"line":67,"column":31}},{"start":{},"end":{}}],"line":67},"9":{"loc":{"start":{"line":77,"column":6},"end":{"line":86,"column":7}},"type":"if","locations":[{"start":{"line":77,"column":6},"end":{"line":86,"column":7}},{"start":{"line":82,"column":13},"end":{"line":86,"column":7}}],"line":77},"10":{"loc":{"start":{"line":78,"column":53},"end":{"line":78,"column":86}},"type":"cond-expr","locations":[{"start":{"line":78,"column":78},"end":{"line":78,"column":81}},{"start":{"line":78,"column":84},"end":{"line":78,"column":86}}],"line":78},"11":{"loc":{"start":{"line":79,"column":8},"end":{"line":81,"column":9}},"type":"if","locations":[{"start":{"line":79,"column":8},"end":{"line":81,"column":9}},{"start":{},"end":{}}],"line":79},"12":{"loc":{"start":{"line":80,"column":61},"end":{"line":80,"column":94}},"type":"cond-expr","locations":[{"start":{"line":80,"column":86},"end":{"line":80,"column":89}},{"start":{"line":80,"column":92},"end":{"line":80,"column":94}}],"line":80},"13":{"loc":{"start":{"line":82,"column":13},"end":{"line":86,"column":7}},"type":"if","locations":[{"start":{"line":82,"column":13},"end":{"line":86,"column":7}},{"start":{"line":84,"column":13},"end":{"line":86,"column":7}}],"line":82},"14":{"loc":{"start":{"line":83,"column":53},"end":{"line":83,"column":86}},"type":"cond-expr","locations":[{"start":{"line":83,"column":78},"end":{"line":83,"column":81}},{"start":{"line":83,"column":84},"end":{"line":83,"column":86}}],"line":83},"15":{"loc":{"start":{"line":105,"column":4},"end":{"line":109,"column":5}},"type":"if","locations":[{"start":{"line":105,"column":4},"end":{"line":109,"column":5}},{"start":{"line":107,"column":11},"end":{"line":109,"column":5}}],"line":105},"16":{"loc":{"start":{"line":121,"column":6},"end":{"line":123,"column":7}},"type":"if","locations":[{"start":{"line":121,"column":6},"end":{"line":123,"column":7}},{"start":{},"end":{}}],"line":121},"17":{"loc":{"start":{"line":137,"column":6},"end":{"line":153,"column":7}},"type":"if","locations":[{"start":{"line":137,"column":6},"end":{"line":153,"column":7}},{"start":{"line":148,"column":13},"end":{"line":153,"column":7}}],"line":137},"18":{"loc":{"start":{"line":165,"column":4},"end":{"line":167,"column":5}},"type":"if","locations":[{"start":{"line":165,"column":4},"end":{"line":167,"column":5}},{"start":{},"end":{}}],"line":165},"19":{"loc":{"start":{"line":165,"column":8},"end":{"line":165,"column":60}},"type":"binary-expr","locations":[{"start":{"line":165,"column":8},"end":{"line":165,"column":19}},{"start":{"line":165,"column":23},"end":{"line":165,"column":60}}],"line":165},"20":{"loc":{"start":{"line":171,"column":2},"end":{"line":181,"column":3}},"type":"if","locations":[{"start":{"line":171,"column":2},"end":{"line":181,"column":3}},{"start":{},"end":{}}],"line":171},"21":{"loc":{"start":{"line":171,"column":6},"end":{"line":171,"column":29}},"type":"binary-expr","locations":[{"start":{"line":171,"column":6},"end":{"line":171,"column":13}},{"start":{"line":171,"column":17},"end":{"line":171,"column":29}}],"line":171},"22":{"loc":{"start":{"line":184,"column":2},"end":{"line":249,"column":3}},"type":"if","locations":[{"start":{"line":184,"column":2},"end":{"line":249,"column":3}},{"start":{},"end":{}}],"line":184},"23":{"loc":{"start":{"line":200,"column":11},"end":{"line":208,"column":11}},"type":"cond-expr","locations":[{"start":{"line":201,"column":12},"end":{"line":203,"column":18}},{"start":{"line":205,"column":12},"end":{"line":207,"column":18}}],"line":200},"24":{"loc":{"start":{"line":231,"column":9},"end":{"line":240,"column":9}},"type":"binary-expr","locations":[{"start":{"line":231,"column":9},"end":{"line":231,"column":24}},{"start":{"line":232,"column":10},"end":{"line":239,"column":16}}],"line":231},"25":{"loc":{"start":{"line":242,"column":9},"end":{"line":246,"column":9}},"type":"binary-expr","locations":[{"start":{"line":242,"column":9},"end":{"line":242,"column":18}},{"start":{"line":243,"column":10},"end":{"line":245,"column":18}}],"line":242},"26":{"loc":{"start":{"line":243,"column":26},"end":{"line":243,"column":53}},"type":"binary-expr","locations":[{"start":{"line":243,"column":26},"end":{"line":243,"column":40}},{"start":{"line":243,"column":44},"end":{"line":243,"column":53}}],"line":243},"27":{"loc":{"start":{"line":244,"column":13},"end":{"line":244,"column":43}},"type":"binary-expr","locations":[{"start":{"line":244,"column":13},"end":{"line":244,"column":30}},{"start":{"line":244,"column":34},"end":{"line":244,"column":43}}],"line":244},"28":{"loc":{"start":{"line":252,"column":2},"end":{"line":255,"column":3}},"type":"if","locations":[{"start":{"line":252,"column":2},"end":{"line":255,"column":3}},{"start":{},"end":{}}],"line":252},"29":{"loc":{"start":{"line":259,"column":4},"end":{"line":259,"column":36}},"type":"if","locations":[{"start":{"line":259,"column":4},"end":{"line":259,"column":36}},{"start":{},"end":{}}],"line":259},"30":{"loc":{"start":{"line":267,"column":4},"end":{"line":271,"column":5}},"type":"if","locations":[{"start":{"line":267,"column":4},"end":{"line":271,"column":5}},{"start":{"line":269,"column":11},"end":{"line":271,"column":5}}],"line":267},"31":{"loc":{"start":{"line":269,"column":11},"end":{"line":271,"column":5}},"type":"if","locations":[{"start":{"line":269,"column":11},"end":{"line":271,"column":5}},{"start":{},"end":{}}],"line":269},"32":{"loc":{"start":{"line":277,"column":13},"end":{"line":277,"column":90}},"type":"cond-expr","locations":[{"start":{"line":277,"column":34},"end":{"line":277,"column":57}},{"start":{"line":277,"column":60},"end":{"line":277,"column":90}}],"line":277}},"s":{"0":0,"1":0,"2":0,"3":0,"4":0,"5":0,"6":0,"7":0,"8":0,"9":0,"10":0,"11":0,"12":0,"13":0,"14":0,"15":0,"16":0,"17":0,"18":0,"19":0,"20":0,"21":0,"22":0,"23":0,"24":0,"25":0,"26":0,"27":0,"28":0,"29":0,"30":0,"31":0,"32":0,"33":0,"34":0,"35":0,"36":0,"37":0,"38":0,"39":0,"40":0,"41":0,"42":0,"43":0,"44":0,"45":0,"46":0,"47":0,"48":0,"49":0,"50":0,"51":0,"52":0,"53":0,"54":0,"55":0,"56":0,"57":0,"58":0,"59":0,"60":0,"61":0,"62":0,"63":0,"64":0,"65":0,"66":0,"67":0,"68":0,"69":0,"70":0,"71":0,"72":0,"73":0,"74":0,"75":0,"76":0,"77":0,"78":0,"79":0,"80":0,"81":0,"82":0,"83":0,"84":0,"85":0,"86":0,"87":0,"88":0,"89":0,"90":0,"91":0,"92":0,"93":0,"94":0,"95":0,"96":0,"97":0,"98":0},"f":{"0":0,"1":0,"2":0,"3":0,"4":0,"5":0,"6":0,"7":0,"8":0,"9":0,"10":0,"11":0,"12":0,"13":0,"14":0},"b":{"0":[0,0],"1":[0,0],"2":[0,0],"3":[0,0],"4":[0,0],"5":[0,0],"6":[0,0],"7":[0,0],"8":[0,0],"9":[0,0],"10":[0,0],"11":[0,0],"12":[0,0],"13":[0,0],"14":[0,0],"15":[0,0],"16":[0,0],"17":[0,0],"18":[0,0],"19":[0,0],"20":[0,0],"21":[0,0],"22":[0,0],"23":[0,0],"24":[0,0],"25":[0,0],"26":[0,0],"27":[0,0],"28":[0,0],"29":[0,0],"30":[0,0],"31":[0,0],"32":[0,0]}}
,"/Users/DKAdmin/Documents/LangChef/frontend/src/components/SessionExpiryAlert.js": {"path":"/Users/DKAdmin/Documents/LangChef/frontend/src/components/SessionExpiryAlert.js","statementMap":{"0":{"start":{"line":15,"column":27},"end":{"line":141,"column":1}},"1":{"start":{"line":16,"column":69},"end":{"line":16,"column":78}},"2":{"start":{"line":17,"column":26},"end":{"line":17,"column":41}},"3":{"start":{"line":18,"column":34},"end":{"line":18,"column":45}},"4":{"start":{"line":19,"column":38},"end":{"line":19,"column":53}},"5":{"start":{"line":20,"column":28},"end":{"line":20,"column":42}},"6":{"start":{"line":23,"column":2},"end":{"line":41,"column":47}},"7":{"start":{"line":24,"column":4},"end":{"line":24,"column":31}},"8":{"start":{"line":24,"column":24},"end":{"line":24,"column":31}},"9":{"start":{"line":26,"column":26},"end":{"line":38,"column":12}},"10":{"start":{"line":27,"column":28},"end":{"line":27,"column":45}},"11":{"start":{"line":28,"column":28},"end":{"line":28,"column":42}},"12":{"start":{"line":30,"column":6},"end":{"line":30,"column":33}},"13":{"start":{"line":32,"column":6},"end":{"line":37,"column":7}},"14":{"start":{"line":33,"column":8},"end":{"line":33,"column":22}},"15":{"start":{"line":34,"column":13},"end":{"line":37,"column":7}},"16":{"start":{"line":35,"column":8},"end":{"line":35,"column":23}},"17":{"start":{"line":36,"column":8},"end":{"line":36,"column":17}},"18":{"start":{"line":40,"column":4},"end":{"line":40,"column":46}},"19":{"start":{"line":40,"column":17},"end":{"line":40,"column":45}},"20":{"start":{"line":43,"column":24},"end":{"line":60,"column":3}},"21":{"start":{"line":44,"column":4},"end":{"line":44,"column":19}},"22":{"start":{"line":45,"column":4},"end":{"line":45,"column":24}},"23":{"start":{"line":47,"column":4},"end":{"line":59,"column":5}},"24":{"start":{"line":48,"column":22},"end":{"line":48,"column":44}},"25":{"start":{"line":49,"column":6},"end":{"line":53,"column":7}},"26":{"start":{"line":50,"column":8},"end":{"line":50,"column":23}},"27":{"start":{"line":52,"column":8},"end":{"line":52,"column":92}},"28":{"start":{"line":55,"column":6},"end":{"line":55,"column":51}},"29":{"start":{"line":56,"column":6},"end":{"line":56,"column":66}},"30":{"start":{"line":58,"column":6},"end":{"line":58,"column":27}},"31":{"start":{"line":62,"column":23},"end":{"line":65,"column":3}},"32":{"start":{"line":63,"column":4},"end":{"line":63,"column":19}},"33":{"start":{"line":64,"column":4},"end":{"line":64,"column":13}},"34":{"start":{"line":68,"column":30},"end":{"line":75,"column":3}},"35":{"start":{"line":69,"column":4},"end":{"line":69,"column":34}},"36":{"start":{"line":69,"column":19},"end":{"line":69,"column":34}},"37":{"start":{"line":71,"column":20},"end":{"line":71,"column":48}},"38":{"start":{"line":72,"column":20},"end":{"line":72,"column":57}},"39":{"start":{"line":74,"column":4},"end":{"line":74,"column":91}},"40":{"start":{"line":78,"column":28},"end":{"line":83,"column":3}},"41":{"start":{"line":79,"column":4},"end":{"line":79,"column":28}},"42":{"start":{"line":79,"column":19},"end":{"line":79,"column":28}},"43":{"start":{"line":81,"column":26},"end":{"line":81,"column":40}},"44":{"start":{"line":82,"column":4},"end":{"line":82,"column":44}},"45":{"start":{"line":85,"column":2},"end":{"line":140,"column":4}}},"fnMap":{"0":{"name":"(anonymous_0)","decl":{"start":{"line":15,"column":27},"end":{"line":15,"column":28}},"loc":{"start":{"line":15,"column":33},"end":{"line":141,"column":1}},"line":15},"1":{"name":"(anonymous_1)","decl":{"start":{"line":23,"column":12},"end":{"line":23,"column":13}},"loc":{"start":{"line":23,"column":18},"end":{"line":41,"column":3}},"line":23},"2":{"name":"(anonymous_2)","decl":{"start":{"line":26,"column":38},"end":{"line":26,"column":39}},"loc":{"start":{"line":26,"column":44},"end":{"line":38,"column":5}},"line":26},"3":{"name":"(anonymous_3)","decl":{"start":{"line":40,"column":11},"end":{"line":40,"column":12}},"loc":{"start":{"line":40,"column":17},"end":{"line":40,"column":45}},"line":40},"4":{"name":"(anonymous_4)","decl":{"start":{"line":43,"column":24},"end":{"line":43,"column":25}},"loc":{"start":{"line":43,"column":36},"end":{"line":60,"column":3}},"line":43},"5":{"name":"(anonymous_5)","decl":{"start":{"line":62,"column":23},"end":{"line":62,"column":24}},"loc":{"start":{"line":62,"column":29},"end":{"line":65,"column":3}},"line":62},"6":{"name":"(anonymous_6)","decl":{"start":{"line":68,"column":30},"end":{"line":68,"column":31}},"loc":{"start":{"line":68,"column":36},"end":{"line":75,"column":3}},"line":68},"7":{"name":"(anonymous_7)","decl":{"start":{"line":78,"column":28},"end":{"line":78,"column":29}},"loc":{"start":{"line":78,"column":34},"end":{"line":83,"column":3}},"line":78},"8":{"name":"(anonymous_8)","decl":{"start":{"line":88,"column":15},"end":{"line":88,"column":16}},"loc":{"start":{"line":88,"column":21},"end":{"line":88,"column":23}},"line":88}},"branchMap":{"0":{"loc":{"start":{"line":24,"column":4},"end":{"line":24,"column":31}},"type":"if","locations":[{"start":{"line":24,"column":4},"end":{"line":24,"column":31}},{"start":{},"end":{}}],"line":24},"1":{"loc":{"start":{"line":32,"column":6},"end":{"line":37,"column":7}},"type":"if","locations":[{"start":{"line":32,"column":6},"end":{"line":37,"column":7}},{"start":{"line":34,"column":13},"end":{"line":37,"column":7}}],"line":32},"2":{"loc":{"start":{"line":32,"column":10},"end":{"line":32,"column":61}},"type":"binary-expr","locations":[{"start":{"line":32,"column":10},"end":{"line":32,"column":27}},{"start":{"line":32,"column":31},"end":{"line":32,"column":61}}],"line":32},"3":{"loc":{"start":{"line":34,"column":13},"end":{"line":37,"column":7}},"type":"if","locations":[{"start":{"line":34,"column":13},"end":{"line":37,"column":7}},{"start":{},"end":{}}],"line":34},"4":{"loc":{"start":{"line":49,"column":6},"end":{"line":53,"column":7}},"type":"if","locations":[{"start":{"line":49,"column":6},"end":{"line":53,"column":7}},{"start":{"line":51,"column":13},"end":{"line":53,"column":7}}],"line":49},"5":{"loc":{"start":{"line":69,"column":4},"end":{"line":69,"column":34}},"type":"if","locations":[{"start":{"line":69,"column":4},"end":{"line":69,"column":34}},{"start":{},"end":{}}],"line":69},"6":{"loc":{"start":{"line":79,"column":4},"end":{"line":79,"column":28}},"type":"if","locations":[{"start":{"line":79,"column":4},"end":{"line":79,"column":28}},{"start":{},"end":{}}],"line":79},"7":{"loc":{"start":{"line":97,"column":9},"end":{"line":101,"column":9}},"type":"binary-expr","locations":[{"start":{"line":97,"column":9},"end":{"line":97,"column":14}},{"start":{"line":98,"column":10},"end":{"line":100,"column":18}}],"line":97},"8":{"loc":{"start":{"line":115,"column":21},"end":{"line":115,"column":67}},"type":"cond-expr","locations":[{"start":{"line":115,"column":48},"end":{"line":115,"column":55}},{"start":{"line":115,"column":58},"end":{"line":115,"column":67}}],"line":115},"9":{"loc":{"start":{"line":136,"column":11},"end":{"line":136,"column":58}},"type":"cond-expr","locations":[{"start":{"line":136,"column":24},"end":{"line":136,"column":39}},{"start":{"line":136,"column":42},"end":{"line":136,"column":58}}],"line":136}},"s":{"0":0,"1":0,"2":0,"3":0,"4":0,"5":0,"6":0,"7":0,"8":0,"9":0,"10":0,"11":0,"12":0,"13":0,"14":0,"15":0,"16":0,"17":0,"18":0,"19":0,"20":0,"21":0,"22":0,"23":0,"24":0,"25":0,"26":0,"27":0,"28":0,"29":0,"30":0,"31":0,"32":0,"33":0,"34":0,"35":0,"36":0,"37":0,"38":0,"39":0,"40":0,"41":0,"42":0,"43":0,"44":0,"45":0},"f":{"0":0,"1":0,"2":0,"3":0,"4":0,"5":0,"6":0,"7":0,"8":0},"b":{"0":[0,0],"1":[0,0],"2":[0,0],"3":[0,0],"4":[0,0],"5":[0,0],"6":[0,0],"7":[0,0],"8":[0,0],"9":[0,0]}}
,"/Users/DKAdmin/Documents/LangChef/frontend/src/components/SessionInfo.js": {"path":"/Users/DKAdmin/Documents/LangChef/frontend/src/components/SessionInfo.js","statementMap":{"0":{"start":{"line":5,"column":20},"end":{"line":236,"column":1}},"1":{"start":{"line":12,"column":6},"end":{"line":12,"column":15}},"2":{"start":{"line":14,"column":44},"end":{"line":14,"column":56}},"3":{"start":{"line":15,"column":32},"end":{"line":15,"column":46}},"4":{"start":{"line":16,"column":44},"end":{"line":16,"column":58}},"5":{"start":{"line":17,"column":44},"end":{"line":17,"column":58}},"6":{"start":{"line":20,"column":2},"end":{"line":69,"column":22}},"7":{"start":{"line":21,"column":4},"end":{"line":24,"column":5}},"8":{"start":{"line":22,"column":6},"end":{"line":22,"column":34}},"9":{"start":{"line":23,"column":6},"end":{"line":23,"column":13}},"10":{"start":{"line":26,"column":32},"end":{"line":57,"column":5}},"11":{"start":{"line":27,"column":18},"end":{"line":27,"column":28}},"12":{"start":{"line":28,"column":21},"end":{"line":28,"column":44}},"13":{"start":{"line":29,"column":19},"end":{"line":29,"column":31}},"14":{"start":{"line":31,"column":6},"end":{"line":34,"column":7}},"15":{"start":{"line":32,"column":8},"end":{"line":32,"column":36}},"16":{"start":{"line":33,"column":8},"end":{"line":33,"column":15}},"17":{"start":{"line":37,"column":6},"end":{"line":56,"column":7}},"18":{"start":{"line":39,"column":21},"end":{"line":39,"column":61}},"19":{"start":{"line":40,"column":22},"end":{"line":40,"column":83}},"20":{"start":{"line":41,"column":8},"end":{"line":41,"column":47}},"21":{"start":{"line":42,"column":13},"end":{"line":56,"column":7}},"22":{"start":{"line":44,"column":22},"end":{"line":44,"column":57}},"23":{"start":{"line":45,"column":24},"end":{"line":45,"column":75}},"24":{"start":{"line":46,"column":8},"end":{"line":46,"column":50}},"25":{"start":{"line":47,"column":13},"end":{"line":56,"column":7}},"26":{"start":{"line":49,"column":24},"end":{"line":49,"column":54}},"27":{"start":{"line":50,"column":24},"end":{"line":50,"column":63}},"28":{"start":{"line":51,"column":8},"end":{"line":51,"column":52}},"29":{"start":{"line":54,"column":24},"end":{"line":54,"column":47}},"30":{"start":{"line":55,"column":8},"end":{"line":55,"column":40}},"31":{"start":{"line":60,"column":4},"end":{"line":60,"column":26}},"32":{"start":{"line":63,"column":18},"end":{"line":63,"column":56}},"33":{"start":{"line":64,"column":4},"end":{"line":64,"column":22}},"34":{"start":{"line":66,"column":4},"end":{"line":68,"column":6}},"35":{"start":{"line":67,"column":6},"end":{"line":67,"column":38}},"36":{"start":{"line":67,"column":17},"end":{"line":67,"column":38}},"37":{"start":{"line":72,"column":2},"end":{"line":76,"column":16}},"38":{"start":{"line":73,"column":4},"end":{"line":75,"column":6}},"39":{"start":{"line":74,"column":6},"end":{"line":74,"column":42}},"40":{"start":{"line":74,"column":19},"end":{"line":74,"column":42}},"41":{"start":{"line":79,"column":31},"end":{"line":100,"column":3}},"42":{"start":{"line":80,"column":4},"end":{"line":80,"column":73}},"43":{"start":{"line":82,"column":4},"end":{"line":99,"column":5}},"44":{"start":{"line":83,"column":22},"end":{"line":83,"column":44}},"45":{"start":{"line":85,"column":6},"end":{"line":95,"column":7}},"46":{"start":{"line":86,"column":8},"end":{"line":86,"column":37}},"47":{"start":{"line":87,"column":8},"end":{"line":87,"column":90}},"48":{"start":{"line":90,"column":8},"end":{"line":92,"column":17}},"49":{"start":{"line":91,"column":10},"end":{"line":91,"column":33}},"50":{"start":{"line":94,"column":8},"end":{"line":94,"column":126}},"51":{"start":{"line":97,"column":6},"end":{"line":97,"column":56}},"52":{"start":{"line":98,"column":6},"end":{"line":98,"column":104}},"53":{"start":{"line":103,"column":34},"end":{"line":114,"column":3}},"54":{"start":{"line":104,"column":4},"end":{"line":104,"column":43}},"55":{"start":{"line":104,"column":24},"end":{"line":104,"column":43}},"56":{"start":{"line":106,"column":16},"end":{"line":106,"column":26}},"57":{"start":{"line":107,"column":19},"end":{"line":107,"column":42}},"58":{"start":{"line":108,"column":27},"end":{"line":108,"column":60}},"59":{"start":{"line":110,"column":4},"end":{"line":110,"column":45}},"60":{"start":{"line":110,"column":29},"end":{"line":110,"column":45}},"61":{"start":{"line":111,"column":4},"end":{"line":111,"column":44}},"62":{"start":{"line":111,"column":28},"end":{"line":111,"column":44}},"63":{"start":{"line":112,"column":4},"end":{"line":112,"column":45}},"64":{"start":{"line":112,"column":28},"end":{"line":112,"column":45}},"65":{"start":{"line":113,"column":4},"end":{"line":113,"column":21}},"66":{"start":{"line":117,"column":21},"end":{"line":132,"column":3}},"67":{"start":{"line":118,"column":4},"end":{"line":118,"column":28}},"68":{"start":{"line":118,"column":15},"end":{"line":118,"column":28}},"69":{"start":{"line":120,"column":14},"end":{"line":120,"column":28}},"70":{"start":{"line":123,"column":19},"end":{"line":123,"column":103}},"71":{"start":{"line":124,"column":18},"end":{"line":124,"column":38}},"72":{"start":{"line":125,"column":16},"end":{"line":125,"column":27}},"73":{"start":{"line":126,"column":17},"end":{"line":126,"column":32}},"74":{"start":{"line":127,"column":18},"end":{"line":127,"column":58}},"75":{"start":{"line":128,"column":20},"end":{"line":128,"column":62}},"76":{"start":{"line":129,"column":20},"end":{"line":129,"column":62}},"77":{"start":{"line":131,"column":4},"end":{"line":131,"column":69}},"78":{"start":{"line":134,"column":2},"end":{"line":142,"column":3}},"79":{"start":{"line":135,"column":4},"end":{"line":141,"column":6}},"80":{"start":{"line":144,"column":2},"end":{"line":235,"column":4}}},"fnMap":{"0":{"name":"(anonymous_0)","decl":{"start":{"line":5,"column":20},"end":{"line":5,"column":21}},"loc":{"start":{"line":5,"column":26},"end":{"line":236,"column":1}},"line":5},"1":{"name":"(anonymous_1)","decl":{"start":{"line":20,"column":12},"end":{"line":20,"column":13}},"loc":{"start":{"line":20,"column":18},"end":{"line":69,"column":3}},"line":20},"2":{"name":"(anonymous_2)","decl":{"start":{"line":26,"column":32},"end":{"line":26,"column":33}},"loc":{"start":{"line":26,"column":38},"end":{"line":57,"column":5}},"line":26},"3":{"name":"(anonymous_3)","decl":{"start":{"line":66,"column":11},"end":{"line":66,"column":12}},"loc":{"start":{"line":66,"column":17},"end":{"line":68,"column":5}},"line":66},"4":{"name":"(anonymous_4)","decl":{"start":{"line":72,"column":12},"end":{"line":72,"column":13}},"loc":{"start":{"line":72,"column":18},"end":{"line":76,"column":3}},"line":72},"5":{"name":"(anonymous_5)","decl":{"start":{"line":73,"column":11},"end":{"line":73,"column":12}},"loc":{"start":{"line":73,"column":17},"end":{"line":75,"column":5}},"line":73},"6":{"name":"(anonymous_6)","decl":{"start":{"line":79,"column":31},"end":{"line":79,"column":32}},"loc":{"start":{"line":79,"column":43},"end":{"line":100,"column":3}},"line":79},"7":{"name":"(anonymous_7)","decl":{"start":{"line":90,"column":19},"end":{"line":90,"column":20}},"loc":{"start":{"line":90,"column":25},"end":{"line":92,"column":9}},"line":90},"8":{"name":"(anonymous_8)","decl":{"start":{"line":103,"column":34},"end":{"line":103,"column":35}},"loc":{"start":{"line":103,"column":40},"end":{"line":114,"column":3}},"line":103},"9":{"name":"(anonymous_9)","decl":{"start":{"line":117,"column":21},"end":{"line":117,"column":22}},"loc":{"start":{"line":117,"column":31},"end":{"line":132,"column":3}},"line":117}},"branchMap":{"0":{"loc":{"start":{"line":21,"column":4},"end":{"line":24,"column":5}},"type":"if","locations":[{"start":{"line":21,"column":4},"end":{"line":24,"column":5}},{"start":{},"end":{}}],"line":21},"1":{"loc":{"start":{"line":31,"column":6},"end":{"line":34,"column":7}},"type":"if","locations":[{"start":{"line":31,"column":6},"end":{"line":34,"column":7}},{"start":{},"end":{}}],"line":31},"2":{"loc":{"start":{"line":37,"column":6},"end":{"line":56,"column":7}},"type":"if","locations":[{"start":{"line":37,"column":6},"end":{"line":56,"column":7}},{"start":{"line":42,"column":13},"end":{"line":56,"column":7}}],"line":37},"3":{"loc":{"start":{"line":42,"column":13},"end":{"line":56,"column":7}},"type":"if","locations":[{"start":{"line":42,"column":13},"end":{"line":56,"column":7}},{"start":{"line":47,"column":13},"end":{"line":56,"column":7}}],"line":42},"4":{"loc":{"start":{"line":47,"column":13},"end":{"line":56,"column":7}},"type":"if","locations":[{"start":{"line":47,"column":13},"end":{"line":56,"column":7}},{"start":{"line":52,"column":13},"end":{"line":56,"column":7}}],"line":47},"5":{"loc":{"start":{"line":67,"column":6},"end":{"line":67,"column":38}},"type":"if","locations":[{"start":{"line":67,"column":6},"end":{"line":67,"column":38}},{"start":{},"end":{}}],"line":67},"6":{"loc":{"start":{"line":74,"column":6},"end":{"line":74,"column":42}},"type":"if","locations":[{"start":{"line":74,"column":6},"end":{"line":74,"column":42}},{"start":{},"end":{}}],"line":74},"7":{"loc":{"start":{"line":85,"column":6},"end":{"line":95,"column":7}},"type":"if","locations":[{"start":{"line":85,"column":6},"end":{"line":95,"column":7}},{"start":{"line":93,"column":13},"end":{"line":95,"column":7}}],"line":85},"8":{"loc":{"start":{"line":104,"column":4},"end":{"line":104,"column":43}},"type":"if","locations":[{"start":{"line":104,"column":4},"end":{"line":104,"column":43}},{"start":{},"end":{}}],"line":104},"9":{"loc":{"start":{"line":110,"column":4},"end":{"line":110,"column":45}},"type":"if","locations":[{"start":{"line":110,"column":4},"end":{"line":110,"column":45}},{"start":{},"end":{}}],"line":110},"10":{"loc":{"start":{"line":111,"column":4},"end":{"line":111,"column":44}},"type":"if","locations":[{"start":{"line":111,"column":4},"end":{"line":111,"column":44}},{"start":{},"end":{}}],"line":111},"11":{"loc":{"start":{"line":112,"column":4},"end":{"line":112,"column":45}},"type":"if","locations":[{"start":{"line":112,"column":4},"end":{"line":112,"column":45}},{"start":{},"end":{}}],"line":112},"12":{"loc":{"start":{"line":118,"column":4},"end":{"line":118,"column":28}},"type":"if","locations":[{"start":{"line":118,"column":4},"end":{"line":118,"column":28}},{"start":{},"end":{}}],"line":118},"13":{"loc":{"start":{"line":134,"column":2},"end":{"line":142,"column":3}},"type":"if","locations":[{"start":{"line":134,"column":2},"end":{"line":142,"column":3}},{"start":{},"end":{}}],"line":134},"14":{"loc":{"start":{"line":149,"column":11},"end":{"line":149,"column":47}},"type":"cond-expr","locations":[{"start":{"line":149,"column":27},"end":{"line":149,"column":35}},{"start":{"line":149,"column":38},"end":{"line":149,"column":47}}],"line":149},"15":{"loc":{"start":{"line":164,"column":19},"end":{"line":164,"column":38}},"type":"binary-expr","locations":[{"start":{"line":164,"column":19},"end":{"line":164,"column":29}},{"start":{"line":164,"column":33},"end":{"line":164,"column":38}}],"line":164},"16":{"loc":{"start":{"line":171,"column":32},"end":{"line":171,"column":91}},"type":"cond-expr","locations":[{"start":{"line":171,"column":73},"end":{"line":171,"column":86}},{"start":{"line":171,"column":89},"end":{"line":171,"column":91}}],"line":171},"17":{"loc":{"start":{"line":172,"column":15},"end":{"line":172,"column":68}},"type":"cond-expr","locations":[{"start":{"line":172,"column":31},"end":{"line":172,"column":56}},{"start":{"line":172,"column":59},"end":{"line":172,"column":68}}],"line":172},"18":{"loc":{"start":{"line":180,"column":32},"end":{"line":180,"column":99}},"type":"cond-expr","locations":[{"start":{"line":180,"column":73},"end":{"line":180,"column":94}},{"start":{"line":180,"column":97},"end":{"line":180,"column":99}}],"line":180},"19":{"loc":{"start":{"line":186,"column":9},"end":{"line":193,"column":9}},"type":"binary-expr","locations":[{"start":{"line":186,"column":9},"end":{"line":186,"column":22}},{"start":{"line":187,"column":10},"end":{"line":192,"column":27}}],"line":186},"20":{"loc":{"start":{"line":197,"column":9},"end":{"line":201,"column":9}},"type":"binary-expr","locations":[{"start":{"line":197,"column":9},"end":{"line":197,"column":22}},{"start":{"line":198,"column":10},"end":{"line":200,"column":18}}],"line":197},"21":{"loc":{"start":{"line":209,"column":13},"end":{"line":216,"column":13}},"type":"cond-expr","locations":[{"start":{"line":210,"column":14},"end":{"line":213,"column":17}},{"start":{"line":215,"column":14},"end":{"line":215,"column":31}}],"line":209}},"s":{"0":0,"1":0,"2":0,"3":0,"4":0,"5":0,"6":0,"7":0,"8":0,"9":0,"10":0,"11":0,"12":0,"13":0,"14":0,"15":0,"16":0,"17":0,"18":0,"19":0,"20":0,"21":0,"22":0,"23":0,"24":0,"25":0,"26":0,"27":0,"28":0,"29":0,"30":0,"31":0,"32":0,"33":0,"34":0,"35":0,"36":0,"37":0,"38":0,"39":0,"40":0,"41":0,"42":0,"43":0,"44":0,"45":0,"46":0,"47":0,"48":0,"49":0,"50":0,"51":0,"52":0,"53":0,"54":0,"55":0,"56":0,"57":0,"58":0,"59":0,"60":0,"61":0,"62":0,"63":0,"64":0,"65":0,"66":0,"67":0,"68":0,"69":0,"70":0,"71":0,"72":0,"73":0,"74":0,"75":0,"76":0,"77":0,"78":0,"79":0,"80":0},"f":{"0":0,"1":0,"2":0,"3":0,"4":0,"5":0,"6":0,"7":0,"8":0,"9":0},"b":{"0":[0,0],"1":[0,0],"2":[0,0],"3":[0,0],"4":[0,0],"5":[0,0],"6":[0,0],"7":[0,0],"8":[0,0],"9":[0,0],"10":[0,0],"11":[0,0],"12":[0,0],"13":[0,0],"14":[0,0],"15":[0,0],"16":[0,0],"17":[0,0],"18":[0,0],"19":[0,0],"20":[0,0],"21":[0,0]}}
,"/Users/DKAdmin/Documents/LangChef/frontend/src/components/TestPage.js": {"path":"/Users/DKAdmin/Documents/LangChef/frontend/src/components/TestPage.js","statementMap":{"0":{"start":{"line":3,"column":17},"end":{"line":10,"column":1}},"1":{"start":{"line":4,"column":2},"end":{"line":9,"column":4}}},"fnMap":{"0":{"name":"(anonymous_0)","decl":{"start":{"line":3,"column":17},"end":{"line":3,"column":18}},"loc":{"start":{"line":3,"column":23},"end":{"line":10,"column":1}},"line":3}},"branchMap":{},"s":{"0":0,"1":0},"f":{"0":0},"b":{}}
,"/Users/DKAdmin/Documents/LangChef/frontend/src/components/UserProfile.js": {"path":"/Users/DKAdmin/Documents/LangChef/frontend/src/components/UserProfile.js","statementMap":{"0":{"start":{"line":22,"column":20},"end":{"line":239,"column":1}},"1":{"start":{"line":23,"column":58},"end":{"line":23,"column":67}},"2":{"start":{"line":24,"column":34},"end":{"line":24,"column":48}},"3":{"start":{"line":25,"column":38},"end":{"line":25,"column":53}},"4":{"start":{"line":26,"column":15},"end":{"line":26,"column":32}},"5":{"start":{"line":28,"column":22},"end":{"line":30,"column":3}},"6":{"start":{"line":29,"column":4},"end":{"line":29,"column":37}},"7":{"start":{"line":32,"column":22},"end":{"line":34,"column":3}},"8":{"start":{"line":33,"column":4},"end":{"line":33,"column":22}},"9":{"start":{"line":36,"column":23},"end":{"line":39,"column":3}},"10":{"start":{"line":37,"column":4},"end":{"line":37,"column":18}},"11":{"start":{"line":38,"column":4},"end":{"line":38,"column":13}},"12":{"start":{"line":41,"column":31},"end":{"line":46,"column":3}},"13":{"start":{"line":42,"column":4},"end":{"line":42,"column":24}},"14":{"start":{"line":43,"column":4},"end":{"line":43,"column":27}},"15":{"start":{"line":44,"column":4},"end":{"line":44,"column":25}},"16":{"start":{"line":45,"column":4},"end":{"line":45,"column":18}},"17":{"start":{"line":49,"column":30},"end":{"line":74,"column":3}},"18":{"start":{"line":50,"column":4},"end":{"line":50,"column":41}},"19":{"start":{"line":50,"column":24},"end":{"line":50,"column":41}},"20":{"start":{"line":52,"column":16},"end":{"line":52,"column":26}},"21":{"start":{"line":53,"column":19},"end":{"line":53,"column":42}},"22":{"start":{"line":56,"column":4},"end":{"line":58,"column":5}},"23":{"start":{"line":57,"column":6},"end":{"line":57,"column":97}},"24":{"start":{"line":61,"column":21},"end":{"line":61,"column":34}},"25":{"start":{"line":62,"column":4},"end":{"line":62,"column":45}},"26":{"start":{"line":63,"column":4},"end":{"line":65,"column":5}},"27":{"start":{"line":64,"column":6},"end":{"line":64,"column":100}},"28":{"start":{"line":68,"column":4},"end":{"line":73,"column":7}},"29":{"start":{"line":77,"column":29},"end":{"line":99,"column":3}},"30":{"start":{"line":78,"column":4},"end":{"line":78,"column":36}},"31":{"start":{"line":78,"column":24},"end":{"line":78,"column":36}},"32":{"start":{"line":80,"column":16},"end":{"line":80,"column":26}},"33":{"start":{"line":81,"column":19},"end":{"line":81,"column":42}},"34":{"start":{"line":82,"column":17},"end":{"line":82,"column":29}},"35":{"start":{"line":85,"column":4},"end":{"line":88,"column":5}},"36":{"start":{"line":86,"column":22},"end":{"line":86,"column":52}},"37":{"start":{"line":87,"column":6},"end":{"line":87,"column":60}},"38":{"start":{"line":91,"column":4},"end":{"line":94,"column":5}},"39":{"start":{"line":92,"column":20},"end":{"line":92,"column":55}},"40":{"start":{"line":93,"column":6},"end":{"line":93,"column":54}},"41":{"start":{"line":97,"column":17},"end":{"line":97,"column":57}},"42":{"start":{"line":98,"column":4},"end":{"line":98,"column":49}},"43":{"start":{"line":102,"column":24},"end":{"line":121,"column":3}},"44":{"start":{"line":103,"column":4},"end":{"line":103,"column":39}},"45":{"start":{"line":103,"column":24},"end":{"line":103,"column":39}},"46":{"start":{"line":105,"column":16},"end":{"line":105,"column":26}},"47":{"start":{"line":106,"column":19},"end":{"line":106,"column":42}},"48":{"start":{"line":107,"column":17},"end":{"line":107,"column":29}},"49":{"start":{"line":110,"column":4},"end":{"line":112,"column":5}},"50":{"start":{"line":111,"column":6},"end":{"line":111,"column":21}},"51":{"start":{"line":115,"column":4},"end":{"line":117,"column":5}},"52":{"start":{"line":116,"column":6},"end":{"line":116,"column":23}},"53":{"start":{"line":120,"column":4},"end":{"line":120,"column":21}},"54":{"start":{"line":124,"column":25},"end":{"line":127,"column":3}},"55":{"start":{"line":125,"column":4},"end":{"line":125,"column":29}},"56":{"start":{"line":125,"column":15},"end":{"line":125,"column":29}},"57":{"start":{"line":126,"column":4},"end":{"line":126,"column":95}},"58":{"start":{"line":130,"column":27},"end":{"line":133,"column":3}},"59":{"start":{"line":131,"column":24},"end":{"line":131,"column":40}},"60":{"start":{"line":132,"column":4},"end":{"line":132,"column":47}},"61":{"start":{"line":135,"column":2},"end":{"line":135,"column":25}},"62":{"start":{"line":135,"column":13},"end":{"line":135,"column":25}},"63":{"start":{"line":137,"column":2},"end":{"line":238,"column":4}}},"fnMap":{"0":{"name":"(anonymous_0)","decl":{"start":{"line":22,"column":20},"end":{"line":22,"column":21}},"loc":{"start":{"line":22,"column":26},"end":{"line":239,"column":1}},"line":22},"1":{"name":"(anonymous_1)","decl":{"start":{"line":28,"column":22},"end":{"line":28,"column":23}},"loc":{"start":{"line":28,"column":33},"end":{"line":30,"column":3}},"line":28},"2":{"name":"(anonymous_2)","decl":{"start":{"line":32,"column":22},"end":{"line":32,"column":23}},"loc":{"start":{"line":32,"column":28},"end":{"line":34,"column":3}},"line":32},"3":{"name":"(anonymous_3)","decl":{"start":{"line":36,"column":23},"end":{"line":36,"column":24}},"loc":{"start":{"line":36,"column":29},"end":{"line":39,"column":3}},"line":36},"4":{"name":"(anonymous_4)","decl":{"start":{"line":41,"column":31},"end":{"line":41,"column":32}},"loc":{"start":{"line":41,"column":43},"end":{"line":46,"column":3}},"line":41},"5":{"name":"(anonymous_5)","decl":{"start":{"line":49,"column":30},"end":{"line":49,"column":31}},"loc":{"start":{"line":49,"column":36},"end":{"line":74,"column":3}},"line":49},"6":{"name":"(anonymous_6)","decl":{"start":{"line":77,"column":29},"end":{"line":77,"column":30}},"loc":{"start":{"line":77,"column":35},"end":{"line":99,"column":3}},"line":77},"7":{"name":"(anonymous_7)","decl":{"start":{"line":102,"column":24},"end":{"line":102,"column":25}},"loc":{"start":{"line":102,"column":30},"end":{"line":121,"column":3}},"line":102},"8":{"name":"(anonymous_8)","decl":{"start":{"line":124,"column":25},"end":{"line":124,"column":26}},"loc":{"start":{"line":124,"column":31},"end":{"line":127,"column":3}},"line":124},"9":{"name":"(anonymous_9)","decl":{"start":{"line":130,"column":27},"end":{"line":130,"column":28}},"loc":{"start":{"line":130,"column":33},"end":{"line":133,"column":3}},"line":130}},"branchMap":{"0":{"loc":{"start":{"line":50,"column":4},"end":{"line":50,"column":41}},"type":"if","locations":[{"start":{"line":50,"column":4},"end":{"line":50,"column":41}},{"start":{},"end":{}}],"line":50},"1":{"loc":{"start":{"line":56,"column":4},"end":{"line":58,"column":5}},"type":"if","locations":[{"start":{"line":56,"column":4},"end":{"line":58,"column":5}},{"start":{},"end":{}}],"line":56},"2":{"loc":{"start":{"line":63,"column":4},"end":{"line":65,"column":5}},"type":"if","locations":[{"start":{"line":63,"column":4},"end":{"line":65,"column":5}},{"start":{},"end":{}}],"line":63},"3":{"loc":{"start":{"line":78,"column":4},"end":{"line":78,"column":36}},"type":"if","locations":[{"start":{"line":78,"column":4},"end":{"line":78,"column":36}},{"start":{},"end":{}}],"line":78},"4":{"loc":{"start":{"line":85,"column":4},"end":{"line":88,"column":5}},"type":"if","locations":[{"start":{"line":85,"column":4},"end":{"line":88,"column":5}},{"start":{},"end":{}}],"line":85},"5":{"loc":{"start":{"line":87,"column":33},"end":{"line":87,"column":57}},"type":"cond-expr","locations":[{"start":{"line":87,"column":49},"end":{"line":87,"column":52}},{"start":{"line":87,"column":55},"end":{"line":87,"column":57}}],"line":87},"6":{"loc":{"start":{"line":91,"column":4},"end":{"line":94,"column":5}},"type":"if","locations":[{"start":{"line":91,"column":4},"end":{"line":94,"column":5}},{"start":{},"end":{}}],"line":91},"7":{"loc":{"start":{"line":93,"column":29},"end":{"line":93,"column":51}},"type":"cond-expr","locations":[{"start":{"line":93,"column":43},"end":{"line":93,"column":46}},{"start":{"line":93,"column":49},"end":{"line":93,"column":51}}],"line":93},"8":{"loc":{"start":{"line":98,"column":25},"end":{"line":98,"column":46}},"type":"cond-expr","locations":[{"start":{"line":98,"column":38},"end":{"line":98,"column":41}},{"start":{"line":98,"column":44},"end":{"line":98,"column":46}}],"line":98},"9":{"loc":{"start":{"line":103,"column":4},"end":{"line":103,"column":39}},"type":"if","locations":[{"start":{"line":103,"column":4},"end":{"line":103,"column":39}},{"start":{},"end":{}}],"line":103},"10":{"loc":{"start":{"line":110,"column":4},"end":{"line":112,"column":5}},"type":"if","locations":[{"start":{"line":110,"column":4},"end":{"line":112,"column":5}},{"start":{},"end":{}}],"line":110},"11":{"loc":{"start":{"line":115,"column":4},"end":{"line":117,"column":5}},"type":"if","locations":[{"start":{"line":115,"column":4},"end":{"line":117,"column":5}},{"start":{},"end":{}}],"line":115},"12":{"loc":{"start":{"line":125,"column":4},"end":{"line":125,"column":29}},"type":"if","locations":[{"start":{"line":125,"column":4},"end":{"line":125,"column":29}},{"start":{},"end":{}}],"line":125},"13":{"loc":{"start":{"line":126,"column":11},"end":{"line":126,"column":94}},"type":"binary-expr","locations":[{"start":{"line":126,"column":11},"end":{"line":126,"column":25}},{"start":{"line":126,"column":29},"end":{"line":126,"column":38}},{"start":{"line":126,"column":42},"end":{"line":126,"column":55}},{"start":{"line":126,"column":59},"end":{"line":126,"column":84}},{"start":{"line":126,"column":88},"end":{"line":126,"column":94}}],"line":126},"14":{"loc":{"start":{"line":135,"column":2},"end":{"line":135,"column":25}},"type":"if","locations":[{"start":{"line":135,"column":2},"end":{"line":135,"column":25}},{"start":{},"end":{}}],"line":135},"15":{"loc":{"start":{"line":145,"column":27},"end":{"line":145,"column":60}},"type":"cond-expr","locations":[{"start":{"line":145,"column":34},"end":{"line":145,"column":48}},{"start":{"line":145,"column":51},"end":{"line":145,"column":60}}],"line":145},"16":{"loc":{"start":{"line":147,"column":27},"end":{"line":147,"column":52}},"type":"cond-expr","locations":[{"start":{"line":147,"column":34},"end":{"line":147,"column":40}},{"start":{"line":147,"column":43},"end":{"line":147,"column":52}}],"line":147},"17":{"loc":{"start":{"line":203,"column":13},"end":{"line":203,"column":47}},"type":"binary-expr","locations":[{"start":{"line":203,"column":13},"end":{"line":203,"column":23}},{"start":{"line":203,"column":27},"end":{"line":203,"column":47}}],"line":203},"18":{"loc":{"start":{"line":227,"column":11},"end":{"line":227,"column":67}},"type":"cond-expr","locations":[{"start":{"line":227,"column":24},"end":{"line":227,"column":47}},{"start":{"line":227,"column":50},"end":{"line":227,"column":67}}],"line":227}},"s":{"0":0,"1":0,"2":0,"3":0,"4":0,"5":0,"6":0,"7":0,"8":0,"9":0,"10":0,"11":0,"12":0,"13":0,"14":0,"15":0,"16":0,"17":0,"18":0,"19":0,"20":0,"21":0,"22":0,"23":0,"24":0,"25":0,"26":0,"27":0,"28":0,"29":0,"30":0,"31":0,"32":0,"33":0,"34":0,"35":0,"36":0,"37":0,"38":0,"39":0,"40":0,"41":0,"42":0,"43":0,"44":0,"45":0,"46":0,"47":0,"48":0,"49":0,"50":0,"51":0,"52":0,"53":0,"54":0,"55":0,"56":0,"57":0,"58":0,"59":0,"60":0,"61":0,"62":0,"63":0},"f":{"0":0,"1":0,"2":0,"3":0,"4":0,"5":0,"6":0,"7":0,"8":0,"9":0},"b":{"0":[0,0],"1":[0,0],"2":[0,0],"3":[0,0],"4":[0,0],"5":[0,0],"6":[0,0],"7":[0,0],"8":[0,0],"9":[0,0],"10":[0,0],"11":[0,0],"12":[0,0],"13":[0,0,0,0,0],"14":[0,0],"15":[0,0],"16":[0,0],"17":[0,0],"18":[0,0]}}
[...]
"name":"(anonymous_11)","decl":{"start":{"line":200,"column":24},"end":{"line":200,"column":25}},"loc":{"start":{"line":200,"column":31},"end":{"line":200,"column":81}},"line":200},"12":{"name":"(anonymous_12)","decl":{"start":{"line":207,"column":24},"end":{"line":207,"column":25}},"loc":{"start":{"line":207,"column":31},"end":{"line":207,"column":88}},"line":207},"13":{"name":"(anonymous_13)","decl":{"start":{"line":217,"column":26},"end":{"line":217,"column":27}},"loc":{"start":{"line":217,"column":33},"end":{"line":217,"column":83}},"line":217},"14":{"name":"(anonymous_14)","decl":{"start":{"line":228,"column":27},"end":{"line":228,"column":28}},"loc":{"start":{"line":228,"column":33},"end":{"line":228,"column":53}},"line":228}},"branchMap":{"0":{"loc":{"start":{"line":44,"column":8},"end":{"line":47,"column":9}},"type":"if","locations":[{"start":{"line":44,"column":8},"end":{"line":47,"column":9}},{"start":{},"end":{}}],"line":44},"1":{"loc":{"start":{"line":44,"column":12},"end":{"line":44,"column":52}},"type":"binary-expr","locations":[{"start":{"line":44,"column":12},"end":{"line":44,"column":20}},{"start":{"line":44,"column":24},"end":{"line":44,"column":52}}],"line":44},"2":{"loc":{"start":{"line":113,"column":4},"end":{"line":122,"column":5}},"type":"switch","locations":[{"start":{"line":114,"column":6},"end":{"line":115,"column":25}},{"start":{"line":116,"column":6},"end":{"line":117,"column":25}},{"start":{"line":118,"column":6},"end":{"line":119,"column":23}},{"start":{"line":120,"column":6},"end":{"line":121,"column":25}}],"line":113},"3":{"loc":{"start":{"line":176,"column":9},"end":{"line":189,"column":9}},"type":"cond-expr","locations":[{"start":{"line":177,"column":10},"end":{"line":179,"column":16}},{"start":{"line":181,"column":10},"end":{"line":188,"column":12}}],"line":176}},"s":{"0":0,"1":0,"2":0,"3":0,"4":0,"5":0,"6":0,"7":0,"8":0,"9":0,"10":0,"11":0,"12":0,"13":0,"14":0,"15":0,"16":0,"17":0,"18":0,"19":0,"20":0,"21":0,"22":0,"23":0,"24":0,"25":0,"26":0,"27":0,"28":0,"29":0,"30":0,"31":0,"32":0,"33":0,"34":0,"35":0,"36":0,"37":0,"38":0,"39":0,"40":0,"41":0,"42":0,"43":0,"44":0,"45":0,"46":0},"f":{"0":0,"1":0,"2":0,"3":0,"4":0,"5":0,"6":0,"7":0,"8":0,"9":0,"10":0,"11":0,"12":0,"13":0,"14":0},"b":{"0":[0,0],"1":[0,0],"2":[0,0,0,0],"3":[0,0]}}
,"/Users/DKAdmin/Documents/LangChef/frontend/src/services/api.js": {"path":"/Users/DKAdmin/Documents/LangChef/frontend/src/services/api.js","statementMap":{"0":{"start":{"line":4,"column":12},"end":{"line":9,"column":2}},"1":{"start":{"line":12,"column":0},"end":{"line":28,"column":2}},"2":{"start":{"line":14,"column":18},"end":{"line":14,"column":47}},"3":{"start":{"line":16,"column":4},"end":{"line":20,"column":5}},"4":{"start":{"line":18,"column":29},"end":{"line":18,"column":84}},"5":{"start":{"line":19,"column":6},"end":{"line":19,"column":55}},"6":{"start":{"line":22,"column":4},"end":{"line":22,"column":18}},"7":{"start":{"line":25,"column":4},"end":{"line":25,"column":47}},"8":{"start":{"line":26,"column":4},"end":{"line":26,"column":33}},"9":{"start":{"line":31,"column":0},"end":{"line":45,"column":2}},"10":{"start":{"line":33,"column":4},"end":{"line":33,"column":20}},"11":{"start":{"line":36,"column":4},"end":{"line":42,"column":5}},"12":{"start":{"line":37,"column":6},"end":{"line":41,"column":8}},"13":{"start":{"line":43,"column":4},"end":{"line":43,"column":33}},"14":{"start":{"line":48,"column":25},"end":{"line":51,"column":1}},"15":{"start":{"line":49,"column":22},"end":{"line":49,"column":54}},"16":{"start":{"line":50,"column":27},"end":{"line":50,"column":71}},"17":{"start":{"line":54,"column":24},"end":{"line":61,"column":1}},"18":{"start":{"line":55,"column":22},"end":{"line":55,"column":55}},"19":{"start":{"line":56,"column":19},"end":{"line":56,"column":46}},"20":{"start":{"line":57,"column":20},"end":{"line":57,"column":48}},"21":{"start":{"line":58,"column":24},"end":{"line":58,"column":57}},"22":{"start":{"line":59,"column":18},"end":{"line":59,"column":48}},"23":{"start":{"line":60,"column":35},"end":{"line":60,"column":85}},"24":{"start":{"line":64,"column":26},"end":{"line":71,"column":1}},"25":{"start":{"line":65,"column":22},"end":{"line":65,"column":57}},"26":{"start":{"line":66,"column":19},"end":{"line":66,"column":48}},"27":{"start":{"line":67,"column":20},"end":{"line":67,"column":50}},"28":{"start":{"line":68,"column":24},"end":{"line":68,"column":59}},"29":{"start":{"line":69,"column":18},"end":{"line":69,"column":50}},"30":{"start":{"line":70,"column":23},"end":{"line":70,"column":61}},"31":{"start":{"line":74,"column":27},"end":{"line":103,"column":1}},"32":{"start":{"line":75,"column":22},"end":{"line":75,"column":58}},"33":{"start":{"line":76,"column":19},"end":{"line":76,"column":49}},"34":{"start":{"line":77,"column":20},"end":{"line":77,"column":51}},"35":{"start":{"line":78,"column":24},"end":{"line":78,"column":60}},"36":{"start":{"line":79,"column":18},"end":{"line":79,"column":51}},"37":{"start":{"line":80,"column":28},"end":{"line":80,"column":76}},"38":{"start":{"line":81,"column":28},"end":{"line":81,"column":71}},"39":{"start":{"line":82,"column":30},"end":{"line":82,"column":79}},"40":{"start":{"line":83,"column":34},"end":{"line":83,"column":88}},"41":{"start":{"line":85,"column":4},"end":{"line":89,"column":7}},"42":{"start":{"line":92,"column":4},"end":{"line":96,"column":7}},"43":{"start":{"line":98,"column":18},"end":{"line":100,"column":4}},"44":{"start":{"line":101,"column":31},"end":{"line":101,"column":72}},"45":{"start":{"line":102,"column":23},"end":{"line":102,"column":62}},"46":{"start":{"line":106,"column":30},"end":{"line":122,"column":1}},"47":{"start":{"line":107,"column":22},"end":{"line":107,"column":61}},"48":{"start":{"line":108,"column":19},"end":{"line":108,"column":52}},"49":{"start":{"line":109,"column":20},"end":{"line":109,"column":54}},"50":{"start":{"line":110,"column":24},"end":{"line":110,"column":63}},"51":{"start":{"line":111,"column":18},"end":{"line":111,"column":54}},"52":{"start":{"line":112,"column":30},"end":{"line":112,"column":83}},"53":{"start":{"line":113,"column":27},"end":{"line":113,"column":77}},"54":{"start":{"line":114,"column":34},"end":{"line":114,"column":91}},"55":{"start":{"line":115,"column":40},"end":{"line":115,"column":102}},"56":{"start":{"line":116,"column":22},"end":{"line":116,"column":63}},"57":{"start":{"line":117,"column":21},"end":{"line":117,"column":65}},"58":{"start":{"line":118,"column":17},"end":{"line":118,"column":57}},"59":{"start":{"line":119,"column":18},"end":{"line":121,"column":4}},"60":{"start":{"line":125,"column":25},"end":{"line":135,"column":1}},"61":{"start":{"line":126,"column":22},"end":{"line":126,"column":56}},"62":{"start":{"line":127,"column":19},"end":{"line":127,"column":47}},"63":{"start":{"line":128,"column":20},"end":{"line":128,"column":49}},"64":{"start":{"line":129,"column":24},"end":{"line":129,"column":58}},"65":{"start":{"line":130,"column":18},"end":{"line":130,"column":49}},"66":{"start":{"line":131,"column":28},"end":{"line":131,"column":74}},"67":{"start":{"line":132,"column":28},"end":{"line":132,"column":69}},"68":{"start":{"line":133,"column":41},"end":{"line":133,"column":96}},"69":{"start":{"line":134,"column":20},"end":{"line":134,"column":58}},"70":{"start":{"line":138,"column":26},"end":{"line":142,"column":1}},"71":{"start":{"line":139,"column":32},"end":{"line":139,"column":81}},"72":{"start":{"line":140,"column":31},"end":{"line":140,"column":111}},"73":{"start":{"line":141,"column":22},"end":{"line":141,"column":55}},"74":{"start":{"line":145,"column":20},"end":{"line":153,"column":1}}},"fnMap":{"0":{"name":"(anonymous_0)","decl":{"start":{"line":13,"column":2},"end":{"line":13,"column":3}},"loc":{"start":{"line":13,"column":14},"end":{"line":23,"column":3}},"line":13},"1":{"name":"(anonymous_1)","decl":{"start":{"line":24,"column":2},"end":{"line":24,"column":3}},"loc":{"start":{"line":24,"column":13},"end":{"line":27,"column":3}},"line":24},"2":{"name":"(anonymous_2)","decl":{"start":{"line":32,"column":2},"end":{"line":32,"column":3}},"loc":{"start":{"line":32,"column":16},"end":{"line":34,"column":3}},"line":32},"3":{"name":"(anonymous_3)","decl":{"start":{"line":35,"column":2},"end":{"line":35,"column":3}},"loc":{"start":{"line":35,"column":13},"end":{"line":44,"column":3}},"line":35},"4":{"name":"(anonymous_4)","decl":{"start":{"line":49,"column":16},"end":{"line":49,"column":17}},"loc":{"start":{"line":49,"column":22},"end":{"line":49,"column":54}},"line":49},"5":{"name":"(anonymous_5)","decl":{"start":{"line":50,"column":17},"end":{"line":50,"column":18}},"loc":{"start":{"line":50,"column":27},"end":{"line":50,"column":71}},"line":50},"6":{"name":"(anonymous_6)","decl":{"start":{"line":55,"column":10},"end":{"line":55,"column":11}},"loc":{"start":{"line":55,"column":22},"end":{"line":55,"column":55}},"line":55},"7":{"name":"(anonymous_7)","decl":{"start":{"line":56,"column":11},"end":{"line":56,"column":12}},"loc":{"start":{"line":56,"column":19},"end":{"line":56,"column":46}},"line":56},"8":{"name":"(anonymous_8)","decl":{"start":{"line":57,"column":10},"end":{"line":57,"column":11}},"loc":{"start":{"line":57,"column":20},"end":{"line":57,"column":48}},"line":57},"9":{"name":"(anonymous_9)","decl":{"start":{"line":58,"column":10},"end":{"line":58,"column":11}},"loc":{"start":{"line":58,"column":24},"end":{"line":58,"column":57}},"line":58},"10":{"name":"(anonymous_10)","decl":{"start":{"line":59,"column":10},"end":{"line":59,"column":11}},"loc":{"start":{"line":59,"column":18},"end":{"line":59,"column":48}},"line":59},"11":{"name":"(anonymous_11)","decl":{"start":{"line":60,"column":14},"end":{"line":60,"column":15}},"loc":{"start":{"line":60,"column":35},"end":{"line":60,"column":85}},"line":60},"12":{"name":"(anonymous_12)","decl":{"start":{"line":65,"column":10},"end":{"line":65,"column":11}},"loc":{"start":{"line":65,"column":22},"end":{"line":65,"column":57}},"line":65},"13":{"name":"(anonymous_13)","decl":{"start":{"line":66,"column":11},"end":{"line":66,"column":12}},"loc":{"start":{"line":66,"column":19},"end":{"line":66,"column":48}},"line":66},"14":{"name":"(anonymous_14)","decl":{"start":{"line":67,"column":10},"end":{"line":67,"column":11}},"loc":{"start":{"line":67,"column":20},"end":{"line":67,"column":50}},"line":67},"15":{"name":"(anonymous_15)","decl":{"start":{"line":68,"column":10},"end":{"line":68,"column":11}},"loc":{"start":{"line":68,"column":24},"end":{"line":68,"column":59}},"line":68},"16":{"name":"(anonymous_16)","decl":{"start":{"line":69,"column":10},"end":{"line":69,"column":11}},"loc":{"start":{"line":69,"column":18},"end":{"line":69,"column":50}},"line":69},"17":{"name":"(anonymous_17)","decl":{"start":{"line":70,"column":15},"end":{"line":70,"column":16}},"loc":{"start":{"line":70,"column":23},"end":{"line":70,"column":61}},"line":70},"18":{"name":"(anonymous_18)","decl":{"start":{"line":75,"column":10},"end":{"line":75,"column":11}},"loc":{"start":{"line":75,"column":22},"end":{"line":75,"column":58}},"line":75},"19":{"name":"(anonymous_19)","decl":{"start":{"line":76,"column":11},"end":{"line":76,"column":12}},"loc":{"start":{"line":76,"column":19},"end":{"line":76,"column":49}},"line":76},"20":{"name":"(anonymous_20)","decl":{"start":{"line":77,"column":10},"end":{"line":77,"column":11}},"loc":{"start":{"line":77,"column":20},"end":{"line":77,"column":51}},"line":77},"21":{"name":"(anonymous_21)","decl":{"start":{"line":78,"column":10},"end":{"line":78,"column":11}},"loc":{"start":{"line":78,"column":24},"end":{"line":78,"column":60}},"line":78},"22":{"name":"(anonymous_22)","decl":{"start":{"line":79,"column":10},"end":{"line":79,"column":11}},"loc":{"start":{"line":79,"column":18},"end":{"line":79,"column":51}},"line":79},"23":{"name":"(anonymous_23)","decl":{"start":{"line":80,"column":12},"end":{"line":80,"column":13}},"loc":{"start":{"line":80,"column":28},"end":{"line":80,"column":76}},"line":80},"24":{"name":"(anonymous_24)","decl":{"start":{"line":81,"column":14},"end":{"line":81,"column":15}},"loc":{"start":{"line":81,"column":28},"end":{"line":81,"column":71}},"line":81},"25":{"name":"(anonymous_25)","decl":{"start":{"line":82,"column":14},"end":{"line":82,"column":15}},"loc":{"start":{"line":82,"column":30},"end":{"line":82,"column":79}},"line":82},"26":{"name":"(anonymous_26)","decl":{"start":{"line":83,"column":18},"end":{"line":83,"column":19}},"loc":{"start":{"line":83,"column":34},"end":{"line":83,"column":88}},"line":83},"27":{"name":"(anonymous_27)","decl":{"start":{"line":84,"column":10},"end":{"line":84,"column":11}},"loc":{"start":{"line":84,"column":24},"end":{"line":90,"column":3}},"line":84},"28":{"name":"(anonymous_28)","decl":{"start":{"line":91,"column":13},"end":{"line":91,"column":14}},"loc":{"start":{"line":91,"column":27},"end":{"line":97,"column":3}},"line":91},"29":{"name":"(anonymous_29)","decl":{"start":{"line":98,"column":10},"end":{"line":98,"column":11}},"loc":{"start":{"line":98,"column":18},"end":{"line":100,"column":4}},"line":98},"30":{"name":"(anonymous_30)","decl":{"start":{"line":101,"column":17},"end":{"line":101,"column":18}},"loc":{"start":{"line":101,"column":31},"end":{"line":101,"column":72}},"line":101},"31":{"name":"(anonymous_31)","decl":{"start":{"line":102,"column":15},"end":{"line":102,"column":16}},"loc":{"start":{"line":102,"column":23},"end":{"line":102,"column":62}},"line":102},"32":{"name":"(anonymous_32)","decl":{"start":{"line":107,"column":10},"end":{"line":107,"column":11}},"loc":{"start":{"line":107,"column":22},"end":{"line":107,"column":61}},"line":107},"33":{"name":"(anonymous_33)","decl":{"start":{"line":108,"column":11},"end":{"line":108,"column":12}},"loc":{"start":{"line":108,"column":19},"end":{"line":108,"column":52}},"line":108},"34":{"name":"(anonymous_34)","decl":{"start":{"line":109,"column":10},"end":{"line":109,"column":11}},"loc":{"start":{"line":109,"column":20},"end":{"line":109,"column":54}},"line":109},"35":{"name":"(anonymous_35)","decl":{"start":{"line":110,"column":10},"end":{"line":110,"column":11}},"loc":{"start":{"line":110,"column":24},"end":{"line":110,"column":63}},"line":110},"36":{"name":"(anonymous_36)","decl":{"start":{"line":111,"column":10},"end":{"line":111,"column":11}},"loc":{"start":{"line":111,"column":18},"end":{"line":111,"column":54}},"line":111},"37":{"name":"(anonymous_37)","decl":{"start":{"line":112,"column":14},"end":{"line":112,"column":15}},"loc":{"start":{"line":112,"column":30},"end":{"line":112,"column":83}},"line":112},"38":{"name":"(anonymous_38)","decl":{"start":{"line":113,"column":11},"end":{"line":113,"column":12}},"loc":{"start":{"line":113,"column":27},"end":{"line":113,"column":77}},"line":113},"39":{"name":"(anonymous_39)","decl":{"start":{"line":114,"column":18},"end":{"line":114,"column":19}},"loc":{"start":{"line":114,"column":34},"end":{"line":114,"column":91}},"line":114},"40":{"name":"(anonymous_40)","decl":{"start":{"line":115,"column":13},"end":{"line":115,"column":14}},"loc":{"start":{"line":115,"column":40},"end":{"line":115,"column":102}},"line":115},"41":{"name":"(anonymous_41)","decl":{"start":{"line":116,"column":14},"end":{"line":116,"column":15}},"loc":{"start":{"line":116,"column":22},"end":{"line":116,"column":63}},"line":116},"42":{"name":"(anonymous_42)","decl":{"start":{"line":117,"column":7},"end":{"line":117,"column":8}},"loc":{"start":{"line":117,"column":21},"end":{"line":117,"column":65}},"line":117},"43":{"name":"(anonymous_43)","decl":{"start":{"line":118,"column":9},"end":{"line":118,"column":10}},"loc":{"start":{"line":118,"column":17},"end":{"line":118,"column":57}},"line":118},"44":{"name":"(anonymous_44)","decl":{"start":{"line":119,"column":10},"end":{"line":119,"column":11}},"loc":{"start":{"line":119,"column":18},"end":{"line":121,"column":4}},"line":119},"45":{"name":"(anonymous_45)","decl":{"start":{"line":126,"column":10},"end":{"line":126,"column":11}},"loc":{"start":{"line":126,"column":22},"end":{"line":126,"column":56}},"line":126},"46":{"name":"(anonymous_46)","decl":{"start":{"line":127,"column":11},"end":{"line":127,"column":12}},"loc":{"start":{"line":127,"column":19},"end":{"line":127,"column":47}},"line":127},"47":{"name":"(anonymous_47)","decl":{"start":{"line":128,"column":10},"end":{"line":128,"column":11}},"loc":{"start":{"line":128,"column":20},"end":{"line":128,"column":49}},"line":128},"48":{"name":"(anonymous_48)","decl":{"start":{"line":129,"column":10},"end":{"line":129,"column":11}},"loc":{"start":{"line":129,"column":24},"end":{"line":129,"column":58}},"line":129},"49":{"name":"(anonymous_49)","decl":{"start":{"line":130,"column":10},"end":{"line":130,"column":11}},"loc":{"start":{"line":130,"column":18},"end":{"line":130,"column":49}},"line":130},"50":{"name":"(anonymous_50)","decl":{"start":{"line":131,"column":12},"end":{"line":131,"column":13}},"loc":{"start":{"line":131,"column":28},"end":{"line":131,"column":74}},"line":131},"51":{"name":"(anonymous_51)","decl":{"start":{"line":132,"column":14},"end":{"line":132,"column":15}},"loc":{"start":{"line":132,"column":28},"end":{"line":132,"column":69}},"line":132},"52":{"name":"(anonymous_52)","decl":{"start":{"line":133,"column":14},"end":{"line":133,"column":15}},"loc":{"start":{"line":133,"column":41},"end":{"line":133,"column":96}},"line":133},"53":{"name":"(anonymous_53)","decl":{"start":{"line":134,"column":12},"end":{"line":134,"column":13}},"loc":{"start":{"line":134,"column":20},"end":{"line":134,"column":58}},"line":134},"54":{"name":"(anonymous_54)","decl":{"start":{"line":139,"column":24},"end":{"line":139,"column":25}},"loc":{"start":{"line":139,"column":32},"end":{"line":139,"column":81}},"line":139},"55":{"name":"(anonymous_55)","decl":{"start":{"line":140,"column":22},"end":{"line":140,"column":23}},"loc":{"start":{"line":140,"column":31},"end":{"line":140,"column":111}},"line":140},"56":{"name":"(anonymous_56)","decl":{"start":{"line":141,"column":16},"end":{"line":141,"column":17}},"loc":{"start":{"line":141,"column":22},"end":{"line":141,"column":55}},"line":141}},"branchMap":{"0":{"loc":{"start":{"line":5,"column":11},"end":{"line":5,"column":67}},"type":"binary-expr","locations":[{"start":{"line":5,"column":11},"end":{"line":5,"column":40}},{"start":{"line":5,"column":44},"end":{"line":5,"column":67}}],"line":5},"1":{"loc":{"start":{"line":16,"column":4},"end":{"line":20,"column":5}},"type":"if","locations":[{"start":{"line":16,"column":4},"end":{"line":20,"column":5}},{"start":{},"end":{}}],"line":16},"2":{"loc":{"start":{"line":18,"column":29},"end":{"line":18,"column":84}},"type":"cond-expr","locations":[{"start":{"line":18,"column":59},"end":{"line":18,"column":64}},{"start":{"line":18,"column":67},"end":{"line":18,"column":84}}],"line":18},"3":{"loc":{"start":{"line":36,"column":4},"end":{"line":42,"column":5}},"type":"if","locations":[{"start":{"line":36,"column":4},"end":{"line":42,"column":5}},{"start":{},"end":{}}],"line":36}},"s":{"0":0,"1":0,"2":0,"3":0,"4":0,"5":0,"6":0,"7":0,"8":0,"9":0,"10":0,"11":0,"12":0,"13":0,"14":0,"15":0,"16":0,"17":0,"18":0,"19":0,"20":0,"21":0,"22":0,"23":0,"24":0,"25":0,"26":0,"27":0,"28":0,"29":0,"30":0,"31":0,"32":0,"33":0,"34":0,"35":0,"36":0,"37":0,"38":0,"39":0,"40":0,"41":0,"42":0,"43":0,"44":0,"45":0,"46":0,"47":0,"48":0,"49":0,"50":0,"51":0,"52":0,"53":0,"54":0,"55":0,"56":0,"57":0,"58":0,"59":0,"60":0,"61":0,"62":0,"63":0,"64":0,"65":0,"66":0,"67":0,"68":0,"69":0,"70":0,"71":0,"72":0,"73":0,"74":0},"f":{"0":0,"1":0,"2":0,"3":0,"4":0,"5":0,"6":0,"7":0,"8":0,"9":0,"10":0,"11":0,"12":0,"13":0,"14":0,"15":0,"16":0,"17":0,"18":0,"19":0,"20":0,"21":0,"22":0,"23":0,"24":0,"25":0,"26":0,"27":0,"28":0,"29":0,"30":0,"31":0,"32":0,"33":0,"34":0,"35":0,"36":0,"37":0,"38":0,"39":0,"40":0,"41":0,"42":0,"43":0,"44":0,"45":0,"46":0,"47":0,"48":0,"49":0,"50":0,"51":0,"52":0,"53":0,"54":0,"55":0,"56":0},"b":{"0":[0,0],"1":[0,0],"2":[0,0],"3":[0,0]}}
}
