TN:
SF:src/App.js
FN:30,App
FNF:1
FNH:0
FNDA:0,App
DA:31,0
LF:1
LH:0
BRF:0
BRH:0
end_of_record
TN:
SF:src/index.js
FNF:0
FNH:0
DA:9,0
DA:10,0
DA:23,0
LF:3
LH:0
BRF:0
BRH:0
end_of_record
TN:
SF:src/reportWebVitals.js
FN:1,(anonymous_0)
FN:3,(anonymous_1)
FNF:2
FNH:0
FNDA:0,(anonymous_0)
FNDA:0,(anonymous_1)
DA:1,0
DA:2,0
DA:3,0
DA:4,0
DA:5,0
DA:6,0
DA:7,0
DA:8,0
LF:8
LH:0
BRDA:2,0,0,0
BRDA:2,0,1,0
BRDA:2,1,0,0
BRDA:2,1,1,0
BRF:4
BRH:0
end_of_record
TN:
SF:src/components/ColumnMappingDialog.js
FN:34,(anonymous_0)
FN:49,(anonymous_1)
FN:56,(anonymous_2)
FN:60,(anonymous_3)
FN:78,(anonymous_4)
FN:82,(anonymous_5)
FN:85,(anonymous_6)
FN:88,(anonymous_7)
FN:98,(anonymous_8)
FN:116,(anonymous_9)
FN:120,(anonymous_10)
FN:168,(anonymous_11)
FN:188,(anonymous_12)
FN:208,(anonymous_13)
FN:233,(anonymous_14)
FN:240,(anonymous_15)
FN:250,(anonymous_16)
FN:260,(anonymous_17)
FNF:18
FNH:0
FNDA:0,(anonymous_0)
FNDA:0,(anonymous_1)
FNDA:0,(anonymous_2)
FNDA:0,(anonymous_3)
FNDA:0,(anonymous_4)
FNDA:0,(anonymous_5)
FNDA:0,(anonymous_6)
FNDA:0,(anonymous_7)
FNDA:0,(anonymous_8)
FNDA:0,(anonymous_9)
FNDA:0,(anonymous_10)
FNDA:0,(anonymous_11)
FNDA:0,(anonymous_12)
FNDA:0,(anonymous_13)
FNDA:0,(anonymous_14)
FNDA:0,(anonymous_15)
FNDA:0,(anonymous_16)
FNDA:0,(anonymous_17)
DA:34,0
DA:42,0
DA:43,0
DA:44,0
DA:45,0
DA:46,0
DA:49,0
DA:50,0
DA:51,0
DA:52,0
DA:53,0
DA:56,0
DA:57,0
DA:60,0
DA:63,0
DA:65,0
DA:66,0
DA:68,0
DA:69,0
DA:71,0
DA:72,0
DA:74,0
DA:78,0
DA:80,0
DA:82,0
DA:83,0
DA:85,0
DA:86,0
DA:88,0
DA:89,0
DA:91,0
DA:95,0
DA:98,0
DA:100,0
DA:101,0
DA:102,0
DA:106,0
DA:116,0
DA:117,0
DA:120,0
DA:125,0
DA:168,0
DA:188,0
DA:208,0
DA:234,0
DA:240,0
DA:250,0
DA:260,0
LF:48
LH:0
BRDA:38,0,0,0
BRDA:63,1,0,0
BRDA:63,1,1,0
BRDA:63,1,2,0
BRDA:63,1,3,0
BRDA:80,2,0,0
BRDA:80,2,1,0
BRDA:80,2,2,0
BRDA:80,2,3,0
BRDA:100,3,0,0
BRDA:100,3,1,0
BRDA:137,4,0,0
BRDA:137,4,1,0
BRDA:142,5,0,0
BRDA:142,5,1,0
BRDA:167,6,0,0
BRDA:167,6,1,0
BRDA:187,7,0,0
BRDA:187,7,1,0
BRDA:207,8,0,0
BRDA:207,8,1,0
BRDA:227,9,0,0
BRDA:227,9,1,0
BRDA:232,10,0,0
BRDA:232,10,1,0
BRF:25
BRH:0
end_of_record
TN:
SF:src/components/Dashboard.js
FN:6,(anonymous_0)
FNF:1
FNH:0
FNDA:0,(anonymous_0)
DA:6,0
DA:7,0
DA:9,0
LF:3
LH:0
BRDA:14,0,0,0
BRDA:14,0,1,0
BRF:2
BRH:0
end_of_record
TN:
SF:src/components/DatasetSchemaInfo.js
FN:21,(anonymous_0)
FNF:1
FNH:0
FNDA:0,(anonymous_0)
DA:21,0
DA:22,0
LF:2
LH:0
BRF:0
BRH:0
end_of_record
TN:
SF:src/components/Layout.js
FN:49,Layout
FN:55,(anonymous_1)
FN:143,(anonymous_2)
FNF:3
FNH:0
FNDA:0,Layout
FNDA:0,(anonymous_1)
FNDA:0,(anonymous_2)
DA:37,0
DA:39,0
DA:50,0
DA:51,0
DA:52,0
DA:53,0
DA:55,0
DA:56,0
DA:59,0
DA:144,0
LF:10
LH:0
BRDA:69,0,0,0
BRDA:69,0,1,0
BRDA:87,1,0,0
BRDA:87,1,1,0
BRDA:95,2,0,0
BRDA:95,2,1,0
BRDA:97,3,0,0
BRDA:97,3,1,0
BRDA:111,4,0,0
BRDA:111,4,1,0
BRDA:138,5,0,0
BRDA:138,5,1,0
BRDA:151,6,0,0
BRDA:151,6,1,0
BRDA:158,7,0,0
BRDA:158,7,1,0
BRDA:166,8,0,0
BRDA:166,8,1,0
BRF:18
BRH:0
end_of_record
TN:
SF:src/components/Login.js
FN:6,(anonymous_0)
FN:18,(anonymous_1)
FN:35,(anonymous_2)
FNF:3
FNH:0
FNDA:0,(anonymous_0)
FNDA:0,(anonymous_1)
FNDA:0,(anonymous_2)
DA:6,0
DA:7,0
DA:8,0
DA:9,0
DA:10,0
DA:13,0
DA:16,0
DA:18,0
DA:20,0
DA:30,0
DA:31,0
DA:32,0
DA:35,0
DA:36,0
DA:37,0
DA:38,0
DA:40,0
DA:41,0
DA:42,0
DA:44,0
DA:45,0
DA:47,0
DA:51,0
LF:23
LH:0
BRDA:13,0,0,0
BRDA:13,0,1,0
BRDA:30,1,0,0
BRDA:30,1,1,0
BRDA:30,2,0,0
BRDA:30,2,1,0
BRDA:59,3,0,0
BRDA:59,3,1,0
BRDA:60,4,0,0
BRDA:60,4,1,0
BRDA:62,5,0,0
BRDA:62,5,1,0
BRDA:76,6,0,0
BRDA:76,6,1,0
BRDA:76,6,2,0
BRDA:78,7,0,0
BRDA:78,7,1,0
BRDA:78,8,0,0
BRDA:78,8,1,0
BRDA:78,8,2,0
BRDA:83,9,0,0
BRDA:83,9,1,0
BRF:22
BRH:0
end_of_record
TN:
SF:src/components/NotFound.js
FN:5,(anonymous_0)
FNF:1
FNH:0
FNDA:0,(anonymous_0)
DA:5,0
DA:6,0
LF:2
LH:0
BRF:0
BRH:0
end_of_record
TN:
SF:src/components/Playground.js
FN:5,(anonymous_0)
FN:21,(anonymous_1)
FN:30,(anonymous_2)
FN:59,(anonymous_3)
FN:61,(anonymous_4)
FN:82,(anonymous_5)
FNF:6
FNH:0
FNDA:0,(anonymous_0)
FNDA:0,(anonymous_1)
FNDA:0,(anonymous_2)
FNDA:0,(anonymous_3)
FNDA:0,(anonymous_4)
FNDA:0,(anonymous_5)
DA:5,0
DA:6,0
DA:7,0
DA:8,0
DA:9,0
DA:10,0
DA:12,0
DA:21,0
DA:22,0
DA:23,0
DA:25,0
DA:26,0
DA:28,0
DA:30,0
DA:31,0
DA:32,0
DA:35,0
DA:36,0
DA:37,0
DA:41,0
DA:59,0
DA:62,0
DA:82,0
LF:23
LH:0
BRDA:23,0,0,0
BRDA:23,0,1,0
BRDA:89,1,0,0
BRDA:89,1,1,0
BRDA:91,2,0,0
BRDA:91,2,1,0
BRDA:100,3,0,0
BRDA:100,3,1,0
BRF:8
BRH:0
end_of_record
TN:
SF:src/components/ProtectedRoute.js
FN:6,(anonymous_0)
FN:25,(anonymous_1)
FN:40,(anonymous_2)
FN:43,(anonymous_3)
FN:50,(anonymous_4)
FN:56,(anonymous_5)
FN:66,(anonymous_6)
FN:98,(anonymous_7)
FN:104,(anonymous_8)
FN:113,(anonymous_9)
FN:114,(anonymous_10)
FN:131,(anonymous_11)
FN:145,(anonymous_12)
FN:164,(anonymous_13)
FN:258,(anonymous_14)
FNF:15
FNH:0
FNDA:0,(anonymous_0)
FNDA:0,(anonymous_1)
FNDA:0,(anonymous_2)
FNDA:0,(anonymous_3)
FNDA:0,(anonymous_4)
FNDA:0,(anonymous_5)
FNDA:0,(anonymous_6)
FNDA:0,(anonymous_7)
FNDA:0,(anonymous_8)
FNDA:0,(anonymous_9)
FNDA:0,(anonymous_10)
FNDA:0,(anonymous_11)
FNDA:0,(anonymous_12)
FNDA:0,(anonymous_13)
FNDA:0,(anonymous_14)
DA:6,0
DA:16,0
DA:17,0
DA:18,0
DA:19,0
DA:20,0
DA:21,0
DA:22,0
DA:25,0
DA:26,0
DA:40,0
DA:42,0
DA:43,0
DA:44,0
DA:46,0
DA:47,0
DA:50,0
DA:51,0
DA:56,0
DA:57,0
DA:58,0
DA:59,0
DA:60,0
DA:62,0
DA:66,0
DA:67,0
DA:70,0
DA:71,0
DA:72,0
DA:73,0
DA:76,0
DA:77,0
DA:78,0
DA:79,0
DA:80,0
DA:82,0
DA:83,0
DA:85,0
DA:88,0
DA:92,0
DA:95,0
DA:96,0
DA:98,0
DA:99,0
DA:104,0
DA:105,0
DA:106,0
DA:108,0
DA:113,0
DA:114,0
DA:115,0
DA:116,0
DA:118,0
DA:119,0
DA:121,0
DA:122,0
DA:125,0
DA:126,0
DA:131,0
DA:132,0
DA:134,0
DA:135,0
DA:137,0
DA:139,0
DA:145,0
DA:146,0
DA:149,0
DA:155,0
DA:156,0
DA:164,0
DA:165,0
DA:166,0
DA:171,0
DA:172,0
DA:173,0
DA:184,0
DA:185,0
DA:187,0
DA:252,0
DA:253,0
DA:254,0
DA:258,0
DA:259,0
DA:261,0
DA:262,0
DA:263,0
DA:264,0
DA:266,0
DA:267,0
DA:268,0
DA:269,0
DA:270,0
DA:273,0
DA:292,0
DA:293,0
LF:95
LH:0
BRDA:32,0,0,0
BRDA:32,0,1,0
BRDA:35,1,0,0
BRDA:35,1,1,0
BRDA:42,2,0,0
BRDA:42,2,1,0
BRDA:42,3,0,0
BRDA:42,3,1,0
BRDA:46,4,0,0
BRDA:46,4,1,0
BRDA:51,5,0,0
BRDA:51,5,1,0
BRDA:57,6,0,0
BRDA:57,6,1,0
BRDA:58,7,0,0
BRDA:58,7,1,0
BRDA:67,8,0,0
BRDA:67,8,1,0
BRDA:77,9,0,0
BRDA:77,9,1,0
BRDA:78,10,0,0
BRDA:78,10,1,0
BRDA:79,11,0,0
BRDA:79,11,1,0
BRDA:80,12,0,0
BRDA:80,12,1,0
BRDA:82,13,0,0
BRDA:82,13,1,0
BRDA:83,14,0,0
BRDA:83,14,1,0
BRDA:105,15,0,0
BRDA:105,15,1,0
BRDA:121,16,0,0
BRDA:121,16,1,0
BRDA:137,17,0,0
BRDA:137,17,1,0
BRDA:165,18,0,0
BRDA:165,18,1,0
BRDA:165,19,0,0
BRDA:165,19,1,0
BRDA:171,20,0,0
BRDA:171,20,1,0
BRDA:171,21,0,0
BRDA:171,21,1,0
BRDA:184,22,0,0
BRDA:184,22,1,0
BRDA:200,23,0,0
BRDA:200,23,1,0
BRDA:231,24,0,0
BRDA:231,24,1,0
BRDA:242,25,0,0
BRDA:242,25,1,0
BRDA:243,26,0,0
BRDA:243,26,1,0
BRDA:244,27,0,0
BRDA:244,27,1,0
BRDA:252,28,0,0
BRDA:252,28,1,0
BRDA:259,29,0,0
BRDA:259,29,1,0
BRDA:267,30,0,0
BRDA:267,30,1,0
BRDA:269,31,0,0
BRDA:269,31,1,0
BRDA:277,32,0,0
BRDA:277,32,1,0
BRF:66
BRH:0
end_of_record
TN:
SF:src/components/SessionExpiryAlert.js
FN:15,(anonymous_0)
FN:23,(anonymous_1)
FN:26,(anonymous_2)
FN:40,(anonymous_3)
FN:43,(anonymous_4)
FN:62,(anonymous_5)
FN:68,(anonymous_6)
FN:78,(anonymous_7)
FN:88,(anonymous_8)
FNF:9
FNH:0
FNDA:0,(anonymous_0)
FNDA:0,(anonymous_1)
FNDA:0,(anonymous_2)
FNDA:0,(anonymous_3)
FNDA:0,(anonymous_4)
FNDA:0,(anonymous_5)
FNDA:0,(anonymous_6)
FNDA:0,(anonymous_7)
FNDA:0,(anonymous_8)
DA:15,0
DA:16,0
DA:17,0
DA:18,0
DA:19,0
DA:20,0
DA:23,0
DA:24,0
DA:26,0
DA:27,0
DA:28,0
DA:30,0
DA:32,0
DA:33,0
DA:34,0
DA:35,0
DA:36,0
DA:40,0
DA:43,0
DA:44,0
DA:45,0
DA:47,0
DA:48,0
DA:49,0
DA:50,0
DA:52,0
DA:55,0
DA:56,0
DA:58,0
DA:62,0
DA:63,0
DA:64,0
DA:68,0
DA:69,0
DA:71,0
DA:72,0
DA:74,0
DA:78,0
DA:79,0
DA:81,0
DA:82,0
DA:85,0
LF:42
LH:0
BRDA:24,0,0,0
BRDA:24,0,1,0
BRDA:32,1,0,0
BRDA:32,1,1,0
BRDA:32,2,0,0
BRDA:32,2,1,0
BRDA:34,3,0,0
BRDA:34,3,1,0
BRDA:49,4,0,0
BRDA:49,4,1,0
BRDA:69,5,0,0
BRDA:69,5,1,0
BRDA:79,6,0,0
BRDA:79,6,1,0
BRDA:97,7,0,0
BRDA:97,7,1,0
BRDA:115,8,0,0
BRDA:115,8,1,0
BRDA:136,9,0,0
BRDA:136,9,1,0
BRF:20
BRH:0
end_of_record
TN:
SF:src/components/SessionInfo.js
FN:5,(anonymous_0)
FN:20,(anonymous_1)
FN:26,(anonymous_2)
FN:66,(anonymous_3)
FN:72,(anonymous_4)
FN:73,(anonymous_5)
FN:79,(anonymous_6)
FN:90,(anonymous_7)
FN:103,(anonymous_8)
FN:117,(anonymous_9)
FNF:10
FNH:0
FNDA:0,(anonymous_0)
FNDA:0,(anonymous_1)
FNDA:0,(anonymous_2)
FNDA:0,(anonymous_3)
FNDA:0,(anonymous_4)
FNDA:0,(anonymous_5)
FNDA:0,(anonymous_6)
FNDA:0,(anonymous_7)
FNDA:0,(anonymous_8)
FNDA:0,(anonymous_9)
DA:5,0
DA:12,0
DA:14,0
DA:15,0
DA:16,0
DA:17,0
DA:20,0
DA:21,0
DA:22,0
DA:23,0
DA:26,0
DA:27,0
DA:28,0
DA:29,0
DA:31,0
DA:32,0
DA:33,0
DA:37,0
DA:39,0
DA:40,0
DA:41,0
DA:42,0
DA:44,0
DA:45,0
DA:46,0
DA:47,0
DA:49,0
DA:50,0
DA:51,0
DA:54,0
DA:55,0
DA:60,0
DA:63,0
DA:64,0
DA:66,0
DA:67,0
DA:72,0
DA:73,0
DA:74,0
DA:79,0
DA:80,0
DA:82,0
DA:83,0
DA:85,0
DA:86,0
DA:87,0
DA:90,0
DA:91,0
DA:94,0
DA:97,0
DA:98,0
DA:103,0
DA:104,0
DA:106,0
DA:107,0
DA:108,0
DA:110,0
DA:111,0
DA:112,0
DA:113,0
DA:117,0
DA:118,0
DA:120,0
DA:123,0
DA:124,0
DA:125,0
DA:126,0
DA:127,0
DA:128,0
DA:129,0
DA:131,0
DA:134,0
DA:135,0
DA:144,0
LF:74
LH:0
BRDA:21,0,0,0
BRDA:21,0,1,0
BRDA:31,1,0,0
BRDA:31,1,1,0
BRDA:37,2,0,0
BRDA:37,2,1,0
BRDA:42,3,0,0
BRDA:42,3,1,0
BRDA:47,4,0,0
BRDA:47,4,1,0
BRDA:67,5,0,0
BRDA:67,5,1,0
BRDA:74,6,0,0
BRDA:74,6,1,0
BRDA:85,7,0,0
BRDA:85,7,1,0
BRDA:104,8,0,0
BRDA:104,8,1,0
BRDA:110,9,0,0
BRDA:110,9,1,0
BRDA:111,10,0,0
BRDA:111,10,1,0
BRDA:112,11,0,0
BRDA:112,11,1,0
BRDA:118,12,0,0
BRDA:118,12,1,0
BRDA:134,13,0,0
BRDA:134,13,1,0
BRDA:149,14,0,0
BRDA:149,14,1,0
BRDA:164,15,0,0
BRDA:164,15,1,0
BRDA:171,16,0,0
BRDA:171,16,1,0
BRDA:172,17,0,0
BRDA:172,17,1,0
BRDA:180,18,0,0
BRDA:180,18,1,0
BRDA:186,19,0,0
BRDA:186,19,1,0
BRDA:197,20,0,0
BRDA:197,20,1,0
BRDA:209,21,0,0
BRDA:209,21,1,0
BRF:44
BRH:0
end_of_record
TN:
SF:src/components/TestPage.js
FN:3,(anonymous_0)
FNF:1
FNH:0
FNDA:0,(anonymous_0)
DA:3,0
DA:4,0
LF:2
LH:0
BRF:0
BRH:0
end_of_record
TN:
SF:src/components/UserProfile.js
FN:22,(anonymous_0)
FN:28,(anonymous_1)
FN:32,(anonymous_2)
FN:36,(anonymous_3)
FN:41,(anonymous_4)
FN:49,(anonymous_5)
FN:77,(anonymous_6)
FN:102,(anonymous_7)
FN:124,(anonymous_8)
FN:130,(anonymous_9)
FNF:10
FNH:0
FNDA:0,(anonymous_0)
FNDA:0,(anonymous_1)
FNDA:0,(anonymous_2)
FNDA:0,(anonymous_3)
FNDA:0,(anonymous_4)
FNDA:0,(anonymous_5)
FNDA:0,(anonymous_6)
FNDA:0,(anonymous_7)
FNDA:0,(anonymous_8)
FNDA:0,(anonymous_9)
DA:22,0
DA:23,0
DA:24,0
DA:25,0
DA:26,0
DA:28,0
DA:29,0
DA:32,0
DA:33,0
DA:36,0
DA:37,0
DA:38,0
DA:41,0
DA:42,0
DA:43,0
DA:44,0
DA:45,0
DA:49,0
DA:50,0
DA:52,0
DA:53,0
DA:56,0
DA:57,0
DA:61,0
DA:62,0
DA:63,0
DA:64,0
DA:68,0
DA:77,0
DA:78,0
DA:80,0
DA:81,0
DA:82,0
DA:85,0
DA:86,0
DA:87,0
DA:91,0
DA:92,0
DA:93,0
DA:97,0
DA:98,0
DA:102,0
DA:103,0
DA:105,0
DA:106,0
DA:107,0
DA:110,0
DA:111,0
DA:115,0
DA:116,0
DA:120,0
DA:124,0
DA:125,0
DA:126,0
DA:130,0
DA:131,0
DA:132,0
DA:135,0
DA:137,0
LF:59
LH:0
BRDA:50,0,0,0
BRDA:50,0,1,0
BRDA:56,1,0,0
BRDA:56,1,1,0
BRDA:63,2,0,0
BRDA:63,2,1,0
BRDA:78,3,0,0
BRDA:78,3,1,0
BRDA:85,4,0,0
BRDA:85,4,1,0
BRDA:87,5,0,0
BRDA:87,5,1,0
BRDA:91,6,0,0
BRDA:91,6,1,0
BRDA:93,7,0,0
BRDA:93,7,1,0
BRDA:98,8,0,0
BRDA:98,8,1,0
BRDA:103,9,0,0
BRDA:103,9,1,0
BRDA:110,10,0,0
BRDA:110,10,1,0
BRDA:115,11,0,0
BRDA:115,11,1,0
BRDA:125,12,0,0
BRDA:125,12,1,0
BRDA:126,13,0,0
BRDA:126,13,1,0
BRDA:126,13,2,0
BRDA:126,13,3,0
BRDA:126,13,4,0
BRDA:135,14,0,0
BRDA:135,14,1,0
BRDA:145,15,0,0
BRDA:145,15,1,0
BRDA:147,16,0,0
BRDA:147,16,1,0
BRDA:203,17,0,0
BRDA:203,17,1,0
BRDA:227,18,0,0
BRDA:227,18,1,0
BRF:41
BRH:0
end_of_record
TN:
SF:src/components/AgentBuilder/AgentFlowCanvas.jsx
FN:98,(anonymous_0)
FN:105,(anonymous_1)
FN:112,(anonymous_2)
FN:117,(anonymous_3)
FN:118,(anonymous_4)
FN:121,(anonymous_5)
FN:125,(anonymous_6)
FN:131,(anonymous_7)
FN:187,(anonymous_8)
FN:192,(anonymous_9)
FN:193,(anonymous_10)
FN:194,(anonymous_11)
FN:209,(anonymous_12)
FN:215,(anonymous_13)
FN:220,(anonymous_14)
FN:228,(anonymous_15)
FNF:16
FNH:0
FNDA:0,(anonymous_0)
FNDA:0,(anonymous_1)
FNDA:0,(anonymous_2)
FNDA:0,(anonymous_3)
FNDA:0,(anonymous_4)
FNDA:0,(anonymous_5)
FNDA:0,(anonymous_6)
FNDA:0,(anonymous_7)
FNDA:0,(anonymous_8)
FNDA:0,(anonymous_9)
FNDA:0,(anonymous_10)
FNDA:0,(anonymous_11)
FNDA:0,(anonymous_12)
FNDA:0,(anonymous_13)
FNDA:0,(anonymous_14)
FNDA:0,(anonymous_15)
DA:26,0
DA:36,0
DA:98,0
DA:99,0
DA:100,0
DA:101,0
DA:102,0
DA:103,0
DA:105,0
DA:107,0
DA:108,0
DA:112,0
DA:113,0
DA:114,0
DA:117,0
DA:118,0
DA:121,0
DA:122,0
DA:125,0
DA:126,0
DA:127,0
DA:130,0
DA:132,0
DA:134,0
DA:136,0
DA:137,0
DA:140,0
DA:145,0
DA:146,0
DA:154,0
DA:155,0
DA:162,0
DA:163,0
DA:168,0
DA:169,0
DA:180,0
DA:181,0
DA:187,0
DA:192,0
DA:193,0
DA:194,0
DA:195,0
DA:196,0
DA:204,0
DA:209,0
DA:210,0
DA:211,0
DA:215,0
DA:217,0
DA:220,0
DA:222,0
DA:223,0
DA:228,0
DA:230,0
DA:233,0
LF:55
LH:0
BRDA:107,0,0,0
BRDA:107,0,1,0
BRDA:107,1,0,0
BRDA:107,1,1,0
BRDA:136,2,0,0
BRDA:136,2,1,0
BRDA:136,3,0,0
BRDA:136,3,1,0
BRDA:154,4,0,0
BRDA:154,4,1,0
BRDA:162,5,0,0
BRDA:162,5,1,0
BRDA:168,6,0,0
BRDA:168,6,1,0
BRDA:180,7,0,0
BRDA:180,7,1,0
BRDA:195,8,0,0
BRDA:195,8,1,0
BRDA:210,9,0,0
BRDA:210,9,1,0
BRF:20
BRH:0
end_of_record
TN:
SF:src/components/AgentBuilder/ComponentPanel.jsx
FN:3,(anonymous_0)
FN:4,(anonymous_1)
FN:18,(anonymous_2)
FN:30,(anonymous_3)
FN:42,(anonymous_4)
FN:50,(anonymous_5)
FN:62,(anonymous_6)
FN:70,(anonymous_7)
FNF:8
FNH:0
FNDA:0,(anonymous_0)
FNDA:0,(anonymous_1)
FNDA:0,(anonymous_2)
FNDA:0,(anonymous_3)
FNDA:0,(anonymous_4)
FNDA:0,(anonymous_5)
FNDA:0,(anonymous_6)
FNDA:0,(anonymous_7)
DA:3,0
DA:4,0
DA:5,0
DA:6,0
DA:9,0
DA:18,0
DA:30,0
DA:42,0
DA:50,0
DA:62,0
DA:70,0
LF:11
LH:0
BRF:0
BRH:0
end_of_record
TN:
SF:src/components/AgentBuilder/PropertiesPanel.jsx
FN:3,(anonymous_0)
FN:41,(anonymous_1)
FN:50,(anonymous_2)
FN:52,(anonymous_3)
FN:69,(anonymous_4)
FN:81,(anonymous_5)
FN:93,(anonymous_6)
FN:108,(anonymous_7)
FN:119,(anonymous_8)
FNF:9
FNH:0
FNDA:0,(anonymous_0)
FNDA:0,(anonymous_1)
FNDA:0,(anonymous_2)
FNDA:0,(anonymous_3)
FNDA:0,(anonymous_4)
FNDA:0,(anonymous_5)
FNDA:0,(anonymous_6)
FNDA:0,(anonymous_7)
FNDA:0,(anonymous_8)
DA:3,0
DA:4,0
DA:5,0
DA:41,0
DA:43,0
DA:44,0
DA:50,0
DA:53,0
DA:69,0
DA:81,0
DA:86,0
DA:87,0
DA:93,0
DA:108,0
DA:119,0
DA:126,0
DA:130,0
LF:17
LH:0
BRDA:4,0,0,0
BRDA:4,0,1,0
BRDA:43,1,0,0
BRDA:43,1,1,0
BRDA:80,2,0,0
BRDA:80,2,1,0
BRDA:86,3,0,0
BRDA:86,3,1,0
BRDA:112,4,0,0
BRDA:112,4,1,0
BRF:10
BRH:0
end_of_record
TN:
SF:src/components/AgentBuilder/TestingConsole.jsx
FN:3,(anonymous_0)
FN:9,(anonymous_1)
FN:34,(anonymous_2)
FNF:3
FNH:0
FNDA:0,(anonymous_0)
FNDA:0,(anonymous_1)
FNDA:0,(anonymous_2)
DA:3,0
DA:4,0
DA:5,0
DA:6,0
DA:7,0
DA:9,0
DA:10,0
DA:12,0
DA:13,0
DA:15,0
DA:16,0
DA:17,0
DA:19,0
DA:20,0
DA:22,0
DA:26,0
DA:34,0
LF:17
LH:0
BRDA:10,0,0,0
BRDA:10,0,1,0
BRDA:19,1,0,0
BRDA:19,1,1,0
BRDA:40,2,0,0
BRDA:40,2,1,0
BRDA:42,3,0,0
BRDA:42,3,1,0
BRDA:46,4,0,0
BRDA:46,4,1,0
BRDA:52,5,0,0
BRDA:52,5,1,0
BRF:12
BRH:0
end_of_record
TN:
SF:src/components/AgentBuilder/nodes/AgentNode.jsx
FN:4,(anonymous_0)
FN:18,(anonymous_1)
FN:25,(anonymous_2)
FNF:3
FNH:0
FNDA:0,(anonymous_0)
FNDA:0,(anonymous_1)
FNDA:0,(anonymous_2)
DA:4,0
DA:15,0
DA:18,0
DA:19,0
DA:25,0
DA:26,0
DA:27,0
DA:30,0
LF:8
LH:0
BRDA:7,0,0,0
BRDA:8,1,0,0
BRDA:9,2,0,0
BRDA:10,3,0,0
BRDA:11,4,0,0
BRDA:12,5,0,0
BRDA:13,6,0,0
BRDA:19,7,0,0
BRDA:19,7,1,0
BRDA:20,8,0,0
BRDA:20,8,1,0
BRDA:25,9,0,0
BRDA:26,10,0,0
BRDA:26,10,1,0
BRDA:27,11,0,0
BRDA:27,11,1,0
BRDA:48,12,0,0
BRDA:48,12,1,0
BRDA:67,13,0,0
BRDA:67,13,1,0
BRDA:70,14,0,0
BRDA:70,14,1,0
BRF:22
BRH:0
end_of_record
TN:
SF:src/components/AgentBuilder/nodes/CalculatorNode.jsx
FN:4,(anonymous_0)
FNF:1
FNH:0
FNDA:0,(anonymous_0)
DA:4,0
DA:5,0
LF:2
LH:0
BRDA:22,0,0,0
BRDA:22,0,1,0
BRF:2
BRH:0
end_of_record
TN:
SF:src/components/AgentBuilder/nodes/ChatInputNode.jsx
FN:4,(anonymous_0)
FNF:1
FNH:0
FNDA:0,(anonymous_0)
DA:4,0
DA:5,0
LF:2
LH:0
BRF:0
BRH:0
end_of_record
TN:
SF:src/components/AgentBuilder/nodes/ChatOutputNode.jsx
FN:4,(anonymous_0)
FNF:1
FNH:0
FNDA:0,(anonymous_0)
DA:4,0
DA:5,0
LF:2
LH:0
BRF:0
BRH:0
end_of_record
TN:
SF:src/components/AgentBuilder/nodes/LLMNode.jsx
FN:4,(anonymous_0)
FNF:1
FNH:0
FNDA:0,(anonymous_0)
DA:4,0
DA:5,0
LF:2
LH:0
BRF:0
BRH:0
end_of_record
TN:
SF:src/components/AgentBuilder/nodes/SearchToolNode.jsx
FN:4,(anonymous_0)
FNF:1
FNH:0
FNDA:0,(anonymous_0)
DA:4,0
DA:5,0
LF:2
LH:0
BRF:0
BRH:0
end_of_record
TN:
SF:src/contexts/AuthContext.js
FN:12,(anonymous_0)
FN:13,(anonymous_1)
FN:19,(anonymous_2)
FN:22,(anonymous_3)
FN:31,(anonymous_4)
FN:54,(anonymous_5)
FN:65,(anonymous_6)
FN:80,(anonymous_7)
FN:98,(anonymous_8)
FNF:9
FNH:0
FNDA:0,(anonymous_0)
FNDA:0,(anonymous_1)
FNDA:0,(anonymous_2)
FNDA:0,(anonymous_3)
FNDA:0,(anonymous_4)
FNDA:0,(anonymous_5)
FNDA:0,(anonymous_6)
FNDA:0,(anonymous_7)
FNDA:0,(anonymous_8)
DA:6,0
DA:9,0
DA:19,0
DA:22,0
DA:23,0
DA:24,0
DA:25,0
DA:26,0
DA:28,0
DA:31,0
DA:32,0
DA:33,0
DA:35,0
DA:36,0
DA:37,0
DA:38,0
DA:39,0
DA:42,0
DA:44,0
DA:45,0
DA:46,0
DA:50,0
DA:54,0
DA:55,0
DA:56,0
DA:57,0
DA:58,0
DA:60,0
DA:61,0
DA:65,0
DA:66,0
DA:68,0
DA:69,0
DA:72,0
DA:73,0
DA:76,0
DA:80,0
DA:81,0
DA:82,0
DA:83,0
DA:88,0
DA:90,0
DA:91,0
DA:92,0
DA:93,0
DA:98,0
DA:99,0
DA:100,0
DA:101,0
DA:102,0
DA:109,0
DA:112,0
DA:113,0
DA:116,0
LF:54
LH:0
BRDA:6,0,0,0
BRDA:6,0,1,0
BRDA:35,1,0,0
BRDA:35,1,1,0
BRDA:35,2,0,0
BRDA:35,2,1,0
BRDA:91,3,0,0
BRDA:91,3,1,0
BRDA:101,4,0,0
BRDA:101,4,1,0
BRF:10
BRH:0
end_of_record
TN:
SF:src/contexts/ThemeContext.js
FN:8,(anonymous_0)
FN:12,(anonymous_1)
FN:15,(anonymous_2)
FN:17,(anonymous_3)
FN:23,(anonymous_4)
FN:24,(anonymous_5)
FN:52,(anonymous_6)
FNF:7
FNH:0
FNDA:0,(anonymous_0)
FNDA:0,(anonymous_1)
FNDA:0,(anonymous_2)
FNDA:0,(anonymous_3)
FNDA:0,(anonymous_4)
FNDA:0,(anonymous_5)
FNDA:0,(anonymous_6)
DA:6,0
DA:12,0
DA:15,0
DA:17,0
DA:18,0
DA:19,0
DA:23,0
DA:24,0
DA:25,0
DA:26,0
DA:27,0
DA:32,0
DA:52,0
DA:53,0
DA:56,0
LF:15
LH:0
BRDA:19,0,0,0
BRDA:19,0,1,0
BRDA:25,1,0,0
BRDA:25,1,1,0
BRDA:42,2,0,0
BRDA:42,2,1,0
BRDA:43,3,0,0
BRDA:43,3,1,0
BRF:8
BRH:0
end_of_record
TN:
SF:src/pages/Dashboard.js
FN:43,(anonymous_0)
FN:66,(anonymous_1)
FN:88,(anonymous_2)
FNF:3
FNH:0
FNDA:0,(anonymous_0)
FNDA:0,(anonymous_1)
FNDA:0,(anonymous_2)
DA:31,0
DA:43,0
DA:44,0
DA:45,0
DA:46,0
DA:47,0
DA:50,0
DA:66,0
DA:67,0
DA:68,0
DA:70,0
DA:71,0
DA:72,0
DA:74,0
DA:76,0
DA:77,0
DA:78,0
DA:80,0
DA:82,0
DA:84,0
DA:88,0
DA:89,0
DA:94,0
DA:97,0
DA:98,0
DA:101,0
DA:121,0
DA:134,0
DA:159,0
DA:160,0
DA:167,0
LF:31
LH:0
BRDA:76,0,0,0
BRDA:76,0,1,0
BRDA:76,1,0,0
BRDA:76,1,1,0
BRDA:94,2,0,0
BRDA:94,2,1,0
BRDA:97,3,0,0
BRDA:97,3,1,0
BRDA:98,4,0,0
BRDA:98,4,1,0
BRDA:106,5,0,0
BRDA:106,5,1,0
BRDA:106,6,0,0
BRDA:106,6,1,0
BRDA:159,7,0,0
BRDA:159,7,1,0
BRDA:173,8,0,0
BRDA:173,8,1,0
BRDA:185,9,0,0
BRDA:185,9,1,0
BRDA:192,10,0,0
BRDA:192,10,1,0
BRDA:197,11,0,0
BRDA:197,11,1,0
BRDA:212,12,0,0
BRDA:212,12,1,0
BRDA:222,13,0,0
BRDA:222,13,1,0
BRDA:232,14,0,0
BRDA:232,14,1,0
BRDA:242,15,0,0
BRDA:242,15,1,0
BRF:32
BRH:0
end_of_record
TN:
SF:src/pages/DatasetDetail.js
FN:45,(anonymous_0)
FN:59,(anonymous_1)
FN:82,TabPanel
FN:103,(anonymous_3)
FN:137,(anonymous_4)
FN:174,(anonymous_5)
FN:192,(anonymous_6)
FN:197,(anonymous_7)
FN:227,(anonymous_8)
FN:235,(anonymous_9)
FN:240,(anonymous_10)
FN:244,(anonymous_11)
FN:251,(anonymous_12)
FN:270,(anonymous_13)
FN:281,(anonymous_14)
FN:291,(anonymous_15)
FN:329,(anonymous_16)
FN:348,(anonymous_17)
FN:352,(anonymous_18)
FN:359,(anonymous_19)
FN:388,(anonymous_20)
FN:392,(anonymous_21)
FN:397,(anonymous_22)
FN:462,(anonymous_23)
FN:499,(anonymous_24)
FN:506,(anonymous_25)
FN:564,(anonymous_26)
FN:582,(anonymous_27)
FN:603,(anonymous_28)
FN:625,(anonymous_29)
FN:639,(anonymous_30)
FN:679,(anonymous_31)
FN:681,(anonymous_32)
FN:708,(anonymous_33)
FN:736,(anonymous_34)
FN:744,(anonymous_35)
FN:752,(anonymous_36)
FN:759,(anonymous_37)
FN:769,(anonymous_38)
FN:778,(anonymous_39)
FN:789,(anonymous_40)
FN:804,(anonymous_41)
FN:818,(anonymous_42)
FNF:43
FNH:0
FNDA:0,(anonymous_0)
FNDA:0,(anonymous_1)
FNDA:0,TabPanel
FNDA:0,(anonymous_3)
FNDA:0,(anonymous_4)
FNDA:0,(anonymous_5)
FNDA:0,(anonymous_6)
FNDA:0,(anonymous_7)
FNDA:0,(anonymous_8)
FNDA:0,(anonymous_9)
FNDA:0,(anonymous_10)
FNDA:0,(anonymous_11)
FNDA:0,(anonymous_12)
FNDA:0,(anonymous_13)
FNDA:0,(anonymous_14)
FNDA:0,(anonymous_15)
FNDA:0,(anonymous_16)
FNDA:0,(anonymous_17)
FNDA:0,(anonymous_18)
FNDA:0,(anonymous_19)
FNDA:0,(anonymous_20)
FNDA:0,(anonymous_21)
FNDA:0,(anonymous_22)
FNDA:0,(anonymous_23)
FNDA:0,(anonymous_24)
FNDA:0,(anonymous_25)
FNDA:0,(anonymous_26)
FNDA:0,(anonymous_27)
FNDA:0,(anonymous_28)
FNDA:0,(anonymous_29)
FNDA:0,(anonymous_30)
FNDA:0,(anonymous_31)
FNDA:0,(anonymous_32)
FNDA:0,(anonymous_33)
FNDA:0,(anonymous_34)
FNDA:0,(anonymous_35)
FNDA:0,(anonymous_36)
FNDA:0,(anonymous_37)
FNDA:0,(anonymous_38)
FNDA:0,(anonymous_39)
FNDA:0,(anonymous_40)
FNDA:0,(anonymous_41)
FNDA:0,(anonymous_42)
DA:45,0
DA:46,0
DA:49,0
DA:52,0
DA:54,0
DA:59,0
DA:83,0
DA:85,0
DA:103,0
DA:104,0
DA:105,0
DA:106,0
DA:107,0
DA:108,0
DA:109,0
DA:110,0
DA:111,0
DA:112,0
DA:113,0
DA:114,0
DA:115,0
DA:120,0
DA:121,0
DA:122,0
DA:127,0
DA:128,0
DA:133,0
DA:134,0
DA:137,0
DA:138,0
DA:139,0
DA:140,0
DA:143,0
DA:144,0
DA:145,0
DA:148,0
DA:149,0
DA:152,0
DA:159,0
DA:160,0
DA:163,0
DA:164,0
DA:174,0
DA:183,0
DA:184,0
DA:185,0
DA:188,0
DA:192,0
DA:193,0
DA:195,0
DA:196,0
DA:197,0
DA:202,0
DA:205,0
DA:206,0
DA:226,0
DA:227,0
DA:235,0
DA:236,0
DA:237,0
DA:240,0
DA:241,0
DA:244,0
DA:245,0
DA:246,0
DA:247,0
DA:251,0
DA:252,0
DA:253,0
DA:254,0
DA:255,0
DA:256,0
DA:257,0
DA:263,0
DA:265,0
DA:266,0
DA:270,0
DA:271,0
DA:272,0
DA:273,0
DA:274,0
DA:275,0
DA:281,0
DA:282,0
DA:285,0
DA:286,0
DA:287,0
DA:291,0
DA:292,0
DA:293,0
DA:296,0
DA:297,0
DA:299,0
DA:300,0
DA:303,0
DA:308,0
DA:309,0
DA:310,0
DA:316,0
DA:318,0
DA:324,0
DA:325,0
DA:329,0
DA:330,0
DA:332,0
DA:333,0
DA:334,0
DA:335,0
DA:341,0
DA:343,0
DA:344,0
DA:348,0
DA:349,0
DA:352,0
DA:353,0
DA:355,0
DA:359,0
DA:367,0
DA:368,0
DA:369,0
DA:370,0
DA:371,0
DA:372,0
DA:373,0
DA:374,0
DA:375,0
DA:377,0
DA:383,0
DA:384,0
DA:388,0
DA:389,0
DA:392,0
DA:393,0
DA:394,0
DA:397,0
DA:398,0
DA:404,0
DA:405,0
DA:412,0
DA:462,0
DA:499,0
DA:506,0
DA:564,0
DA:582,0
DA:604,0
DA:626,0
DA:627,0
DA:639,0
DA:680,0
DA:681,0
DA:709,0
DA:736,0
DA:744,0
DA:752,0
DA:759,0
DA:769,0
DA:778,0
DA:789,0
DA:804,0
DA:818,0
LF:160
LH:0
BRDA:45,0,0,0
BRDA:49,1,0,0
BRDA:49,1,1,0
BRDA:62,2,0,0
BRDA:62,2,1,0
BRDA:71,3,0,0
BRDA:71,3,1,0
BRDA:94,4,0,0
BRDA:94,4,1,0
BRDA:163,5,0,0
BRDA:163,5,1,0
BRDA:205,6,0,0
BRDA:205,6,1,0
BRDA:246,7,0,0
BRDA:246,7,1,0
BRDA:330,8,0,0
BRDA:330,8,1,0
BRDA:362,9,0,0
BRDA:362,9,1,0
BRDA:404,10,0,0
BRDA:404,10,1,0
BRDA:414,11,0,0
BRDA:414,11,1,0
BRDA:422,12,0,0
BRDA:422,12,1,0
BRDA:444,13,0,0
BRDA:444,13,1,0
BRDA:447,14,0,0
BRDA:447,14,1,0
BRDA:449,15,0,0
BRDA:449,15,1,0
BRDA:487,16,0,0
BRDA:487,16,1,0
BRDA:494,17,0,0
BRDA:494,17,1,0
BRDA:519,18,0,0
BRDA:519,18,1,0
BRDA:536,19,0,0
BRDA:536,19,1,0
BRDA:536,19,2,0
BRDA:543,20,0,0
BRDA:543,20,1,0
BRDA:559,21,0,0
BRDA:559,21,1,0
BRDA:573,22,0,0
BRDA:573,22,1,0
BRDA:616,23,0,0
BRDA:616,23,1,0
BRDA:621,24,0,0
BRDA:621,24,1,0
BRDA:662,25,0,0
BRDA:662,25,1,0
BRDA:695,26,0,0
BRDA:695,26,1,0
BRDA:702,27,0,0
BRDA:702,27,1,0
BRDA:716,28,0,0
BRDA:716,28,1,0
BRDA:783,29,0,0
BRDA:783,29,1,0
BRDA:784,30,0,0
BRDA:784,30,1,0
BRDA:784,31,0,0
BRDA:784,31,1,0
BRDA:810,32,0,0
BRDA:810,32,1,0
BRF:66
BRH:0
end_of_record
TN:
SF:src/pages/Datasets.js
FN:38,(anonymous_0)
FN:67,(anonymous_1)
FN:72,(anonymous_2)
FN:74,(anonymous_3)
FN:81,(anonymous_4)
FN:106,(anonymous_5)
FN:131,(anonymous_6)
FN:178,(anonymous_7)
FN:182,(anonymous_8)
FN:185,(anonymous_9)
FN:189,(anonymous_10)
FN:195,(anonymous_11)
FN:201,(anonymous_12)
FN:226,(anonymous_13)
FN:238,(anonymous_14)
FN:246,(anonymous_15)
FN:257,(anonymous_16)
FN:275,(anonymous_17)
FN:287,(anonymous_18)
FN:293,(anonymous_19)
FN:299,(anonymous_20)
FN:308,(anonymous_21)
FN:315,(anonymous_22)
FN:335,(anonymous_23)
FN:343,(anonymous_24)
FN:368,(anonymous_25)
FN:402,(anonymous_26)
FN:410,(anonymous_27)
FN:440,(anonymous_28)
FN:447,(anonymous_29)
FN:454,(anonymous_30)
FN:464,(anonymous_31)
FN:475,(anonymous_32)
FN:488,(anonymous_33)
FN:495,(anonymous_34)
FN:502,(anonymous_35)
FN:512,(anonymous_36)
FN:529,(anonymous_37)
FN:540,(anonymous_38)
FN:558,(anonymous_39)
FN:564,(anonymous_40)
FNF:41
FNH:0
FNDA:0,(anonymous_0)
FNDA:0,(anonymous_1)
FNDA:0,(anonymous_2)
FNDA:0,(anonymous_3)
FNDA:0,(anonymous_4)
FNDA:0,(anonymous_5)
FNDA:0,(anonymous_6)
FNDA:0,(anonymous_7)
FNDA:0,(anonymous_8)
FNDA:0,(anonymous_9)
FNDA:0,(anonymous_10)
FNDA:0,(anonymous_11)
FNDA:0,(anonymous_12)
FNDA:0,(anonymous_13)
FNDA:0,(anonymous_14)
FNDA:0,(anonymous_15)
FNDA:0,(anonymous_16)
FNDA:0,(anonymous_17)
FNDA:0,(anonymous_18)
FNDA:0,(anonymous_19)
FNDA:0,(anonymous_20)
FNDA:0,(anonymous_21)
FNDA:0,(anonymous_22)
FNDA:0,(anonymous_23)
FNDA:0,(anonymous_24)
FNDA:0,(anonymous_25)
FNDA:0,(anonymous_26)
FNDA:0,(anonymous_27)
FNDA:0,(anonymous_28)
FNDA:0,(anonymous_29)
FNDA:0,(anonymous_30)
FNDA:0,(anonymous_31)
FNDA:0,(anonymous_32)
FNDA:0,(anonymous_33)
FNDA:0,(anonymous_34)
FNDA:0,(anonymous_35)
FNDA:0,(anonymous_36)
FNDA:0,(anonymous_37)
FNDA:0,(anonymous_38)
FNDA:0,(anonymous_39)
FNDA:0,(anonymous_40)
DA:38,0
DA:39,0
DA:40,0
DA:41,0
DA:42,0
DA:43,0
DA:44,0
DA:45,0
DA:50,0
DA:56,0
DA:62,0
DA:63,0
DA:64,0
DA:65,0
DA:67,0
DA:68,0
DA:72,0
DA:73,0
DA:74,0
DA:75,0
DA:77,0
DA:81,0
DA:82,0
DA:83,0
DA:84,0
DA:85,0
DA:86,0
DA:88,0
DA:89,0
DA:91,0
DA:92,0
DA:97,0
DA:99,0
DA:102,0
DA:106,0
DA:107,0
DA:108,0
DA:109,0
DA:110,0
DA:111,0
DA:117,0
DA:119,0
DA:126,0
DA:127,0
DA:131,0
DA:132,0
DA:133,0
DA:134,0
DA:135,0
DA:136,0
DA:137,0
DA:138,0
DA:143,0
DA:144,0
DA:146,0
DA:149,0
DA:150,0
DA:156,0
DA:163,0
DA:165,0
DA:167,0
DA:168,0
DA:169,0
DA:170,0
DA:178,0
DA:179,0
DA:182,0
DA:183,0
DA:184,0
DA:185,0
DA:186,0
DA:189,0
DA:190,0
DA:191,0
DA:192,0
DA:195,0
DA:196,0
DA:197,0
DA:201,0
DA:202,0
DA:204,0
DA:205,0
DA:206,0
DA:207,0
DA:212,0
DA:214,0
DA:215,0
DA:221,0
DA:222,0
DA:226,0
DA:227,0
DA:233,0
DA:239,0
DA:246,0
DA:258,0
DA:276,0
DA:287,0
DA:294,0
DA:299,0
DA:308,0
DA:315,0
DA:324,0
DA:335,0
DA:343,0
DA:368,0
DA:402,0
DA:410,0
DA:440,0
DA:447,0
DA:454,0
DA:464,0
DA:475,0
DA:488,0
DA:495,0
DA:502,0
DA:512,0
DA:529,0
DA:540,0
DA:559,0
DA:560,0
DA:565,0
DA:566,0
LF:122
LH:0
BRDA:73,0,0,0
BRDA:73,0,1,0
BRDA:75,1,0,0
BRDA:75,1,1,0
BRDA:86,2,0,0
BRDA:86,2,1,0
BRDA:91,3,0,0
BRDA:91,3,1,0
BRDA:143,4,0,0
BRDA:143,4,1,0
BRDA:168,5,0,0
BRDA:168,5,1,0
BRDA:186,6,0,0
BRDA:186,6,1,0
BRDA:196,7,0,0
BRDA:196,7,1,0
BRDA:202,8,0,0
BRDA:202,8,1,0
BRDA:217,9,0,0
BRDA:217,9,1,0
BRDA:262,10,0,0
BRDA:262,10,1,0
BRDA:263,11,0,0
BRDA:263,11,1,0
BRDA:277,12,0,0
BRDA:277,12,1,0
BRDA:350,13,0,0
BRDA:350,13,1,0
BRDA:374,14,0,0
BRDA:374,14,1,0
BRDA:402,15,0,0
BRDA:402,15,1,0
BRDA:410,16,0,0
BRDA:410,16,1,0
BRDA:418,17,0,0
BRDA:418,17,1,0
BRDA:532,18,0,0
BRDA:532,18,1,0
BRDA:545,19,0,0
BRDA:545,19,1,0
BRF:40
BRH:0
end_of_record
TN:
SF:src/pages/ExperimentDetail.js
FN:60,(anonymous_0)
FN:74,(anonymous_1)
FN:78,(anonymous_2)
FN:106,(anonymous_3)
FN:136,(anonymous_4)
FN:140,(anonymous_5)
FN:147,(anonymous_6)
FN:160,(anonymous_7)
FN:172,(anonymous_8)
FN:183,(anonymous_9)
FN:194,(anonymous_10)
FN:198,(anonymous_11)
FN:203,(anonymous_12)
FN:218,(anonymous_13)
FN:220,(anonymous_14)
FN:305,(anonymous_15)
FN:319,(anonymous_16)
FN:326,(anonymous_17)
FN:336,(anonymous_18)
FN:435,(anonymous_19)
FN:460,(anonymous_20)
FN:481,(anonymous_21)
FN:489,(anonymous_22)
FNF:23
FNH:0
FNDA:0,(anonymous_0)
FNDA:0,(anonymous_1)
FNDA:0,(anonymous_2)
FNDA:0,(anonymous_3)
FNDA:0,(anonymous_4)
FNDA:0,(anonymous_5)
FNDA:0,(anonymous_6)
FNDA:0,(anonymous_7)
FNDA:0,(anonymous_8)
FNDA:0,(anonymous_9)
FNDA:0,(anonymous_10)
FNDA:0,(anonymous_11)
FNDA:0,(anonymous_12)
FNDA:0,(anonymous_13)
FNDA:0,(anonymous_14)
FNDA:0,(anonymous_15)
FNDA:0,(anonymous_16)
FNDA:0,(anonymous_17)
FNDA:0,(anonymous_18)
FNDA:0,(anonymous_19)
FNDA:0,(anonymous_20)
FNDA:0,(anonymous_21)
FNDA:0,(anonymous_22)
DA:50,0
DA:60,0
DA:61,0
DA:62,0
DA:63,0
DA:64,0
DA:65,0
DA:66,0
DA:67,0
DA:68,0
DA:69,0
DA:70,0
DA:71,0
DA:72,0
DA:74,0
DA:75,0
DA:78,0
DA:79,0
DA:80,0
DA:87,0
DA:106,0
DA:119,0
DA:125,0
DA:126,0
DA:127,0
DA:128,0
DA:129,0
DA:131,0
DA:132,0
DA:136,0
DA:137,0
DA:140,0
DA:141,0
DA:142,0
DA:143,0
DA:147,0
DA:148,0
DA:150,0
DA:151,0
DA:152,0
DA:154,0
DA:156,0
DA:160,0
DA:161,0
DA:163,0
DA:164,0
DA:166,0
DA:168,0
DA:172,0
DA:173,0
DA:175,0
DA:177,0
DA:179,0
DA:183,0
DA:184,0
DA:186,0
DA:188,0
DA:190,0
DA:194,0
DA:195,0
DA:198,0
DA:199,0
DA:200,0
DA:203,0
DA:204,0
DA:206,0
DA:208,0
DA:210,0
DA:212,0
DA:214,0
DA:218,0
DA:219,0
DA:220,0
DA:233,0
DA:246,0
DA:247,0
DA:254,0
DA:305,0
DA:319,0
DA:326,0
DA:336,0
DA:436,0
DA:461,0
DA:481,0
DA:489,0
LF:85
LH:0
BRDA:142,0,0,0
BRDA:142,0,1,0
BRDA:204,1,0,0
BRDA:204,1,1,0
BRDA:204,1,2,0
BRDA:204,1,3,0
BRDA:204,1,4,0
BRDA:246,2,0,0
BRDA:246,2,1,0
BRDA:258,3,0,0
BRDA:258,3,1,0
BRDA:261,4,0,0
BRDA:261,4,1,0
BRDA:286,5,0,0
BRDA:286,5,1,0
BRDA:290,6,0,0
BRDA:290,6,1,0
BRDA:292,7,0,0
BRDA:292,7,1,0
BRDA:314,8,0,0
BRDA:314,8,1,0
BRDA:333,9,0,0
BRDA:333,9,1,0
BRDA:353,10,0,0
BRDA:353,10,1,0
BRDA:420,11,0,0
BRDA:420,11,1,0
BRDA:438,12,0,0
BRDA:438,12,1,0
BRDA:439,13,0,0
BRDA:439,13,1,0
BRDA:457,14,0,0
BRDA:457,14,1,0
BRDA:470,15,0,0
BRDA:470,15,1,0
BRF:35
BRH:0
end_of_record
TN:
SF:src/pages/Experiments.js
FN:23,(anonymous_0)
FN:42,(anonymous_1)
FN:47,(anonymous_2)
FN:101,(anonymous_3)
FN:127,(anonymous_4)
FN:151,(anonymous_5)
FN:172,(anonymous_6)
FN:183,(anonymous_7)
FN:188,(anonymous_8)
FN:192,(anonymous_9)
FN:209,(anonymous_10)
FN:233,(anonymous_11)
FN:240,(anonymous_12)
FN:247,(anonymous_13)
FN:257,(anonymous_14)
FN:259,(anonymous_15)
FN:269,(anonymous_16)
FN:271,(anonymous_17)
FN:279,(anonymous_18)
FN:288,(anonymous_19)
FNF:20
FNH:0
FNDA:0,(anonymous_0)
FNDA:0,(anonymous_1)
FNDA:0,(anonymous_2)
FNDA:0,(anonymous_3)
FNDA:0,(anonymous_4)
FNDA:0,(anonymous_5)
FNDA:0,(anonymous_6)
FNDA:0,(anonymous_7)
FNDA:0,(anonymous_8)
FNDA:0,(anonymous_9)
FNDA:0,(anonymous_10)
FNDA:0,(anonymous_11)
FNDA:0,(anonymous_12)
FNDA:0,(anonymous_13)
FNDA:0,(anonymous_14)
FNDA:0,(anonymous_15)
FNDA:0,(anonymous_16)
FNDA:0,(anonymous_17)
FNDA:0,(anonymous_18)
FNDA:0,(anonymous_19)
DA:23,0
DA:24,0
DA:25,0
DA:26,0
DA:27,0
DA:28,0
DA:29,0
DA:30,0
DA:42,0
DA:43,0
DA:44,0
DA:47,0
DA:48,0
DA:49,0
DA:52,0
DA:93,0
DA:94,0
DA:96,0
DA:97,0
DA:101,0
DA:102,0
DA:108,0
DA:114,0
DA:120,0
DA:121,0
DA:123,0
DA:127,0
DA:128,0
DA:130,0
DA:131,0
DA:133,0
DA:135,0
DA:147,0
DA:151,0
DA:152,0
DA:154,0
DA:156,0
DA:158,0
DA:160,0
DA:164,0
DA:173,0
DA:183,0
DA:189,0
DA:192,0
DA:200,0
DA:209,0
DA:233,0
DA:240,0
DA:247,0
DA:257,0
DA:260,0
DA:269,0
DA:272,0
DA:279,0
DA:288,0
LF:55
LH:0
BRDA:152,0,0,0
BRDA:152,0,1,0
BRDA:152,0,2,0
BRDA:152,0,3,0
BRDA:216,1,0,0
BRDA:216,1,1,0
BRDA:293,2,0,0
BRDA:293,2,1,0
BRDA:293,2,2,0
BRF:9
BRH:0
end_of_record
TN:
SF:src/pages/Login.js
FN:22,(anonymous_0)
FN:33,(anonymous_1)
FN:49,(anonymous_2)
FN:62,(anonymous_3)
FN:72,(anonymous_4)
FN:83,(anonymous_5)
FNF:6
FNH:0
FNDA:0,(anonymous_0)
FNDA:0,(anonymous_1)
FNDA:0,(anonymous_2)
FNDA:0,(anonymous_3)
FNDA:0,(anonymous_4)
FNDA:0,(anonymous_5)
DA:22,0
DA:23,0
DA:24,0
DA:25,0
DA:26,0
DA:27,0
DA:30,0
DA:33,0
DA:34,0
DA:42,0
DA:43,0
DA:44,0
DA:49,0
DA:50,0
DA:51,0
DA:53,0
DA:55,0
DA:57,0
DA:62,0
DA:63,0
DA:65,0
DA:66,0
DA:68,0
DA:72,0
DA:73,0
DA:74,0
DA:75,0
DA:78,0
DA:79,0
DA:83,0
DA:85,0
DA:89,0
DA:90,0
DA:95,0
DA:97,0
LF:35
LH:0
BRDA:30,0,0,0
BRDA:30,0,1,0
BRDA:42,1,0,0
BRDA:42,1,1,0
BRDA:42,2,0,0
BRDA:42,2,1,0
BRDA:51,3,0,0
BRDA:51,3,1,0
BRDA:51,4,0,0
BRDA:51,4,1,0
BRDA:63,5,0,0
BRDA:63,5,1,0
BRDA:63,6,0,0
BRDA:63,6,1,0
BRDA:66,7,0,0
BRDA:66,7,1,0
BRDA:89,8,0,0
BRDA:89,8,1,0
BRDA:95,9,0,0
BRDA:95,9,1,0
BRDA:116,10,0,0
BRDA:116,10,1,0
BRDA:116,10,2,0
BRDA:122,11,0,0
BRDA:122,11,1,0
BRDA:129,12,0,0
BRDA:129,12,1,0
BRDA:140,13,0,0
BRDA:140,13,1,0
BRDA:150,14,0,0
BRDA:150,14,1,0
BRDA:185,15,0,0
BRDA:185,15,1,0
BRDA:204,16,0,0
BRDA:204,16,1,0
BRDA:221,17,0,0
BRDA:221,17,1,0
BRF:37
BRH:0
end_of_record
TN:
SF:src/pages/Models.js
FN:16,(anonymous_0)
FN:21,(anonymous_1)
FN:22,(anonymous_2)
FN:44,(anonymous_3)
FN:88,(anonymous_4)
FN:102,(anonymous_5)
FN:122,(anonymous_6)
FNF:7
FNH:0
FNDA:0,(anonymous_0)
FNDA:0,(anonymous_1)
FNDA:0,(anonymous_2)
FNDA:0,(anonymous_3)
FNDA:0,(anonymous_4)
FNDA:0,(anonymous_5)
FNDA:0,(anonymous_6)
DA:16,0
DA:17,0
DA:18,0
DA:19,0
DA:21,0
DA:22,0
DA:23,0
DA:24,0
DA:25,0
DA:26,0
DA:27,0
DA:29,0
DA:31,0
DA:33,0
DA:34,0
DA:36,0
DA:40,0
DA:44,0
DA:45,0
DA:46,0
DA:47,0
DA:49,0
DA:50,0
DA:54,0
DA:62,0
DA:63,0
DA:70,0
DA:89,0
DA:103,0
DA:123,0
LF:30
LH:0
BRDA:26,0,0,0
BRDA:26,0,1,0
BRDA:26,1,0,0
BRDA:26,1,1,0
BRDA:45,2,0,0
BRDA:45,2,1,0
BRDA:46,3,0,0
BRDA:46,3,1,0
BRDA:62,4,0,0
BRDA:62,4,1,0
BRDA:76,5,0,0
BRDA:76,5,1,0
BRDA:82,6,0,0
BRDA:82,6,1,0
BRDA:82,6,2,0
BRDA:82,6,3,0
BRDA:92,7,0,0
BRDA:92,7,1,0
BRDA:94,8,0,0
BRDA:94,8,1,0
BRDA:108,9,0,0
BRDA:108,9,1,0
BRDA:118,10,0,0
BRDA:118,10,1,0
BRDA:118,11,0,0
BRDA:118,11,1,0
BRDA:122,12,0,0
BRDA:122,12,1,0
BRF:28
BRH:0
end_of_record
TN:
SF:src/pages/NotFound.js
FN:5,(anonymous_0)
FNF:1
FNH:0
FNDA:0,(anonymous_0)
DA:5,0
DA:6,0
LF:2
LH:0
BRF:0
BRH:0
end_of_record
TN:
SF:src/pages/Playground.js
FN:45,(anonymous_0)
FN:77,(anonymous_1)
FN:81,(anonymous_2)
FN:128,(anonymous_3)
FN:198,(anonymous_4)
FN:217,(anonymous_5)
FN:269,(anonymous_6)
FN:314,(anonymous_7)
FN:330,(anonymous_8)
FN:338,(anonymous_9)
FN:381,(anonymous_10)
FN:409,(anonymous_11)
FN:415,(anonymous_12)
FN:430,(anonymous_13)
FN:438,(anonymous_14)
FN:449,(anonymous_15)
FN:461,(anonymous_16)
FN:475,(anonymous_17)
FN:480,(anonymous_18)
FN:493,(anonymous_19)
FN:526,(anonymous_20)
FN:527,(anonymous_21)
FN:551,(anonymous_22)
FN:567,(anonymous_23)
FN:572,(anonymous_24)
FN:579,(anonymous_25)
FN:589,(anonymous_26)
FN:593,(anonymous_27)
FN:597,(anonymous_28)
FN:601,(anonymous_29)
FN:628,(anonymous_30)
FN:661,(anonymous_31)
FN:705,(anonymous_32)
FN:738,(anonymous_33)
FN:777,(anonymous_34)
FN:788,(anonymous_35)
FN:831,(anonymous_36)
FN:1012,(anonymous_37)
FN:1033,(anonymous_38)
FN:1041,(anonymous_39)
FN:1066,(anonymous_40)
FN:1073,(anonymous_41)
FN:1091,(anonymous_42)
FN:1095,(anonymous_43)
FN:1111,(anonymous_44)
FN:1216,(anonymous_45)
FN:1235,(anonymous_46)
FN:1287,(anonymous_47)
FN:1339,(anonymous_48)
FN:1365,(anonymous_49)
FN:1374,(anonymous_50)
FN:1392,(anonymous_51)
FN:1419,(anonymous_52)
FN:1445,(anonymous_53)
FN:1458,(anonymous_54)
FN:1492,(anonymous_55)
FN:1621,(anonymous_56)
FN:1640,(anonymous_57)
FN:1648,(anonymous_58)
FN:1700,(anonymous_59)
FN:1728,(anonymous_60)
FN:1753,(anonymous_61)
FN:1784,(anonymous_62)
FNF:63
FNH:0
FNDA:0,(anonymous_0)
FNDA:0,(anonymous_1)
FNDA:0,(anonymous_2)
FNDA:0,(anonymous_3)
FNDA:0,(anonymous_4)
FNDA:0,(anonymous_5)
FNDA:0,(anonymous_6)
FNDA:0,(anonymous_7)
FNDA:0,(anonymous_8)
FNDA:0,(anonymous_9)
FNDA:0,(anonymous_10)
FNDA:0,(anonymous_11)
FNDA:0,(anonymous_12)
FNDA:0,(anonymous_13)
FNDA:0,(anonymous_14)
FNDA:0,(anonymous_15)
FNDA:0,(anonymous_16)
FNDA:0,(anonymous_17)
FNDA:0,(anonymous_18)
FNDA:0,(anonymous_19)
FNDA:0,(anonymous_20)
FNDA:0,(anonymous_21)
FNDA:0,(anonymous_22)
FNDA:0,(anonymous_23)
FNDA:0,(anonymous_24)
FNDA:0,(anonymous_25)
FNDA:0,(anonymous_26)
FNDA:0,(anonymous_27)
FNDA:0,(anonymous_28)
FNDA:0,(anonymous_29)
FNDA:0,(anonymous_30)
FNDA:0,(anonymous_31)
FNDA:0,(anonymous_32)
FNDA:0,(anonymous_33)
FNDA:0,(anonymous_34)
FNDA:0,(anonymous_35)
FNDA:0,(anonymous_36)
FNDA:0,(anonymous_37)
FNDA:0,(anonymous_38)
FNDA:0,(anonymous_39)
FNDA:0,(anonymous_40)
FNDA:0,(anonymous_41)
FNDA:0,(anonymous_42)
FNDA:0,(anonymous_43)
FNDA:0,(anonymous_44)
FNDA:0,(anonymous_45)
FNDA:0,(anonymous_46)
FNDA:0,(anonymous_47)
FNDA:0,(anonymous_48)
FNDA:0,(anonymous_49)
FNDA:0,(anonymous_50)
FNDA:0,(anonymous_51)
FNDA:0,(anonymous_52)
FNDA:0,(anonymous_53)
FNDA:0,(anonymous_54)
FNDA:0,(anonymous_55)
FNDA:0,(anonymous_56)
FNDA:0,(anonymous_57)
FNDA:0,(anonymous_58)
FNDA:0,(anonymous_59)
FNDA:0,(anonymous_60)
FNDA:0,(anonymous_61)
FNDA:0,(anonymous_62)
DA:42,0
DA:45,0
DA:52,0
DA:78,0
DA:81,0
DA:128,0
DA:142,0
DA:199,0
DA:217,0
DA:269,0
DA:314,0
DA:316,0
DA:319,0
DA:320,0
DA:326,0
DA:330,0
DA:331,0
DA:332,0
DA:338,0
DA:340,0
DA:341,0
DA:345,0
DA:362,0
DA:363,0
DA:372,0
DA:373,0
DA:378,0
DA:381,0
DA:382,0
DA:383,0
DA:384,0
DA:385,0
DA:386,0
DA:387,0
DA:388,0
DA:389,0
DA:390,0
DA:391,0
DA:392,0
DA:393,0
DA:394,0
DA:395,0
DA:396,0
DA:397,0
DA:398,0
DA:399,0
DA:400,0
DA:403,0
DA:404,0
DA:405,0
DA:406,0
DA:409,0
DA:410,0
DA:411,0
DA:415,0
DA:416,0
DA:417,0
DA:418,0
DA:419,0
DA:420,0
DA:423,0
DA:424,0
DA:426,0
DA:430,0
DA:431,0
DA:432,0
DA:433,0
DA:434,0
DA:438,0
DA:439,0
DA:440,0
DA:441,0
DA:443,0
DA:444,0
DA:445,0
DA:449,0
DA:450,0
DA:451,0
DA:453,0
DA:455,0
DA:456,0
DA:457,0
DA:461,0
DA:462,0
DA:463,0
DA:464,0
DA:466,0
DA:468,0
DA:470,0
DA:471,0
DA:474,0
DA:475,0
DA:479,0
DA:480,0
DA:481,0
DA:482,0
DA:483,0
DA:485,0
DA:486,0
DA:489,0
DA:491,0
DA:493,0
DA:495,0
DA:496,0
DA:498,0
DA:499,0
DA:503,0
DA:504,0
DA:507,0
DA:511,0
DA:512,0
DA:516,0
DA:517,0
DA:518,0
DA:521,0
DA:522,0
DA:523,0
DA:526,0
DA:527,0
DA:529,0
DA:530,0
DA:531,0
DA:536,0
DA:537,0
DA:538,0
DA:539,0
DA:541,0
DA:544,0
DA:546,0
DA:547,0
DA:548,0
DA:551,0
DA:552,0
DA:555,0
DA:560,0
DA:561,0
DA:563,0
DA:567,0
DA:568,0
DA:569,0
DA:571,0
DA:572,0
DA:573,0
DA:575,0
DA:579,0
DA:580,0
DA:581,0
DA:583,0
DA:585,0
DA:589,0
DA:590,0
DA:593,0
DA:594,0
DA:597,0
DA:598,0
DA:601,0
DA:602,0
DA:603,0
DA:604,0
DA:607,0
DA:608,0
DA:614,0
DA:617,0
DA:620,0
DA:621,0
DA:623,0
DA:624,0
DA:628,0
DA:629,0
DA:630,0
DA:631,0
DA:634,0
DA:642,0
DA:643,0
DA:645,0
DA:647,0
DA:648,0
DA:649,0
DA:650,0
DA:653,0
DA:654,0
DA:655,0
DA:656,0
DA:659,0
DA:661,0
DA:662,0
DA:663,0
DA:664,0
DA:665,0
DA:669,0
DA:672,0
DA:674,0
DA:675,0
DA:676,0
DA:680,0
DA:692,0
DA:693,0
DA:694,0
DA:696,0
DA:698,0
DA:699,0
DA:702,0
DA:705,0
DA:706,0
DA:707,0
DA:708,0
DA:709,0
DA:711,0
DA:716,0
DA:719,0
DA:728,0
DA:730,0
DA:731,0
DA:734,0
DA:735,0
DA:738,0
DA:739,0
DA:740,0
DA:741,0
DA:743,0
DA:748,0
DA:751,0
DA:753,0
DA:756,0
DA:759,0
DA:760,0
DA:761,0
DA:762,0
DA:763,0
DA:765,0
DA:767,0
DA:768,0
DA:771,0
DA:772,0
DA:773,0
DA:777,0
DA:778,0
DA:781,0
DA:784,0
DA:788,0
DA:790,0
DA:791,0
DA:794,0
DA:797,0
DA:809,0
DA:810,0
DA:811,0
DA:814,0
DA:816,0
DA:817,0
DA:824,0
DA:826,0
DA:829,0
DA:831,0
DA:832,0
DA:835,0
DA:836,0
DA:839,0
DA:859,0
DA:860,0
DA:868,0
DA:882,0
DA:885,0
DA:886,0
DA:895,0
DA:901,0
DA:902,0
DA:903,0
DA:909,0
DA:910,0
DA:911,0
DA:913,0
DA:922,0
DA:923,0
DA:924,0
DA:927,0
DA:928,0
DA:929,0
DA:931,0
DA:933,0
DA:934,0
DA:942,0
DA:947,0
DA:948,0
DA:949,0
DA:951,0
DA:960,0
DA:961,0
DA:962,0
DA:965,0
DA:966,0
DA:967,0
DA:969,0
DA:971,0
DA:972,0
DA:980,0
DA:985,0
DA:986,0
DA:987,0
DA:988,0
DA:991,0
DA:992,0
DA:993,0
DA:995,0
DA:997,0
DA:998,0
DA:1002,0
DA:1003,0
DA:1008,0
DA:1012,0
DA:1013,0
DA:1014,0
DA:1017,0
DA:1019,0
DA:1020,0
DA:1023,0
DA:1024,0
DA:1027,0
DA:1028,0
DA:1029,0
DA:1033,0
DA:1034,0
DA:1035,0
DA:1037,0
DA:1041,0
DA:1042,0
DA:1044,0
DA:1052,0
DA:1055,0
DA:1056,0
DA:1059,0
DA:1060,0
DA:1062,0
DA:1066,0
DA:1067,0
DA:1068,0
DA:1069,0
DA:1070,0
DA:1073,0
DA:1074,0
DA:1075,0
DA:1078,0
DA:1079,0
DA:1083,0
DA:1085,0
DA:1086,0
DA:1091,0
DA:1092,0
DA:1093,0
DA:1095,0
DA:1096,0
DA:1099,0
DA:1102,0
DA:1104,0
DA:1105,0
DA:1111,0
DA:1112,0
DA:1120,0
DA:1121,0
DA:1128,0
DA:1129,0
DA:1138,0
DA:1217,0
DA:1235,0
DA:1287,0
DA:1339,0
DA:1366,0
DA:1374,0
DA:1392,0
DA:1420,0
DA:1445,0
DA:1458,0
DA:1492,0
DA:1622,0
DA:1640,0
DA:1648,0
DA:1701,0
DA:1729,0
DA:1730,0
DA:1753,0
DA:1784,0
LF:381
LH:0
BRDA:42,0,0,0
BRDA:42,0,1,0
BRDA:72,1,0,0
BRDA:72,1,1,0
BRDA:76,2,0,0
BRDA:76,2,1,0
BRDA:86,3,0,0
BRDA:86,3,1,0
BRDA:97,4,0,0
BRDA:97,4,1,0
BRDA:155,5,0,0
BRDA:155,5,1,0
BRDA:157,6,0,0
BRDA:157,6,1,0
BRDA:160,7,0,0
BRDA:160,7,1,0
BRDA:175,8,0,0
BRDA:175,8,1,0
BRDA:198,9,0,0
BRDA:198,9,1,0
BRDA:200,10,0,0
BRDA:200,10,1,0
BRDA:223,11,0,0
BRDA:223,11,1,0
BRDA:227,12,0,0
BRDA:227,12,1,0
BRDA:275,13,0,0
BRDA:275,13,1,0
BRDA:279,14,0,0
BRDA:279,14,1,0
BRDA:319,15,0,0
BRDA:319,15,1,0
BRDA:319,16,0,0
BRDA:319,16,1,0
BRDA:331,17,0,0
BRDA:331,17,1,0
BRDA:332,18,0,0
BRDA:332,18,1,0
BRDA:332,18,2,0
BRDA:340,19,0,0
BRDA:340,19,1,0
BRDA:340,20,0,0
BRDA:340,20,1,0
BRDA:340,20,2,0
BRDA:362,21,0,0
BRDA:362,21,1,0
BRDA:362,22,0,0
BRDA:362,22,1,0
BRDA:372,23,0,0
BRDA:372,23,1,0
BRDA:378,24,0,0
BRDA:378,24,1,0
BRDA:410,25,0,0
BRDA:410,25,1,0
BRDA:419,26,0,0
BRDA:419,26,1,0
BRDA:419,27,0,0
BRDA:419,27,1,0
BRDA:431,28,0,0
BRDA:431,28,1,0
BRDA:441,29,0,0
BRDA:441,29,1,0
BRDA:453,30,0,0
BRDA:453,30,1,0
BRDA:466,31,0,0
BRDA:466,31,1,0
BRDA:470,32,0,0
BRDA:470,32,1,0
BRDA:470,33,0,0
BRDA:470,33,1,0
BRDA:470,33,2,0
BRDA:475,34,0,0
BRDA:475,34,1,0
BRDA:481,35,0,0
BRDA:481,35,1,0
BRDA:491,36,0,0
BRDA:491,36,1,0
BRDA:495,37,0,0
BRDA:495,37,1,0
BRDA:496,38,0,0
BRDA:496,38,1,0
BRDA:498,39,0,0
BRDA:498,39,1,0
BRDA:504,40,0,0
BRDA:504,40,1,0
BRDA:505,41,0,0
BRDA:505,41,1,0
BRDA:506,42,0,0
BRDA:506,42,1,0
BRDA:507,43,0,0
BRDA:507,43,1,0
BRDA:508,44,0,0
BRDA:508,44,1,0
BRDA:509,45,0,0
BRDA:509,45,1,0
BRDA:511,46,0,0
BRDA:511,46,1,0
BRDA:512,47,0,0
BRDA:512,47,1,0
BRDA:512,48,0,0
BRDA:512,48,1,0
BRDA:516,49,0,0
BRDA:516,49,1,0
BRDA:517,50,0,0
BRDA:517,50,1,0
BRDA:544,51,0,0
BRDA:544,51,1,0
BRDA:555,52,0,0
BRDA:555,52,1,0
BRDA:555,53,0,0
BRDA:555,53,1,0
BRDA:571,54,0,0
BRDA:571,54,1,0
BRDA:573,55,0,0
BRDA:573,55,1,0
BRDA:583,56,0,0
BRDA:583,56,1,0
BRDA:602,57,0,0
BRDA:602,57,1,0
BRDA:602,58,0,0
BRDA:602,58,1,0
BRDA:638,59,0,0
BRDA:638,59,1,0
BRDA:647,60,0,0
BRDA:647,60,1,0
BRDA:653,61,0,0
BRDA:653,61,1,0
BRDA:662,62,0,0
BRDA:662,62,1,0
BRDA:675,63,0,0
BRDA:675,63,1,0
BRDA:696,64,0,0
BRDA:696,64,1,0
BRDA:730,65,0,0
BRDA:730,65,1,0
BRDA:751,66,0,0
BRDA:751,66,1,0
BRDA:751,67,0,0
BRDA:751,67,1,0
BRDA:751,67,2,0
BRDA:759,68,0,0
BRDA:759,68,1,0
BRDA:759,69,0,0
BRDA:759,69,1,0
BRDA:760,70,0,0
BRDA:760,70,1,0
BRDA:762,71,0,0
BRDA:762,71,1,0
BRDA:767,72,0,0
BRDA:767,72,1,0
BRDA:772,73,0,0
BRDA:772,73,1,0
BRDA:781,74,0,0
BRDA:781,74,1,0
BRDA:788,75,0,0
BRDA:794,76,0,0
BRDA:794,76,1,0
BRDA:803,77,0,0
BRDA:803,77,1,0
BRDA:806,78,0,0
BRDA:806,78,1,0
BRDA:809,79,0,0
BRDA:809,79,1,0
BRDA:814,80,0,0
BRDA:814,80,1,0
BRDA:814,81,0,0
BRDA:814,81,1,0
BRDA:814,81,2,0
BRDA:820,82,0,0
BRDA:820,82,1,0
BRDA:821,83,0,0
BRDA:821,83,1,0
BRDA:822,84,0,0
BRDA:822,84,1,0
BRDA:835,85,0,0
BRDA:835,85,1,0
BRDA:835,85,2,0
BRDA:836,86,0,0
BRDA:836,86,1,0
BRDA:851,87,0,0
BRDA:851,87,1,0
BRDA:851,87,2,0
BRDA:852,88,0,0
BRDA:852,88,1,0
BRDA:852,88,2,0
BRDA:853,89,0,0
BRDA:853,89,1,0
BRDA:853,89,2,0
BRDA:859,90,0,0
BRDA:859,90,1,0
BRDA:859,91,0,0
BRDA:859,91,1,0
BRDA:871,92,0,0
BRDA:871,92,1,0
BRDA:872,93,0,0
BRDA:872,93,1,0
BRDA:888,94,0,0
BRDA:888,94,1,0
BRDA:889,95,0,0
BRDA:889,95,1,0
BRDA:890,96,0,0
BRDA:890,96,1,0
BRDA:891,97,0,0
BRDA:891,97,1,0
BRDA:897,98,0,0
BRDA:897,98,1,0
BRDA:898,99,0,0
BRDA:898,99,1,0
BRDA:901,100,0,0
BRDA:901,100,1,0
BRDA:911,101,0,0
BRDA:911,101,1,0
BRDA:922,102,0,0
BRDA:922,102,1,0
BRDA:928,103,0,0
BRDA:928,103,1,0
BRDA:928,104,0,0
BRDA:928,104,1,0
BRDA:949,105,0,0
BRDA:949,105,1,0
BRDA:960,106,0,0
BRDA:960,106,1,0
BRDA:966,107,0,0
BRDA:966,107,1,0
BRDA:966,108,0,0
BRDA:966,108,1,0
BRDA:992,109,0,0
BRDA:992,109,1,0
BRDA:992,110,0,0
BRDA:992,110,1,0
BRDA:1008,111,0,0
BRDA:1008,111,1,0
BRDA:1019,112,0,0
BRDA:1019,112,1,0
BRDA:1023,113,0,0
BRDA:1023,113,1,0
BRDA:1027,114,0,0
BRDA:1027,114,1,0
BRDA:1028,115,0,0
BRDA:1028,115,1,0
BRDA:1029,116,0,0
BRDA:1029,116,1,0
BRDA:1034,117,0,0
BRDA:1034,117,1,0
BRDA:1042,118,0,0
BRDA:1042,118,1,0
BRDA:1047,119,0,0
BRDA:1047,119,1,0
BRDA:1048,120,0,0
BRDA:1048,120,1,0
BRDA:1049,121,0,0
BRDA:1049,121,1,0
BRDA:1078,122,0,0
BRDA:1078,122,1,0
BRDA:1092,123,0,0
BRDA:1092,123,1,0
BRDA:1120,124,0,0
BRDA:1120,124,1,0
BRDA:1128,125,0,0
BRDA:1128,125,1,0
BRDA:1173,126,0,0
BRDA:1173,126,1,0
BRDA:1175,127,0,0
BRDA:1175,127,1,0
BRDA:1178,128,0,0
BRDA:1178,128,1,0
BRDA:1193,129,0,0
BRDA:1193,129,1,0
BRDA:1216,130,0,0
BRDA:1216,130,1,0
BRDA:1218,131,0,0
BRDA:1218,131,1,0
BRDA:1241,132,0,0
BRDA:1241,132,1,0
BRDA:1245,133,0,0
BRDA:1245,133,1,0
BRDA:1293,134,0,0
BRDA:1293,134,1,0
BRDA:1297,135,0,0
BRDA:1297,135,1,0
BRDA:1345,136,0,0
BRDA:1345,136,1,0
BRDA:1349,137,0,0
BRDA:1349,137,1,0
BRDA:1365,138,0,0
BRDA:1365,138,1,0
BRDA:1382,139,0,0
BRDA:1382,139,1,0
BRDA:1419,140,0,0
BRDA:1419,140,1,0
BRDA:1450,141,0,0
BRDA:1450,141,1,0
BRDA:1451,142,0,0
BRDA:1451,142,1,0
BRDA:1452,143,0,0
BRDA:1452,143,1,0
BRDA:1463,144,0,0
BRDA:1463,144,1,0
BRDA:1464,145,0,0
BRDA:1464,145,1,0
BRDA:1465,146,0,0
BRDA:1465,146,1,0
BRDA:1476,147,0,0
BRDA:1476,147,1,0
BRDA:1501,148,0,0
BRDA:1501,148,1,0
BRDA:1510,149,0,0
BRDA:1510,149,1,0
BRDA:1510,149,2,0
BRDA:1524,150,0,0
BRDA:1524,150,1,0
BRDA:1531,151,0,0
BRDA:1531,151,1,0
BRDA:1531,151,2,0
BRDA:1543,152,0,0
BRDA:1543,152,1,0
BRDA:1543,153,0,0
BRDA:1543,153,1,0
BRDA:1562,154,0,0
BRDA:1562,154,1,0
BRDA:1579,155,0,0
BRDA:1579,155,1,0
BRDA:1579,155,2,0
BRDA:1579,155,3,0
BRDA:1605,156,0,0
BRDA:1605,156,1,0
BRDA:1620,157,0,0
BRDA:1620,157,1,0
BRDA:1629,158,0,0
BRDA:1629,158,1,0
BRDA:1634,159,0,0
BRDA:1634,159,1,0
BRDA:1665,160,0,0
BRDA:1665,160,1,0
BRDA:1673,161,0,0
BRDA:1673,161,1,0
BRDA:1681,162,0,0
BRDA:1681,162,1,0
BRDA:1689,163,0,0
BRDA:1689,163,1,0
BRDA:1699,164,0,0
BRDA:1699,164,1,0
BRDA:1703,165,0,0
BRDA:1703,165,1,0
BRDA:1703,166,0,0
BRDA:1703,166,1,0
BRDA:1704,167,0,0
BRDA:1704,167,1,0
BRDA:1766,168,0,0
BRDA:1766,168,1,0
BRDA:1784,169,0,0
BRDA:1784,169,1,0
BRF:352
BRH:0
end_of_record
TN:
SF:src/pages/PromptDetail.js
FN:22,(anonymous_0)
FN:33,(anonymous_1)
FN:64,(anonymous_2)
FN:68,(anonymous_3)
FN:72,(anonymous_4)
FN:79,(anonymous_5)
FN:92,(anonymous_6)
FN:141,(anonymous_7)
FN:155,(anonymous_8)
FN:162,(anonymous_9)
FN:170,(anonymous_10)
FN:218,(anonymous_11)
FN:242,(anonymous_12)
FN:250,(anonymous_13)
FNF:14
FNH:0
FNDA:0,(anonymous_0)
FNDA:0,(anonymous_1)
FNDA:0,(anonymous_2)
FNDA:0,(anonymous_3)
FNDA:0,(anonymous_4)
FNDA:0,(anonymous_5)
FNDA:0,(anonymous_6)
FNDA:0,(anonymous_7)
FNDA:0,(anonymous_8)
FNDA:0,(anonymous_9)
FNDA:0,(anonymous_10)
FNDA:0,(anonymous_11)
FNDA:0,(anonymous_12)
FNDA:0,(anonymous_13)
DA:22,0
DA:23,0
DA:24,0
DA:25,0
DA:26,0
DA:27,0
DA:28,0
DA:29,0
DA:30,0
DA:31,0
DA:33,0
DA:34,0
DA:35,0
DA:41,0
DA:51,0
DA:52,0
DA:53,0
DA:58,0
DA:60,0
DA:64,0
DA:65,0
DA:68,0
DA:69,0
DA:72,0
DA:73,0
DA:74,0
DA:75,0
DA:79,0
DA:80,0
DA:82,0
DA:83,0
DA:84,0
DA:86,0
DA:88,0
DA:92,0
DA:93,0
DA:95,0
DA:96,0
DA:98,0
DA:100,0
DA:104,0
DA:105,0
DA:112,0
DA:141,0
DA:155,0
DA:162,0
DA:170,0
DA:219,0
DA:242,0
DA:250,0
LF:50
LH:0
BRDA:74,0,0,0
BRDA:74,0,1,0
BRDA:104,1,0,0
BRDA:104,1,1,0
BRDA:116,2,0,0
BRDA:116,2,1,0
BRDA:122,3,0,0
BRDA:122,3,1,0
BRDA:126,4,0,0
BRDA:126,4,1,0
BRDA:128,5,0,0
BRDA:128,5,1,0
BRDA:150,6,0,0
BRDA:150,6,1,0
BRDA:183,7,0,0
BRDA:183,7,1,0
BRDA:213,8,0,0
BRDA:213,8,1,0
BRF:18
BRH:0
end_of_record
TN:
SF:src/pages/Prompts.js
FN:22,(anonymous_0)
FN:34,(anonymous_1)
FN:38,(anonymous_2)
FN:67,(anonymous_3)
FN:91,(anonymous_4)
FN:92,(anonymous_5)
FN:97,(anonymous_6)
FN:101,(anonymous_7)
FN:118,(anonymous_8)
FN:142,(anonymous_9)
FN:149,(anonymous_10)
FN:156,(anonymous_11)
FN:166,(anonymous_12)
FN:176,(anonymous_13)
FN:185,(anonymous_14)
FNF:15
FNH:0
FNDA:0,(anonymous_0)
FNDA:0,(anonymous_1)
FNDA:0,(anonymous_2)
FNDA:0,(anonymous_3)
FNDA:0,(anonymous_4)
FNDA:0,(anonymous_5)
FNDA:0,(anonymous_6)
FNDA:0,(anonymous_7)
FNDA:0,(anonymous_8)
FNDA:0,(anonymous_9)
FNDA:0,(anonymous_10)
FNDA:0,(anonymous_11)
FNDA:0,(anonymous_12)
FNDA:0,(anonymous_13)
FNDA:0,(anonymous_14)
DA:22,0
DA:23,0
DA:24,0
DA:25,0
DA:26,0
DA:27,0
DA:34,0
DA:35,0
DA:38,0
DA:39,0
DA:40,0
DA:42,0
DA:43,0
DA:44,0
DA:45,0
DA:46,0
DA:49,0
DA:53,0
DA:58,0
DA:60,0
DA:61,0
DA:63,0
DA:67,0
DA:68,0
DA:70,0
DA:71,0
DA:73,0
DA:75,0
DA:82,0
DA:86,0
DA:91,0
DA:92,0
DA:98,0
DA:101,0
DA:109,0
DA:118,0
DA:142,0
DA:149,0
DA:156,0
DA:166,0
DA:176,0
DA:185,0
LF:42
LH:0
BRDA:44,0,0,0
BRDA:44,0,1,0
BRDA:44,1,0,0
BRDA:44,1,1,0
BRDA:125,2,0,0
BRDA:125,2,1,0
BRDA:190,3,0,0
BRDA:190,3,1,0
BRF:8
BRH:0
end_of_record
TN:
SF:src/pages/TraceDetail.js
FN:34,(anonymous_0)
FN:52,(anonymous_1)
FN:132,(anonymous_2)
FN:136,(anonymous_3)
FN:143,(anonymous_4)
FN:156,(anonymous_5)
FN:168,(anonymous_6)
FN:188,(anonymous_7)
FN:201,(anonymous_8)
FN:214,(anonymous_9)
FN:265,(anonymous_10)
FN:281,(anonymous_11)
FN:296,(anonymous_12)
FN:343,(anonymous_13)
FN:357,(anonymous_14)
FN:415,(anonymous_15)
FN:422,(anonymous_16)
FN:430,(anonymous_17)
FN:440,(anonymous_18)
FN:449,(anonymous_19)
FN:461,(anonymous_20)
FN:470,(anonymous_21)
FN:479,(anonymous_22)
FN:486,(anonymous_23)
FNF:24
FNH:0
FNDA:0,(anonymous_0)
FNDA:0,(anonymous_1)
FNDA:0,(anonymous_2)
FNDA:0,(anonymous_3)
FNDA:0,(anonymous_4)
FNDA:0,(anonymous_5)
FNDA:0,(anonymous_6)
FNDA:0,(anonymous_7)
FNDA:0,(anonymous_8)
FNDA:0,(anonymous_9)
FNDA:0,(anonymous_10)
FNDA:0,(anonymous_11)
FNDA:0,(anonymous_12)
FNDA:0,(anonymous_13)
FNDA:0,(anonymous_14)
FNDA:0,(anonymous_15)
FNDA:0,(anonymous_16)
FNDA:0,(anonymous_17)
FNDA:0,(anonymous_18)
FNDA:0,(anonymous_19)
FNDA:0,(anonymous_20)
FNDA:0,(anonymous_21)
FNDA:0,(anonymous_22)
FNDA:0,(anonymous_23)
DA:34,0
DA:35,0
DA:36,0
DA:37,0
DA:38,0
DA:39,0
DA:40,0
DA:41,0
DA:42,0
DA:43,0
DA:44,0
DA:52,0
DA:53,0
DA:54,0
DA:60,0
DA:71,0
DA:122,0
DA:123,0
DA:124,0
DA:125,0
DA:127,0
DA:128,0
DA:132,0
DA:133,0
DA:136,0
DA:137,0
DA:138,0
DA:139,0
DA:143,0
DA:144,0
DA:146,0
DA:147,0
DA:148,0
DA:150,0
DA:152,0
DA:156,0
DA:157,0
DA:159,0
DA:160,0
DA:162,0
DA:164,0
DA:168,0
DA:169,0
DA:171,0
DA:172,0
DA:174,0
DA:176,0
DA:184,0
DA:188,0
DA:189,0
DA:191,0
DA:193,0
DA:195,0
DA:197,0
DA:201,0
DA:202,0
DA:204,0
DA:206,0
DA:208,0
DA:210,0
DA:214,0
DA:215,0
DA:217,0
DA:219,0
DA:221,0
DA:223,0
DA:227,0
DA:228,0
DA:235,0
DA:265,0
DA:281,0
DA:296,0
DA:343,0
DA:358,0
DA:415,0
DA:422,0
DA:430,0
DA:440,0
DA:449,0
DA:461,0
DA:470,0
DA:479,0
DA:486,0
LF:83
LH:0
BRDA:138,0,0,0
BRDA:138,0,1,0
BRDA:189,1,0,0
BRDA:189,1,1,0
BRDA:189,1,2,0
BRDA:189,1,3,0
BRDA:202,2,0,0
BRDA:202,2,1,0
BRDA:202,2,2,0
BRDA:202,2,3,0
BRDA:215,3,0,0
BRDA:215,3,1,0
BRDA:215,3,2,0
BRDA:215,3,3,0
BRDA:227,4,0,0
BRDA:227,4,1,0
BRDA:239,5,0,0
BRDA:239,5,1,0
BRDA:250,6,0,0
BRDA:250,6,1,0
BRDA:252,7,0,0
BRDA:252,7,1,0
BRDA:276,8,0,0
BRDA:276,8,1,0
BRDA:291,9,0,0
BRDA:291,9,1,0
BRDA:351,10,0,0
BRDA:351,10,1,0
BRDA:385,11,0,0
BRDA:385,11,1,0
BRDA:401,12,0,0
BRDA:401,12,1,0
BRF:32
BRH:0
end_of_record
TN:
SF:src/pages/Traces.js
FN:23,(anonymous_0)
FN:34,(anonymous_1)
FN:38,(anonymous_2)
FN:94,(anonymous_3)
FN:112,(anonymous_4)
FN:134,(anonymous_5)
FN:143,(anonymous_6)
FN:148,(anonymous_7)
FN:152,(anonymous_8)
FN:169,(anonymous_9)
FN:193,(anonymous_10)
FN:200,(anonymous_11)
FN:207,(anonymous_12)
FN:217,(anonymous_13)
FN:228,(anonymous_14)
FNF:15
FNH:0
FNDA:0,(anonymous_0)
FNDA:0,(anonymous_1)
FNDA:0,(anonymous_2)
FNDA:0,(anonymous_3)
FNDA:0,(anonymous_4)
FNDA:0,(anonymous_5)
FNDA:0,(anonymous_6)
FNDA:0,(anonymous_7)
FNDA:0,(anonymous_8)
FNDA:0,(anonymous_9)
FNDA:0,(anonymous_10)
FNDA:0,(anonymous_11)
FNDA:0,(anonymous_12)
FNDA:0,(anonymous_13)
FNDA:0,(anonymous_14)
DA:23,0
DA:24,0
DA:25,0
DA:26,0
DA:27,0
DA:28,0
DA:34,0
DA:35,0
DA:38,0
DA:39,0
DA:40,0
DA:42,0
DA:43,0
DA:44,0
DA:45,0
DA:46,0
DA:49,0
DA:53,0
DA:85,0
DA:87,0
DA:88,0
DA:90,0
DA:94,0
DA:95,0
DA:97,0
DA:98,0
DA:100,0
DA:102,0
DA:108,0
DA:112,0
DA:113,0
DA:115,0
DA:117,0
DA:119,0
DA:121,0
DA:125,0
DA:135,0
DA:143,0
DA:149,0
DA:152,0
DA:160,0
DA:169,0
DA:193,0
DA:200,0
DA:207,0
DA:217,0
DA:228,0
LF:47
LH:0
BRDA:44,0,0,0
BRDA:44,0,1,0
BRDA:44,1,0,0
BRDA:44,1,1,0
BRDA:113,2,0,0
BRDA:113,2,1,0
BRDA:113,2,2,0
BRDA:113,2,3,0
BRDA:176,3,0,0
BRDA:176,3,1,0
BRF:10
BRH:0
end_of_record
TN:
SF:src/services/api.js
FN:13,(anonymous_0)
FN:24,(anonymous_1)
FN:32,(anonymous_2)
FN:35,(anonymous_3)
FN:49,(anonymous_4)
FN:50,(anonymous_5)
FN:55,(anonymous_6)
FN:56,(anonymous_7)
FN:57,(anonymous_8)
FN:58,(anonymous_9)
FN:59,(anonymous_10)
FN:60,(anonymous_11)
FN:65,(anonymous_12)
FN:66,(anonymous_13)
FN:67,(anonymous_14)
FN:68,(anonymous_15)
FN:69,(anonymous_16)
FN:70,(anonymous_17)
FN:75,(anonymous_18)
FN:76,(anonymous_19)
FN:77,(anonymous_20)
FN:78,(anonymous_21)
FN:79,(anonymous_22)
FN:80,(anonymous_23)
FN:81,(anonymous_24)
FN:82,(anonymous_25)
FN:83,(anonymous_26)
FN:84,(anonymous_27)
FN:91,(anonymous_28)
FN:98,(anonymous_29)
FN:101,(anonymous_30)
FN:102,(anonymous_31)
FN:107,(anonymous_32)
FN:108,(anonymous_33)
FN:109,(anonymous_34)
FN:110,(anonymous_35)
FN:111,(anonymous_36)
FN:112,(anonymous_37)
FN:113,(anonymous_38)
FN:114,(anonymous_39)
FN:115,(anonymous_40)
FN:116,(anonymous_41)
FN:117,(anonymous_42)
FN:118,(anonymous_43)
FN:119,(anonymous_44)
FN:126,(anonymous_45)
FN:127,(anonymous_46)
FN:128,(anonymous_47)
FN:129,(anonymous_48)
FN:130,(anonymous_49)
FN:131,(anonymous_50)
FN:132,(anonymous_51)
FN:133,(anonymous_52)
FN:134,(anonymous_53)
FN:139,(anonymous_54)
FN:140,(anonymous_55)
FN:141,(anonymous_56)
FNF:57
FNH:0
FNDA:0,(anonymous_0)
FNDA:0,(anonymous_1)
FNDA:0,(anonymous_2)
FNDA:0,(anonymous_3)
FNDA:0,(anonymous_4)
FNDA:0,(anonymous_5)
FNDA:0,(anonymous_6)
FNDA:0,(anonymous_7)
FNDA:0,(anonymous_8)
FNDA:0,(anonymous_9)
FNDA:0,(anonymous_10)
FNDA:0,(anonymous_11)
FNDA:0,(anonymous_12)
FNDA:0,(anonymous_13)
FNDA:0,(anonymous_14)
FNDA:0,(anonymous_15)
FNDA:0,(anonymous_16)
FNDA:0,(anonymous_17)
FNDA:0,(anonymous_18)
FNDA:0,(anonymous_19)
FNDA:0,(anonymous_20)
FNDA:0,(anonymous_21)
FNDA:0,(anonymous_22)
FNDA:0,(anonymous_23)
FNDA:0,(anonymous_24)
FNDA:0,(anonymous_25)
FNDA:0,(anonymous_26)
FNDA:0,(anonymous_27)
FNDA:0,(anonymous_28)
FNDA:0,(anonymous_29)
FNDA:0,(anonymous_30)
FNDA:0,(anonymous_31)
FNDA:0,(anonymous_32)
FNDA:0,(anonymous_33)
FNDA:0,(anonymous_34)
FNDA:0,(anonymous_35)
FNDA:0,(anonymous_36)
FNDA:0,(anonymous_37)
FNDA:0,(anonymous_38)
FNDA:0,(anonymous_39)
FNDA:0,(anonymous_40)
FNDA:0,(anonymous_41)
FNDA:0,(anonymous_42)
FNDA:0,(anonymous_43)
FNDA:0,(anonymous_44)
FNDA:0,(anonymous_45)
FNDA:0,(anonymous_46)
FNDA:0,(anonymous_47)
FNDA:0,(anonymous_48)
FNDA:0,(anonymous_49)
FNDA:0,(anonymous_50)
FNDA:0,(anonymous_51)
FNDA:0,(anonymous_52)
FNDA:0,(anonymous_53)
FNDA:0,(anonymous_54)
FNDA:0,(anonymous_55)
FNDA:0,(anonymous_56)
DA:4,0
DA:12,0
DA:14,0
DA:16,0
DA:18,0
DA:19,0
DA:22,0
DA:25,0
DA:26,0
DA:31,0
DA:33,0
DA:36,0
DA:37,0
DA:43,0
DA:48,0
DA:49,0
DA:50,0
DA:54,0
DA:55,0
DA:56,0
DA:57,0
DA:58,0
DA:59,0
DA:60,0
DA:64,0
DA:65,0
DA:66,0
DA:67,0
DA:68,0
DA:69,0
DA:70,0
DA:74,0
DA:75,0
DA:76,0
DA:77,0
DA:78,0
DA:79,0
DA:80,0
DA:81,0
DA:82,0
DA:83,0
DA:85,0
DA:92,0
DA:98,0
DA:101,0
DA:102,0
DA:106,0
DA:107,0
DA:108,0
DA:109,0
DA:110,0
DA:111,0
DA:112,0
DA:113,0
DA:114,0
DA:115,0
DA:116,0
DA:117,0
DA:118,0
DA:119,0
DA:125,0
DA:126,0
DA:127,0
DA:128,0
DA:129,0
DA:130,0
DA:131,0
DA:132,0
DA:133,0
DA:134,0
DA:138,0
DA:139,0
DA:140,0
DA:141,0
DA:145,0
LF:75
LH:0
BRDA:5,0,0,0
BRDA:5,0,1,0
BRDA:16,1,0,0
BRDA:16,1,1,0
BRDA:18,2,0,0
BRDA:18,2,1,0
BRDA:36,3,0,0
BRDA:36,3,1,0
BRF:8
BRH:0
end_of_record
